#-----------------------------------------------------------
# Vivado v2014.2 (64-bit)
# SW Build 932637 on Wed Jun 11 13:30:22 MDT 2014
# IP Build 924643 on Fri May 30 09:20:16 MDT 2014
# Start of session at: Tue Feb 20 17:54:08 2018
# Process ID: 16344
# Log file: C:/Users/Jona/Documents/GitHub/EmbeddedProcessing/Labo1/MicroBlaze_lab1/MicroBlaze_lab1.sdk/webtalk/vivado.log
# Journal file: C:/Users/Jona/Documents/GitHub/EmbeddedProcessing/Labo1/MicroBlaze_lab1/MicroBlaze_lab1.sdk/webtalk\vivado.jou
#-----------------------------------------------------------
source sdk.tcl
# webtalk_init -webtalk_dir C:\\Users\\Jona\\Documents\\GitHub\\EmbeddedProcessing\\Labo1\\MicroBlaze_lab1\\MicroBlaze_lab1.sdk\\webtalk
# webtalk_register_client -client project
# webtalk_add_data -client project -key date_generated -value "di feb 20 17:54:03 2018" -context "software_version_and_target_device"
# webtalk_add_data -client project -key product_version -value "SDK v2014.2" -context "software_version_and_target_device"
# webtalk_add_data -client project -key build_version -value "2014.2" -context "software_version_and_target_device"
# webtalk_add_data -client project -key os_platform -value "amd64" -context "software_version_and_target_device"
# webtalk_add_data -client project -key registration_id -value "211428321_0_0_863" -context "software_version_and_target_device"
# webtalk_add_data -client project -key tool_flow -value "SDK" -context "software_version_and_target_device"
# webtalk_add_data -client project -key beta -value "false" -context "software_version_and_target_device"
# webtalk_add_data -client project -key route_design -value "NA" -context "software_version_and_target_device"
# webtalk_add_data -client project -key target_family -value "NA" -context "software_version_and_target_device"
# webtalk_add_data -client project -key target_device -value "NA" -context "software_version_and_target_device"
# webtalk_add_data -client project -key target_package -value "NA" -context "software_version_and_target_device"
# webtalk_add_data -client project -key target_speed -value "NA" -context "software_version_and_target_device"
# webtalk_add_data -client project -key random_id -value "p0kn7ij49e2fhc08la6pvdsfp9" -context "software_version_and_target_device"
# webtalk_add_data -client project -key project_id -value "2014.2_1" -context "software_version_and_target_device"
# webtalk_add_data -client project -key project_iteration -value "1" -context "software_version_and_target_device"
# webtalk_add_data -client project -key os_name -value "Microsoft Windows 8 or later , 64-bit" -context "user_environment"
# webtalk_add_data -client project -key os_release -value "major release  (build 9200)" -context "user_environment"
# webtalk_add_data -client project -key cpu_name -value "Intel(R) Core(TM) i5-7200U CPU @ 2.50GHz" -context "user_environment"
# webtalk_add_data -client project -key cpu_speed -value "2712 MHz" -context "user_environment"
# webtalk_add_data -client project -key total_processors -value "1" -context "user_environment"
# webtalk_add_data -client project -key system_ram -value "8.000 GB" -context "user_environment"
# webtalk_register_client -client sdk
# webtalk_add_data -client sdk -key uid -value "1519144907992" -context "sdk\\\\hardware/1519144907992"
# webtalk_add_data -client sdk -key isZynq -value "false" -context "sdk\\\\hardware/1519144907992"
# webtalk_add_data -client sdk -key Processors -value "1" -context "sdk\\\\hardware/1519144907992"
# webtalk_add_data -client sdk -key VivadoVersion -value "2014.2" -context "sdk\\\\hardware/1519144907992"
# webtalk_add_data -client sdk -key Arch -value "artix7" -context "sdk\\\\hardware/1519144907992"
# webtalk_add_data -client sdk -key Device -value "7a100t" -context "sdk\\\\hardware/1519144907992"
# webtalk_add_data -client sdk -key IsHandoff -value "true" -context "sdk\\\\hardware/1519144907992"
# webtalk_add_data -client sdk -key uid -value "1519145135804" -context "sdk\\\\bsp/1519145135804"
# webtalk_add_data -client sdk -key hwid -value "1519144907992" -context "sdk\\\\bsp/1519145135804"
# webtalk_add_data -client sdk -key os -value "standalone" -context "sdk\\\\bsp/1519145135804"
# webtalk_add_data -client sdk -key apptemplate -value "hello_world" -context "sdk\\\\bsp/1519145135804"
# webtalk_add_data -client sdk -key uid -value "1519145143148" -context "sdk\\\\application/1519145143148"
# webtalk_add_data -client sdk -key hwid -value "1519144907992" -context "sdk\\\\application/1519145143148"
# webtalk_add_data -client sdk -key bspid -value "1519145135804" -context "sdk\\\\application/1519145143148"
# webtalk_add_data -client sdk -key newbsp -value "true" -context "sdk\\\\application/1519145143148"
# webtalk_add_data -client sdk -key os -value "standalone" -context "sdk\\\\application/1519145143148"
# webtalk_add_data -client sdk -key apptemplate -value "hello_world" -context "sdk\\\\application/1519145143148"
# webtalk_transmit -clientid 3480997306 -regid "211428321_0_0_863" -xml C:\\Users\\Jona\\Documents\\GitHub\\EmbeddedProcessing\\Labo1\\MicroBlaze_lab1\\MicroBlaze_lab1.sdk\\webtalk\\usage_statistics_ext_sdk.xml -html C:\\Users\\Jona\\Documents\\GitHub\\EmbeddedProcessing\\Labo1\\MicroBlaze_lab1\\MicroBlaze_lab1.sdk\\webtalk\\usage_statistics_ext_sdk.html -wdm C:\\Users\\Jona\\Documents\\GitHub\\EmbeddedProcessing\\Labo1\\MicroBlaze_lab1\\MicroBlaze_lab1.sdk\\webtalk\\sdk.wdm -intro "<H3>SDK Usage Report</H3><BR>"

    while executing
"webtalk_transmit -clientid 3480997306 -regid "211428321_0_0_863" -xml C:\\Users\\Jona\\Documents\\GitHub\\EmbeddedProcessing\\Labo1\\MicroBlaze_lab1\\..."
    (file "sdk.tcl" line 42)
INFO: [Common 17-206] Exiting Vivado at Tue Feb 20 17:54:13 2018...
