Copyright 1986-2014 Xilinx, Inc. All Rights Reserved.
--------------------------------------------------------------------------------------------
| Tool Version : Vivado v.2014.2 (win64) Build 932637 Wed Jun 11 13:33:10 MDT 2014
| Date         : Tue Mar 20 15:58:30 2018
| Host         : PCGENT12297 running 64-bit Service Pack 1  (build 7601)
| Command      : report_clock_utilization -file System_wrapper_clock_utilization_placed.rpt
| Design       : System_wrapper
| Device       : xc7a100t
--------------------------------------------------------------------------------------------

Clock Utilization Report

Table of Contents
-----------------
1. Clock Primitive Utilization
2. Details of Global Clocks
3. Details of Regional Clocks
4. Details of Multi-Regional Clocks
5. Details of I/O Clocks
6. Details of Local Clocks
7. Clock Regions : Key Resource Utilization
8. Net wise resources used in clock region X0Y1
9. Net wise resources used in clock region X1Y1
10. Net wise resources used in clock region X0Y2
11. Net wise resources used in clock region X1Y2

1. Clock Primitive Utilization
------------------------------

+-------+------+-----------+-----------+
| Type  | Used | Available | Num Fixed |
+-------+------+-----------+-----------+
| BUFG  |    4 |        32 |         0 |
| BUFH  |    0 |        96 |         0 |
| BUFIO |    0 |        24 |         0 |
| MMCM  |    1 |         6 |         0 |
| PLL   |    0 |         6 |         0 |
| BUFR  |    0 |        24 |         0 |
| BUFMR |    0 |        12 |         0 |
+-------+------+-----------+-----------+


2. Details of Global Clocks
---------------------------

+-------+-----------------------------------------------+-----------------------------------+--------------+-------+---------------+-----------+
|       |                                               |                                   |   Num Loads  |       |               |           |
+-------+-----------------------------------------------+-----------------------------------+------+-------+-------+---------------+-----------+
| Index | BUFG Cell                                     | Net Name                          | BELs | Sites | Fixed | MaxDelay (ns) | Skew (ns) |
+-------+-----------------------------------------------+-----------------------------------+------+-------+-------+---------------+-----------+
|     1 | System_i/clk_wiz_1/U0/clkf_buf                | System_i/clk_wiz_1/U0/O           |    1 |     1 |    no |         1.711 |     0.086 |
|     2 | System_i/mdm_1/U0/Ext_JTAG_UPDATE_BUFG_inst   | System_i/mdm_1/U0/Ext_JTAG_UPDATE |   39 |    16 |    no |         1.876 |     0.248 |
|     3 | System_i/mdm_1/U0/No_Dbg_Reg_Access.BUFG_DRCK | System_i/mdm_1/U0/Ext_JTAG_DRCK   |  258 |    81 |    no |         1.875 |     0.253 |
|     4 | System_i/clk_wiz_1/U0/clkout1_buf             | System_i/clk_wiz_1/U0/clk_out1    | 1329 |   458 |    no |         1.887 |     0.314 |
+-------+-----------------------------------------------+-----------------------------------+------+-------+-------+---------------+-----------+


+-------+-------------------------------------+--------------------------------+--------------+-------+---------------+-----------+
|       |                                     |                                |   Num Loads  |       |               |           |
+-------+-------------------------------------+--------------------------------+------+-------+-------+---------------+-----------+
| Index | MMCM Cell                           | Net Name                       | BELs | Sites | Fixed | MaxDelay (ns) | Skew (ns) |
+-------+-------------------------------------+--------------------------------+------+-------+-------+---------------+-----------+
|     1 | System_i/clk_wiz_1/U0/mmcm_adv_inst | System_i/clk_wiz_1/U0/CLKFBOUT |    1 |     1 |    no |         1.719 |     0.086 |
|     2 | System_i/clk_wiz_1/U0/mmcm_adv_inst | System_i/clk_wiz_1/U0/CLKOUT0  |    1 |     1 |    no |         1.719 |     0.086 |
+-------+-------------------------------------+--------------------------------+------+-------+-------+---------------+-----------+


3. Details of Regional Clocks
-----------------------------

4. Details of Multi-Regional Clocks
-----------------------------------

5. Details of I/O Clocks
------------------------

6. Details of Local Clocks
--------------------------

7. Clock Regions : Key Resource Utilization
-------------------------------------------

+-------------------+--------------+--------------+--------------+--------------+--------------+--------------+--------------+--------------+--------------+--------------+--------------+--------------+--------------+--------------+--------------+
|                   | Global Clock |     BUFRs    |    BUFMRs    |    BUFIOs    |     MMCM     |      PLL     |      GT      |      PCI     |    ILOGIC    |    OLOGIC    |      FF      |     LUTM     |    RAMB18    |    RAMB36    |    DSP48E1   |
+-------------------+------+-------+------+-------+------+-------+------+-------+------+-------+------+-------+------+-------+------+-------+------+-------+------+-------+------+-------+------+-------+------+-------+------+-------+------+-------+
| Clock Region Name | Used | Avail | Used | Avail | Used | Avail | Used | Avail | Used | Avail | Used | Avail | Used | Avail | Used | Avail | Used | Avail | Used | Avail | Used | Avail | Used | Avail | Used | Avail | Used | Avail | Used | Avail |
+-------------------+------+-------+------+-------+------+-------+------+-------+------+-------+------+-------+------+-------+------+-------+------+-------+------+-------+------+-------+------+-------+------+-------+------+-------+------+-------+
| X0Y0              |    0 |    12 |    0 |     4 |    0 |     2 |    0 |     4 |    0 |     1 |    0 |     1 |    0 |     0 |    0 |     0 |    0 |    50 |    0 |    50 |    0 | 20800 |    0 |  2400 |    0 |    20 |    0 |    10 |    0 |    20 |
| X1Y0              |    0 |    12 |    0 |     0 |    0 |     0 |    0 |     0 |    0 |     0 |    0 |     0 |    0 |     5 |    0 |     0 |    0 |     0 |    0 |     0 |    0 | 12000 |    0 |  2200 |    0 |    40 |    0 |    20 |    0 |    40 |
| X0Y1              |    3 |    12 |    0 |     4 |    0 |     2 |    0 |     4 |    0 |     1 |    0 |     1 |    0 |     0 |    0 |     0 |    0 |    50 |    0 |    50 |   98 | 16000 |   14 |  2400 |    0 |    20 |    0 |    10 |    0 |    20 |
| X1Y1              |    3 |    12 |    0 |     4 |    0 |     2 |    0 |     4 |    0 |     1 |    0 |     1 |    0 |     0 |    0 |     0 |    0 |    50 |    0 |    50 | 1237 | 15200 |  229 |  2600 |    0 |    60 |   16 |    30 |    0 |    40 |
| X0Y2              |    1 |    12 |    0 |     4 |    0 |     2 |    0 |     4 |    0 |     1 |    0 |     1 |    0 |     0 |    0 |     0 |    0 |    50 |    0 |    50 |    6 | 16000 |    1 |  2400 |    0 |    20 |    0 |    10 |    0 |    20 |
| X1Y2              |    3 |    12 |    0 |     4 |    0 |     2 |    0 |     4 |    1 |     1 |    0 |     1 |    0 |     0 |    0 |     0 |    0 |    50 |    0 |    50 |   20 | 15200 |    4 |  2600 |    0 |    60 |    0 |    30 |    0 |    40 |
| X0Y3              |    0 |    12 |    0 |     4 |    0 |     2 |    0 |     4 |    0 |     1 |    0 |     1 |    0 |     0 |    0 |     0 |    0 |    50 |    0 |    50 |    0 | 20800 |    0 |  2400 |    0 |    20 |    0 |    10 |    0 |    20 |
| X1Y3              |    0 |    12 |    0 |     0 |    0 |     0 |    0 |     0 |    0 |     0 |    0 |     0 |    0 |     5 |    0 |     1 |    0 |     0 |    0 |     0 |    0 | 10800 |    0 |  2000 |    0 |    30 |    0 |    15 |    0 |    40 |
+-------------------+------+-------+------+-------+------+-------+------+-------+------+-------+------+-------+------+-------+------+-------+------+-------+------+-------+------+-------+------+-------+------+-------+------+-------+------+-------+
* RAMB36 site can be used as two RAMB18/FIFO18 sites


8. Net wise resources used in clock region X0Y1
-----------------------------------------------

+-------------+-------------+-------+-----------+----------+---------+-----------+---------+---------+-----+-------+----------+-----------------------------------+
| Source Type | BUFHCE Site | Fixed | MMCM Pins | PLL Pins | GT Pins | BRAM Pins | ILOGICs | OLOGICs | FFs | LUTMs | DSP48E1s |           Clock Net Name          |
+-------------+-------------+-------+-----------+----------+---------+-----------+---------+---------+-----+-------+----------+-----------------------------------+
| BUFG        |     ---     |   no  |         0 |        0 |       0 |         0 |       0 |       0 |   4 |     0 |        0 | System_i/mdm_1/U0/Ext_JTAG_UPDATE |
| BUFG        |     ---     |   no  |         0 |        0 |       0 |         0 |       0 |       0 |  45 |    14 |        0 | System_i/mdm_1/U0/Ext_JTAG_DRCK   |
| BUFG        |     ---     |   no  |         0 |        0 |       0 |         0 |       0 |       0 |  49 |     0 |        0 | System_i/clk_wiz_1/U0/clk_out1    |
+-------------+-------------+-------+-----------+----------+---------+-----------+---------+---------+-----+-------+----------+-----------------------------------+


9. Net wise resources used in clock region X1Y1
-----------------------------------------------

+-------------+-------------+-------+-----------+----------+---------+-----------+---------+---------+------+-------+----------+-----------------------------------+
| Source Type | BUFHCE Site | Fixed | MMCM Pins | PLL Pins | GT Pins | BRAM Pins | ILOGICs | OLOGICs |  FFs | LUTMs | DSP48E1s |           Clock Net Name          |
+-------------+-------------+-------+-----------+----------+---------+-----------+---------+---------+------+-------+----------+-----------------------------------+
| BUFG        |     ---     |   no  |         0 |        0 |       0 |         0 |       0 |       0 |   34 |     0 |        0 | System_i/mdm_1/U0/Ext_JTAG_UPDATE |
| BUFG        |     ---     |   no  |         0 |        0 |       0 |         0 |       0 |       0 |  182 |     8 |        0 | System_i/mdm_1/U0/Ext_JTAG_DRCK   |
| BUFG        |     ---     |   no  |         0 |        0 |       0 |        32 |       0 |       0 | 1021 |   221 |        0 | System_i/clk_wiz_1/U0/clk_out1    |
+-------------+-------------+-------+-----------+----------+---------+-----------+---------+---------+------+-------+----------+-----------------------------------+


10. Net wise resources used in clock region X0Y2
------------------------------------------------

+-------------+-------------+-------+-----------+----------+---------+-----------+---------+---------+-----+-------+----------+--------------------------------+
| Source Type | BUFHCE Site | Fixed | MMCM Pins | PLL Pins | GT Pins | BRAM Pins | ILOGICs | OLOGICs | FFs | LUTMs | DSP48E1s |         Clock Net Name         |
+-------------+-------------+-------+-----------+----------+---------+-----------+---------+---------+-----+-------+----------+--------------------------------+
| BUFG        |     ---     |   no  |         0 |        0 |       0 |         0 |       0 |       0 |   6 |     1 |        0 | System_i/clk_wiz_1/U0/clk_out1 |
+-------------+-------------+-------+-----------+----------+---------+-----------+---------+---------+-----+-------+----------+--------------------------------+


11. Net wise resources used in clock region X1Y2
------------------------------------------------

+-------------+-------------+-------+-----------+----------+---------+-----------+---------+---------+-----+-------+----------+---------------------------------+
| Source Type | BUFHCE Site | Fixed | MMCM Pins | PLL Pins | GT Pins | BRAM Pins | ILOGICs | OLOGICs | FFs | LUTMs | DSP48E1s |          Clock Net Name         |
+-------------+-------------+-------+-----------+----------+---------+-----------+---------+---------+-----+-------+----------+---------------------------------+
| BUFG        |     ---     |   no  |         1 |        0 |       0 |         0 |       0 |       0 |   0 |     0 |        0 | System_i/clk_wiz_1/U0/O         |
| BUFG        |     ---     |   no  |         0 |        0 |       0 |         0 |       0 |       0 |   5 |     4 |        0 | System_i/mdm_1/U0/Ext_JTAG_DRCK |
| BUFG        |     ---     |   no  |         0 |        0 |       0 |         0 |       0 |       0 |  15 |     0 |        0 | System_i/clk_wiz_1/U0/clk_out1  |
+-------------+-------------+-------+-----------+----------+---------+-----------+---------+---------+-----+-------+----------+---------------------------------+



# Location of BUFG Primitives 
set_property LOC BUFGCTRL_X0Y17 [get_cells System_i/clk_wiz_1/U0/clkf_buf]
set_property LOC BUFGCTRL_X0Y16 [get_cells System_i/clk_wiz_1/U0/clkout1_buf]
set_property LOC BUFGCTRL_X0Y0 [get_cells System_i/mdm_1/U0/No_Dbg_Reg_Access.BUFG_DRCK]
set_property LOC BUFGCTRL_X0Y1 [get_cells System_i/mdm_1/U0/Ext_JTAG_UPDATE_BUFG_inst]

# Location of IO Clock Primitives

# Location of MMCM Clock Primitives
set_property LOC MMCME2_ADV_X1Y2 [get_cells System_i/clk_wiz_1/U0/mmcm_adv_inst]

# Location of BUFH Clock Primitives

# Location of BUFR Clock Primitives

# Location of BUFMR Clock Primitives

# Location of PLL Clock Primitives

# Location of IO Primitives which is load of clock spine

# Location of clock ports
set_property LOC IOB_X1Y126 [get_ports clk_in1]

# Clock net "System_i/clk_wiz_1/U0/clk_out1" driven by instance "System_i/clk_wiz_1/U0/clkout1_buf" located at site "BUFGCTRL_X0Y16"
#startgroup
create_pblock CLKAG_System_i/clk_wiz_1/U0/clk_out1
add_cells_to_pblock [get_pblocks  CLKAG_System_i/clk_wiz_1/U0/clk_out1] [get_cells  -filter { IS_PRIMITIVE==1 && PRIMITIVE_LEVEL !=INTERNAL } -of_object [get_pins -filter {DIRECTION==IN} -of_objects [get_nets -hierarchical -filter {PARENT=="System_i/clk_wiz_1/U0/clk_out1"}]]]
resize_pblock [get_pblocks CLKAG_System_i/clk_wiz_1/U0/clk_out1] -add {CLOCKREGION_X0Y0:CLOCKREGION_X0Y0 CLOCKREGION_X0Y1:CLOCKREGION_X0Y1 CLOCKREGION_X0Y2:CLOCKREGION_X0Y2 CLOCKREGION_X0Y3:CLOCKREGION_X0Y3 CLOCKREGION_X1Y0:CLOCKREGION_X1Y0 CLOCKREGION_X1Y1:CLOCKREGION_X1Y1 CLOCKREGION_X1Y2:CLOCKREGION_X1Y2 CLOCKREGION_X1Y3:CLOCKREGION_X1Y3}
#endgroup

# Clock net "System_i/mdm_1/U0/Ext_JTAG_DRCK" driven by instance "System_i/mdm_1/U0/No_Dbg_Reg_Access.BUFG_DRCK" located at site "BUFGCTRL_X0Y0"
#startgroup
create_pblock CLKAG_System_i/mdm_1/U0/Ext_JTAG_DRCK
add_cells_to_pblock [get_pblocks  CLKAG_System_i/mdm_1/U0/Ext_JTAG_DRCK] [get_cells  -filter { IS_PRIMITIVE==1 && PRIMITIVE_LEVEL !=INTERNAL } -of_object [get_pins -filter {DIRECTION==IN} -of_objects [get_nets -hierarchical -filter {PARENT=="System_i/mdm_1/U0/Ext_JTAG_DRCK"}]]]
resize_pblock [get_pblocks CLKAG_System_i/mdm_1/U0/Ext_JTAG_DRCK] -add {CLOCKREGION_X0Y0:CLOCKREGION_X0Y0 CLOCKREGION_X0Y1:CLOCKREGION_X0Y1 CLOCKREGION_X0Y2:CLOCKREGION_X0Y2 CLOCKREGION_X0Y3:CLOCKREGION_X0Y3 CLOCKREGION_X1Y0:CLOCKREGION_X1Y0 CLOCKREGION_X1Y1:CLOCKREGION_X1Y1 CLOCKREGION_X1Y2:CLOCKREGION_X1Y2 CLOCKREGION_X1Y3:CLOCKREGION_X1Y3}
#endgroup

# Clock net "System_i/mdm_1/U0/Ext_JTAG_UPDATE" driven by instance "System_i/mdm_1/U0/Ext_JTAG_UPDATE_BUFG_inst" located at site "BUFGCTRL_X0Y1"
#startgroup
create_pblock CLKAG_System_i/mdm_1/U0/Ext_JTAG_UPDATE
add_cells_to_pblock [get_pblocks  CLKAG_System_i/mdm_1/U0/Ext_JTAG_UPDATE] [get_cells  -filter { IS_PRIMITIVE==1 && PRIMITIVE_LEVEL !=INTERNAL } -of_object [get_pins -filter {DIRECTION==IN} -of_objects [get_nets -hierarchical -filter {PARENT=="System_i/mdm_1/U0/Ext_JTAG_UPDATE"}]]]
resize_pblock [get_pblocks CLKAG_System_i/mdm_1/U0/Ext_JTAG_UPDATE] -add {CLOCKREGION_X0Y0:CLOCKREGION_X0Y0 CLOCKREGION_X0Y1:CLOCKREGION_X0Y1 CLOCKREGION_X0Y2:CLOCKREGION_X0Y2 CLOCKREGION_X0Y3:CLOCKREGION_X0Y3 CLOCKREGION_X1Y0:CLOCKREGION_X1Y0 CLOCKREGION_X1Y1:CLOCKREGION_X1Y1 CLOCKREGION_X1Y2:CLOCKREGION_X1Y2 CLOCKREGION_X1Y3:CLOCKREGION_X1Y3}
#endgroup
