#-----------------------------------------------------------
# Vivado v2014.2 (64-bit)
# SW Build 932637 on Wed Jun 11 13:33:10 MDT 2014
# IP Build 924643 on Fri May 30 09:20:16 MDT 2014
# Start of session at: Tue Apr 17 15:24:29 2018
# Process ID: 7976
# Log file: E:/labo3/labo3/managed_ip_project/vivado.log
# Journal file: E:/labo3/labo3/managed_ip_project\vivado.jou
#-----------------------------------------------------------
start_gui
open_project {E:\labo3\labo3\managed_ip_project\managed_ip_project.xpr}
INFO: [Project 1-313] Project file moved from 'E:/managed_ip_project' since last save.
Scanning sources...
Finished scanning sources
INFO: [IP_Flow 19-234] Refreshing IP repositories
INFO: [IP_Flow 19-1700] Loaded user IP repository 'e:/labo3/labo3/ip_repo/led_ip_1.0'.
INFO: [IP_Flow 19-2313] Loaded Vivado IP repository 'C:/Xilinx/Vivado/2014.2/data/ip'.
open_project: Time (s): cpu = 00:00:05 ; elapsed = 00:00:06 . Memory (MB): peak = 780.547 ; gain = 25.191
exit
INFO: [Common 17-206] Exiting Vivado at Tue Apr 17 15:25:47 2018...
