17:22:34 INFO  : Processing command line option -hwspec E:/MicroBlaze_Lab3/MicroBlaze_Lab3.sdk/System_wrapper.hdf.
14:33:36 INFO  : Registering command handlers for SDK TCF services
14:33:37 INFO  : Launching XSCT server: xsct.bat -interactive C:\Users\BasileBerckmoes\Documents\GitHub\EmbeddedProcessing\Labo5\lab5\MicroBlaze_Lab3\MicroBlaze_Lab3.sdk\temp_xsdb_launch_script.tcl
14:33:41 INFO  : XSCT server has started successfully.
14:33:42 INFO  : Successfully done setting XSCT server connection channel  
14:33:42 INFO  : Successfully done setting SDK workspace  
14:33:42 INFO  : Processing command line option -hwspec C:/Users/BasileBerckmoes/Documents/GitHub/EmbeddedProcessing/Labo5/lab5/MicroBlaze_Lab3/MicroBlaze_Lab3.sdk/System_wrapper.hdf.
14:35:33 ERROR : (XSDB Server)ERROR: [Hsi 55-1594] Core cpu of version 2.1 not found in repositories

14:35:33 ERROR : (XSDB Server)ERROR: [Hsi 55-1594] Core tmrctr of version 3.0 not found in repositories
ERROR: [Hsi 55-1594] Core uartlite of version 3.0 not found in repositories
ERROR: [Hsi 55-1594] Core gpio of version 4.0 not found in repositories
ERROR: [Hsi 55-1594] Core bram of version 4.0 not found in repositories
ERROR: [Hsi 55-1594] Core bram of version 4.0 not found in repositories
ERROR: [Hsi 55-1594] Core gpio of version 4.0 not found in repositories
ERROR: [Hsi 55-1594] Core standalone of version 4.1 not found in repositories

14:35:33 ERROR : (XSDB Server)ERROR: [Hsi 55-1452] Error: running open_sw_design.

14:35:33 ERROR :  [Common 17-39] 'hsi::open_sw_design' failed due to earlier errors.
14:35:33 ERROR : (XSDB Server)ERROR: [Hsi 55-1594] Core cpu of version 2.1 not found in rep
14:35:33 ERROR : (XSDB Server)ositories
ERROR: [Hsi 55-1594] Core tmrctr of version 3.0 not f
14:35:33 ERROR : (XSDB Server)ound in repositories

14:35:33 ERROR : (XSDB Server)ERROR: [
14:35:33 ERROR : (XSDB Server)Hsi 55-1594] Core uartlite of 
14:35:33 ERROR : (XSDB Server)version 3.
14:35:33 ERROR : (XSDB Server)0 not found in repositories

14:35:33 ERROR : (XSDB Server)ERROR: [Hsi 55-1594]
14:35:33 ERROR : (XSDB Server) Core gpio of version 4.0 not found in repositories
14:35:33 ERROR : (XSDB Server)

14:35:33 ERROR : (XSDB Server)ERROR: [Hsi 
14:35:33 ERROR : (XSDB Server)55-1594] Core bram of 
14:35:33 ERROR : (XSDB Server)version 4.0 not found in reposi
14:35:33 ERROR : (XSDB Server)tories

14:35:33 ERROR : (XSDB Server)ERROR: [Hsi 55-1594] Core bram of version 4.0 not f
14:35:33 ERROR : (XSDB Server)ound in repositories

14:35:33 ERROR : (XSDB Server)ERROR: [Hsi 55-1594] Core gpio of versio
14:35:33 ERROR : (XSDB Server)n 4.0 not found in repositories

14:35:33 ERROR : (XSDB Server)E
14:35:33 ERROR : (XSDB Server)RROR: [Hsi 55-1594] Core standalone of version 4.1 not f
14:35:33 ERROR : (XSDB Server)ound in repositories

14:35:33 ERROR : (XSDB Server)ERROR: [Hs
14:35:33 ERROR : (XSDB Server)i 55-1452] Error: running open_sw_design.

14:35:33 INFO  : Unable to read in MSS file C:\Users\BasileBerckmoes\Documents\GitHub\EmbeddedProcessing\Labo5\lab5\MicroBlaze_Lab3\MicroBlaze_Lab3.sdk\Microblaze_lab5_bsp\system.mss : null
14:35:33 ERROR : (XSDB Server)ERROR: [Hsi 55-1594] Core cpu of version 2.1 not foun
14:35:33 ERROR : (XSDB Server)d in repositories
ERROR: [Hsi 55-1594] Core tmrctr of version 3.0 not found in repositories

14:35:33 ERROR : (XSDB Server)ERROR: [Hsi 55-1594
14:35:33 ERROR : (XSDB Server)] Core uartlite of version 3.0 n
14:35:33 ERROR : (XSDB Server)ot found in repositories

14:35:33 ERROR : (XSDB Server)ERROR: [H
14:35:33 ERROR : (XSDB Server)si 55-1594] Core gpio of version 4.0 no
14:35:33 ERROR : (XSDB Server)t found in reposito
14:35:33 ERROR : (XSDB Server)ries

14:35:33 ERROR : (XSDB Server)ERROR: [Hsi 55-1594] Core bra
14:35:33 ERROR : (XSDB Server)m of version 
14:35:33 ERROR : (XSDB Server)4.0 not found 
14:35:33 ERROR : (XSDB Server)in repositories

14:35:33 ERROR : (XSDB Server)ERROR: [Hsi 
14:35:33 ERROR : (XSDB Server)55-1594] Core bram of version 4.0 not foun
14:35:33 ERROR : (XSDB Server)d in repositories

14:35:33 ERROR : (XSDB Server)ERROR: [Hsi 55-1594] Core gpi
14:35:33 ERROR : (XSDB Server)o of version 4.0 not found in repositories

14:35:33 ERROR : (XSDB Server)ERROR: [H
14:35:33 ERROR : (XSDB Server)si 55-1594] Core standalone o
14:35:33 ERROR : (XSDB Server)f version 4.1 not found in repositories

14:35:33 ERROR : (XSDB Server)ERROR:
14:35:33 ERROR : (XSDB Server) [Hsi 55-1452] Error: runn
14:35:33 ERROR : (XSDB Server)ing open_sw_design.

14:35:33 ERROR : (XSDB Server)ERROR: [Hsi 55-1594] Core cpu of v
14:35:33 ERROR : (XSDB Server)ersion 2.1 not found in repositories

14:35:33 ERROR : (XSDB Server)ERROR: [Hsi 55-1594] Core tmrctr of version 3.0 not fo
14:35:33 ERROR : (XSDB Server)und in reposito
14:35:33 ERROR : (XSDB Server)ries

14:35:33 ERROR : (XSDB Server)ERROR: [Hsi 55-1594] Core 
14:35:33 ERROR : (XSDB Server)uartlite of version 3.0 not found in rep
14:35:33 ERROR : (XSDB Server)ositories

14:35:33 ERROR : (XSDB Server)ERROR: [Hsi 55-1594] 
14:35:33 ERROR : (XSDB Server)Core gpio of version 4.0 not found in repositories

14:35:33 ERROR : (XSDB Server)ERROR: [Hsi 55-1594] Core 
14:35:33 ERROR : (XSDB Server)bram of version 4.0 not f
14:35:33 ERROR : (XSDB Server)ound in repositories

14:35:33 ERROR : (XSDB Server)ERROR: [Hsi 55-1
14:35:33 ERROR : (XSDB Server)594] Core b
14:35:33 ERROR : (XSDB Server)ram of version 
14:35:33 ERROR : (XSDB Server)4.0 not found in repositories

14:35:33 ERROR : (XSDB Server)ERROR: [Hsi 55-1594] Core gp
14:35:33 ERROR : (XSDB Server)io of version 4.0
14:35:33 ERROR : (XSDB Server) not found 
14:35:33 ERROR : (XSDB Server)in repositories

14:35:33 ERROR : (XSDB Server)ERROR:
14:35:33 ERROR : (XSDB Server) [Hsi 55-1594] Core standalone of version 4.1 not found in repositories

14:35:33 ERROR : (XSDB Server)ERROR: [Hsi 55-1452] Error: 
14:35:33 ERROR : (XSDB Server)running open_sw_desig
14:35:33 ERROR : (XSDB Server)n.

14:35:33 ERROR : (XSDB Server)ERROR: [Hsi 55-1594] Core cpu of version 2.1 not found in repositories

14:35:33 ERROR : (XSDB Server)ERROR: [Hsi 55-1594] Core tmrctr of version 3.0 not found in repositories
ERROR: [Hsi 55-1
14:35:33 ERROR : (XSDB Server)594] Core uartlite of version 3.0 not found in repositories

14:35:33 ERROR : (XSDB Server)ERROR: 
14:35:33 ERROR : (XSDB Server)[Hsi 55-1594] Core gpio of version 
14:35:33 ERROR : (XSDB Server)4.0 not found in
14:35:33 ERROR : (XSDB Server) reposi
14:35:33 ERROR : (XSDB Server)tories

14:35:33 ERROR : (XSDB Server)ERROR: [Hsi 55-1594] Core bram of version 4.0 not found in repositories

14:35:33 ERROR : (XSDB Server)ERROR: [Hsi 55-1594] Core bram of 
14:35:33 ERROR : (XSDB Server)version 4.0 not found in repositori
14:35:33 ERROR : (XSDB Server)es

14:35:33 ERROR : (XSDB Server)ERROR: [Hsi 55-1594] Core gpio
14:35:33 ERROR : (XSDB Server) of version 4.0 not found in reposit
14:35:33 ERROR : (XSDB Server)ories

14:35:33 ERROR : (XSDB Server)ERROR: [Hsi 55-15
14:35:33 ERROR : (XSDB Server)94] Core standalone of version 4.1
14:35:33 ERROR : (XSDB Server) not found in repositories

14:35:33 ERROR : (XSDB Server)ER
14:35:33 ERROR : (XSDB Server)ROR: [Hsi 55-1452] Error: running open_sw_design.

14:35:33 ERROR :  [Common 17-39] 'hsi::open_sw_design' failed due to earlier errors.
14:35:33 ERROR : (XSDB Server)ERROR: [Hsi 55-1594] Core cpu of version 2.1 not found in repositories
ERROR: [Hsi 55-1594] Core tmrctr of version 3.0 not found in repositories

14:35:33 ERROR : (XSDB Server)ERROR: [Hsi 55-1594] Core uartlite of version 3.0 not found in repositories

14:35:33 ERROR : (XSDB Server)ERROR: [Hsi 55-1594] Core gpio of version 4.0 not f
14:35:33 ERROR : (XSDB Server)ound in repositories

14:35:33 ERROR : (XSDB Server)ERROR: [Hsi 55-1594] C
14:35:33 ERROR : (XSDB Server)ore bram of version 4.0 not found in repositories

14:35:33 ERROR : (XSDB Server)ERROR: [Hsi 55-1594] Core bram of version 4.0 not found in repositories

14:35:33 ERROR : (XSDB Server)ERROR: [Hsi 55-1594] Core gpio of version 4.0 not found in repositories

14:35:33 ERROR : (XSDB Server)ERROR: [Hsi 55-1594] Core standalone of version 4.1 not found in repositor
14:35:33 ERROR : (XSDB Server)ies

14:35:33 ERROR : (XSDB Server)ERROR: [Hsi 55-
14:35:33 ERROR : (XSDB Server)1452] Error: runni
14:35:33 ERROR : (XSDB Server)ng open_sw_design.

14:35:33 INFO  : Unable to read in MSS file C:\Users\BasileBerckmoes\Documents\GitHub\EmbeddedProcessing\Labo5\lab5\MicroBlaze_Lab3\MicroBlaze_Lab3.sdk\Microblaze_lab5_bsp\system.mss : null
14:35:33 ERROR : (XSDB Server)ERROR: [Hsi 55-1594] Core cpu of version 2.1 n
14:35:33 ERROR : (XSDB Server)ot found in repositories
ERROR: [Hsi 55-1594] Core tmrctr of versio
14:35:33 ERROR : (XSDB Server)n 3.0 not found in repositori
14:35:33 ERROR : (XSDB Server)e
14:35:33 ERROR : (XSDB Server)s

14:35:33 ERROR : (XSDB Server)ERROR: [Hsi 55-1594] Core uartlite of version 3.0 not found in repositories

14:35:33 ERROR : (XSDB Server)ERROR: [
14:35:33 ERROR : (XSDB Server)Hsi 55-1594
14:35:33 ERROR : (XSDB Server)] Core gpio of v
14:35:33 ERROR : (XSDB Server)ersion 4.0 not found in repositories

14:35:33 ERROR : (XSDB Server)ERROR: [Hsi 55-1
14:35:33 ERROR : (XSDB Server)594] Core bram of v
14:35:33 ERROR : (XSDB Server)ersion 4.0 not fo
14:35:33 ERROR : (XSDB Server)und in repositories

14:35:33 ERROR : (XSDB Server)E
14:35:33 ERROR : (XSDB Server)RROR: [Hsi 55-1594] Core bram of versi
14:35:33 ERROR : (XSDB Server)on 4.0 not found in repositorie
14:35:33 ERROR : (XSDB Server)s

14:35:33 ERROR : (XSDB Server)ERROR: [Hsi 55-1594] Core gpi
14:35:33 ERROR : (XSDB Server)o of version 4.0 n
14:35:33 ERROR : (XSDB Server)ot found in r
14:35:33 ERROR : (XSDB Server)epositori
14:35:33 ERROR : (XSDB Server)es

14:35:33 ERROR : (XSDB Server)ERROR: [Hsi 55-15
14:35:33 ERROR : (XSDB Server)94] Core standalone of version 4.1 not found in reposi
14:35:33 ERROR : (XSDB Server)tories

14:35:33 ERROR : (XSDB Server)ERROR: [Hsi 55-1452]
14:35:33 ERROR : (XSDB Server) Error: runni
14:35:33 ERROR : (XSDB Server)ng open_sw_design.

14:35:33 ERROR : Failed to closesw "C:/Users/BasileBerckmoes/Documents/GitHub/EmbeddedProcessing/Labo5/lab5/MicroBlaze_Lab3/MicroBlaze_Lab3.sdk/Microblaze_lab5_bsp/system.mss"
Reason: Cannot close sw design 'C:/Users/BasileBerckmoes/Documents/GitHub/EmbeddedProcessing/Labo5/lab5/MicroBlaze_Lab3/MicroBlaze_Lab3.sdk/Microblaze_lab5_bsp/system.mss'.
Design is not opened in the current session.


14:59:29 INFO  : Connected to target on host '127.0.0.1' and port '3121'.
14:59:31 INFO  : 'targets -set -filter {jtag_cable_name =~ "Digilent Nexys4 210274505443A" && level==0} -index 0' command is executed.
14:59:34 INFO  : FPGA configured successfully with bitstream "C:/Users/BasileBerckmoes/Documents/GitHub/EmbeddedProcessing/Labo5/lab5/MicroBlaze_Lab3/MicroBlaze_Lab3.sdk/System_wrapper_hw_platform_0/download.bit"
15:00:13 INFO  : Connected to target on host '127.0.0.1' and port '3121'.
15:00:13 INFO  : 'targets -set -filter {jtag_cable_name =~ "Digilent Nexys4 210274505443A" && level==0} -index 0' command is executed.
15:00:15 INFO  : FPGA configured successfully with bitstream "C:/Users/BasileBerckmoes/Documents/GitHub/EmbeddedProcessing/Labo5/lab5/MicroBlaze_Lab3/MicroBlaze_Lab3.sdk/System_wrapper_hw_platform_0/download.bit"
15:01:24 INFO  : Connected to target on host '127.0.0.1' and port '3121'.
15:01:25 INFO  : 'targets -set -filter {jtag_cable_name =~ "Digilent Nexys4 210274505443A" && level==0} -index 0' command is executed.
15:01:28 INFO  : FPGA configured successfully with bitstream "C:/Users/BasileBerckmoes/Documents/GitHub/EmbeddedProcessing/Labo5/lab5/MicroBlaze_Lab3/MicroBlaze_Lab3.sdk/System_wrapper_hw_platform_0/download.bit"
15:03:20 ERROR : (XSDB Server)ERROR: [Hsi 55-1594] Core cpu of ver
15:03:20 ERROR : (XSDB Server)sion 2.1 not found in repositories
ERROR: [Hsi 55-1594] Core tmrctr of version 3.0 not found in repositories
ERROR: [Hsi 55-1594] Core uartlite of version 3.0 not found in repositories
ERROR: [Hsi 55-1594] Core gpio of version 4.0 not found in repositories
ERROR: [Hsi 55-1594] Core bram of version 4.0 not found in repositories
ERROR: [Hsi 55-1594] Core bram of version 4.0 not found in repositories
ERROR: [Hsi 55-1594] Core gpio of version 4.0 not found in repositories

15:03:20 ERROR : (XSDB Server)ERROR: [Hsi 55-1594] Core standalone of version 
15:03:20 ERROR : (XSDB Server)4.1 not foun
15:03:20 ERROR : (XSDB Server)d in repositories

15:03:20 ERROR : (XSDB Server)ERROR: [Hsi 55-14
15:03:20 ERROR : (XSDB Server)52] Error: running open_sw_desi
15:03:20 ERROR : (XSDB Server)gn.

15:03:20 ERROR :  [Common 17-39] 'hsi::open_sw_design' failed due to earlier errors.
15:03:20 ERROR : (XSDB Server)E
15:03:20 ERROR : (XSDB Server)RROR: [Hsi 55-1594] 
15:03:20 ERROR : (XSDB Server)Core cpu of version 2.1 not found in repositories

15:03:20 ERROR : (XSDB Server)ERROR: [Hsi 55-1594] Core tm
15:03:20 INFO  : Unable to read in MSS file C:\Users\BasileBerckmoes\Documents\GitHub\EmbeddedProcessing\Labo5\lab5\MicroBlaze_Lab3\MicroBlaze_Lab3.sdk\Microblaze_lab5_bsp\system.mss : null
15:03:20 ERROR : Failed to closesw "C:/Users/BasileBerckmoes/Documents/GitHub/EmbeddedProcessing/Labo5/lab5/MicroBlaze_Lab3/MicroBlaze_Lab3.sdk/Microblaze_lab5_bsp/system.mss"
Reason: Cannot close sw design 'C:/Users/BasileBerckmoes/Documents/GitHub/EmbeddedProcessing/Labo5/lab5/MicroBlaze_Lab3/MicroBlaze_Lab3.sdk/Microblaze_lab5_bsp/system.mss'.
Design is not opened in the current session.


15:03:20 ERROR : (XSDB Server)rctr of version 3.0 not found in repositories
ERROR: [Hsi 55-1594] Core uartlite of version 3.0 not found in repositories
ERROR: [Hsi 55-1594] Core gpio of version 4.0 not found in repositories
ERROR: [Hsi 55-1594] Core bram of version 4.0 not found in repositories
ERROR: [Hsi 55-1594] Core bram of version 4.0 not found in repositories
ERROR: [Hsi 55-1594] Core gpio of version 4.0 not found in repositories
ERROR: [Hsi 55-1594] Core standalone of version 4.1 not found in repositories
ERROR: [Hsi 55-1452] Error: running open_sw_design.

15:03:25 ERROR : (XSDB Server)ERROR: [Hsi 55-1594] Core cpu
15:03:25 ERROR : (XSDB Server) of version 2.1 not found in repositories
ERROR: [Hsi 55-1594] Core tmrctr of version 3.0 not found in repositories
ERROR: [Hsi 55-1594] Core uartlite of version 3.0 not found in repositories
ERROR: [Hsi 55-1594] Core gpio of version 4.0 not found in repositories
ERROR: [Hsi 55-1594] Core bram of version 4.0 not found in repositories
ERROR: [Hsi 55-1594] Core bram of version 4.0 not found in repositories
ERROR: [Hsi 55-1594] Core gpio of version 4.0 not found in repositories

15:03:25 ERROR : (XSDB Server)ERROR: [Hsi 55-1594] Core standalon
15:03:25 ERROR : (XSDB Server)e of version 4.1 not
15:03:26 ERROR : (XSDB Server) found 
15:03:26 ERROR : (XSDB Server)i
15:03:26 ERROR : (XSDB Server)n
15:03:26 ERROR : (XSDB Server) 
15:03:26 ERROR : (XSDB Server)repositories

15:03:26 ERROR : (XSDB Server)E
15:03:26 ERROR : (XSDB Server)RROR: [Hsi 55-1452] Error: running open_sw_design.

15:03:26 ERROR :  [Common 17-39] 'hsi::open_sw_design' failed due to earlier errors.
15:03:26 ERROR : (XSDB Server)ERROR: [Hsi 55-1594] Core cpu of version 2.1 not found in repositories

15:03:26 ERROR : (XSDB Server)ERROR: [Hsi 55-1594] Core tmrctr of version 3.0 not found
15:03:26 ERROR : (XSDB Server) in repositories

15:03:26 ERROR : (XSDB Server)ERROR: [Hsi 55-1
15:03:26 ERROR : (XSDB Server)594] Core uartlite of version 3.0 not found i
15:03:26 ERROR : (XSDB Server)n repositories

15:03:26 ERROR : (XSDB Server)ERROR: [Hsi 55-1594] Cor
15:03:26 ERROR : (XSDB Server)e gpio of version 4.0 no
15:03:26 ERROR : (XSDB Server)t found in repositories

15:03:26 ERROR : (XSDB Server)ERROR: [Hsi 55-1594] Core bram of version 4.0 not found in repositories

15:03:26 ERROR : (XSDB Server)ERROR: [Hsi 55-1594] Core bram of ve
15:03:26 ERROR : (XSDB Server)rsion 4.0 not found
15:03:26 ERROR : (XSDB Server) in repositories

15:03:26 ERROR : (XSDB Server)ERROR: [Hsi 55-1594] Core gpio of version 4.0 not found in repositories

15:03:26 ERROR : (XSDB Server)ERROR: [Hsi 55-
15:03:26 ERROR : (XSDB Server)1594] Core standalone of version 4.1 not found in repositories

15:03:26 ERROR : (XSDB Server)ERROR: [Hsi 55-1452
15:03:26 ERROR : (XSDB Server)] Error: running o
15:03:26 ERROR : (XSDB Server)pen_sw_design.

15:03:26 INFO  : Unable to read in MSS file C:\Users\BasileBerckmoes\Documents\GitHub\EmbeddedProcessing\Labo5\lab5\MicroBlaze_Lab3\MicroBlaze_Lab3.sdk\Microblaze_lab5_bsp\system.mss : null
15:03:26 ERROR : Failed to closesw "C:/Users/BasileBerckmoes/Documents/GitHub/EmbeddedProcessing/Labo5/lab5/MicroBlaze_Lab3/MicroBlaze_Lab3.sdk/Microblaze_lab5_bsp/system.mss"
Reason: Cannot close sw design 'C:/Users/BasileBerckmoes/Documents/GitHub/EmbeddedProcessing/Labo5/lab5/MicroBlaze_Lab3/MicroBlaze_Lab3.sdk/Microblaze_lab5_bsp/system.mss'.
Design is not opened in the current session.


15:03:38 INFO  : 'targets -set -filter {jtag_cable_name =~ "Digilent Nexys4 210274505443A" && level==0} -index 0' command is executed.
15:03:38 INFO  : 'fpga -state' command is executed.
15:03:38 INFO  : Connected to target on host '127.0.0.1' and port '3121'.
15:03:38 INFO  : Jtag cable 'Digilent Nexys4 210274505443A' is selected.
15:03:38 INFO  : 'jtag frequency' command is executed.
15:03:38 INFO  : 'configparams mdm-detect-bscan-mask 2' command is executed.
15:03:38 INFO  : Context for processor 'microblaze_0' is selected.
15:03:38 INFO  : Processor reset is completed for 'microblaze_0'.
15:03:38 INFO  : Context for processor 'microblaze_0' is selected.
15:03:38 INFO  : The application 'C:/Users/BasileBerckmoes/Documents/GitHub/EmbeddedProcessing/Labo5/lab5/MicroBlaze_Lab3/MicroBlaze_Lab3.sdk/Microblaze_lab5/Debug/Microblaze_lab5.elf' is downloaded to processor 'microblaze_0'.
15:03:38 INFO  : ----------------XSDB Script----------------
connect -url tcp:127.0.0.1:3121
configparams mdm-detect-bscan-mask 2
targets -set -nocase -filter {name =~ "microblaze*#0" && bscan=="USER2"  && jtag_cable_name =~ "Digilent Nexys4 210274505443A"} -index 0
rst -processor
targets -set -nocase -filter {name =~ "microblaze*#0" && bscan=="USER2"  && jtag_cable_name =~ "Digilent Nexys4 210274505443A"} -index 0
dow C:/Users/BasileBerckmoes/Documents/GitHub/EmbeddedProcessing/Labo5/lab5/MicroBlaze_Lab3/MicroBlaze_Lab3.sdk/Microblaze_lab5/Debug/Microblaze_lab5.elf
----------------End of Script----------------

15:03:38 INFO  : Memory regions updated for context PA
15:03:38 INFO  : Memory regions updated for context PA
15:03:38 INFO  : Context for processor 'microblaze_0' is selected.
15:03:38 INFO  : 'con' command is executed.
15:03:38 INFO  : ----------------XSDB Script (After Launch)----------------
targets -set -nocase -filter {name =~ "microblaze*#0" && bscan=="USER2"  && jtag_cable_name =~ "Digilent Nexys4 210274505443A"} -index 0
con
----------------End of Script----------------

15:03:38 INFO  : Launch script is exported to file 'C:\Users\BasileBerckmoes\Documents\GitHub\EmbeddedProcessing\Labo5\lab5\MicroBlaze_Lab3\MicroBlaze_Lab3.sdk\.sdk\launch_scripts\xilinx_c-c++_application_(system_debugger)\system_debugger_using_debug_microblaze_lab5.elf_on_local.tcl'
15:09:52 ERROR : (XSDB Server)ERROR: [Hsi 55-1594] Core cpu of version 2.1 not found in repositories

15:09:52 ERROR : (XSDB Server)ERROR: [Hsi 55-1594] Core tmrctr of version 3.0 not found in repositories
ERROR: [Hsi 55-1594] Core uartlite of version 3.0 not found in repositories
ERROR: [Hsi 55-1594] Core gpio of version 4.0 not found in repositories
ERROR: [Hsi 55-1594] Core bram of version 4.0 not found in repositories
ERROR: [Hsi 55-1594] Core bram of version 4.0 not found in repositories
ERROR: [Hsi 55-1594] Core gpio of version 4.0 not found in repositories

15:09:52 ERROR : (XSDB Server)ERROR: [Hsi 55-1594] Core standalone of version 4.1 not found in repositories
ERROR: [Hsi 55-1452] Error: running open_sw_design.

15:09:52 ERROR :  [Common 17-39] 'hsi::open_sw_design' failed due to earlier errors.
15:09:52 ERROR : (XSDB Server)ERROR: [Hsi 55-1594] Core cpu of ve
15:09:52 ERROR : (XSDB Server)rsion 2.1 not found in repositories
ERROR: [Hsi 55-1594] Core tmrctr of version 3.0 not found 
15:09:52 ERROR : (XSDB Server)in repositories

15:09:52 ERROR : (XSDB Server)ERROR: [Hsi 55-1594] Core 
15:09:52 ERROR : (XSDB Server)uartlite of version 
15:09:52 ERROR : (XSDB Server)3.0 not fo
15:09:52 ERROR : (XSDB Server)und in repositor
15:09:52 ERROR : (XSDB Server)ies

15:09:52 ERROR : (XSDB Server)ERROR: [Hsi 55-1594] Core gpio of version 4.0 not 
15:09:52 ERROR : (XSDB Server)found in repositories

15:09:52 ERROR : (XSDB Server)ERROR: [Hsi 55-1452] Error: running open_sw_design.

15:09:52 INFO  : Unable to read in MSS file C:\Users\BasileBerckmoes\Documents\GitHub\EmbeddedProcessing\Labo5\lab5\MicroBlaze_Lab3\MicroBlaze_Lab3.sdk\Microblaze_lab5_bsp\system.mss : null
15:09:52 ERROR : Failed to closesw "C:/Users/BasileBerckmoes/Documents/GitHub/EmbeddedProcessing/Labo5/lab5/MicroBlaze_Lab3/MicroBlaze_Lab3.sdk/Microblaze_lab5_bsp/system.mss"
Reason: Cannot close sw design 'C:/Users/BasileBerckmoes/Documents/GitHub/EmbeddedProcessing/Labo5/lab5/MicroBlaze_Lab3/MicroBlaze_Lab3.sdk/Microblaze_lab5_bsp/system.mss'.
Design is not opened in the current session.


15:10:22 INFO  : 'targets -set -filter {jtag_cable_name =~ "Digilent Nexys4 210274505443A" && level==0} -index 0' command is executed.
15:10:22 INFO  : 'fpga -state' command is executed.
15:10:22 INFO  : Connected to target on host '127.0.0.1' and port '3121'.
15:10:22 INFO  : Jtag cable 'Digilent Nexys4 210274505443A' is selected.
15:10:22 INFO  : 'jtag frequency' command is executed.
15:10:22 INFO  : 'configparams mdm-detect-bscan-mask 2' command is executed.
15:10:22 INFO  : Context for processor 'microblaze_0' is selected.
15:10:22 INFO  : Processor reset is completed for 'microblaze_0'.
15:10:22 INFO  : Context for processor 'microblaze_0' is selected.
15:10:22 INFO  : The application 'C:/Users/BasileBerckmoes/Documents/GitHub/EmbeddedProcessing/Labo5/lab5/MicroBlaze_Lab3/MicroBlaze_Lab3.sdk/Microblaze_lab5/Debug/Microblaze_lab5.elf' is downloaded to processor 'microblaze_0'.
15:10:22 INFO  : ----------------XSDB Script----------------
connect -url tcp:127.0.0.1:3121
configparams mdm-detect-bscan-mask 2
targets -set -nocase -filter {name =~ "microblaze*#0" && bscan=="USER2"  && jtag_cable_name =~ "Digilent Nexys4 210274505443A"} -index 0
rst -processor
targets -set -nocase -filter {name =~ "microblaze*#0" && bscan=="USER2"  && jtag_cable_name =~ "Digilent Nexys4 210274505443A"} -index 0
dow C:/Users/BasileBerckmoes/Documents/GitHub/EmbeddedProcessing/Labo5/lab5/MicroBlaze_Lab3/MicroBlaze_Lab3.sdk/Microblaze_lab5/Debug/Microblaze_lab5.elf
----------------End of Script----------------

15:15:50 INFO  : Disconnected from the channel tcfchan#1.
15:15:51 INFO  : 'targets -set -filter {jtag_cable_name =~ "Digilent Nexys4 210274505443A" && level==0} -index 0' command is executed.
15:15:51 INFO  : 'fpga -state' command is executed.
15:15:51 INFO  : Connected to target on host '127.0.0.1' and port '3121'.
15:15:51 INFO  : Jtag cable 'Digilent Nexys4 210274505443A' is selected.
15:15:51 INFO  : 'jtag frequency' command is executed.
15:15:51 INFO  : 'configparams mdm-detect-bscan-mask 2' command is executed.
15:15:51 INFO  : Context for processor 'microblaze_0' is selected.
15:15:51 INFO  : Processor reset is completed for 'microblaze_0'.
15:15:51 INFO  : Context for processor 'microblaze_0' is selected.
15:15:51 INFO  : The application 'C:/Users/BasileBerckmoes/Documents/GitHub/EmbeddedProcessing/Labo5/lab5/MicroBlaze_Lab3/MicroBlaze_Lab3.sdk/Microblaze_lab5/Debug/Microblaze_lab5.elf' is downloaded to processor 'microblaze_0'.
15:15:51 INFO  : ----------------XSDB Script----------------
connect -url tcp:127.0.0.1:3121
configparams mdm-detect-bscan-mask 2
targets -set -nocase -filter {name =~ "microblaze*#0" && bscan=="USER2"  && jtag_cable_name =~ "Digilent Nexys4 210274505443A"} -index 0
rst -processor
targets -set -nocase -filter {name =~ "microblaze*#0" && bscan=="USER2"  && jtag_cable_name =~ "Digilent Nexys4 210274505443A"} -index 0
dow C:/Users/BasileBerckmoes/Documents/GitHub/EmbeddedProcessing/Labo5/lab5/MicroBlaze_Lab3/MicroBlaze_Lab3.sdk/Microblaze_lab5/Debug/Microblaze_lab5.elf
----------------End of Script----------------

15:15:51 INFO  : Memory regions updated for context PA
15:15:51 INFO  : Memory regions updated for context PA
15:15:51 INFO  : Context for processor 'microblaze_0' is selected.
15:15:51 INFO  : 'con' command is executed.
15:15:51 INFO  : ----------------XSDB Script (After Launch)----------------
targets -set -nocase -filter {name =~ "microblaze*#0" && bscan=="USER2"  && jtag_cable_name =~ "Digilent Nexys4 210274505443A"} -index 0
con
----------------End of Script----------------

15:15:51 INFO  : Launch script is exported to file 'C:\Users\BasileBerckmoes\Documents\GitHub\EmbeddedProcessing\Labo5\lab5\MicroBlaze_Lab3\MicroBlaze_Lab3.sdk\.sdk\launch_scripts\xilinx_c-c++_application_(system_debugger)\system_debugger_using_debug_microblaze_lab5.elf_on_local.tcl'
15:16:15 INFO  : Disconnected from the channel tcfchan#2.
15:16:16 INFO  : 'targets -set -filter {jtag_cable_name =~ "Digilent Nexys4 210274505443A" && level==0} -index 0' command is executed.
15:16:16 INFO  : 'fpga -state' command is executed.
15:16:16 INFO  : Connected to target on host '127.0.0.1' and port '3121'.
15:16:16 INFO  : Jtag cable 'Digilent Nexys4 210274505443A' is selected.
15:16:16 INFO  : 'jtag frequency' command is executed.
15:16:16 INFO  : 'configparams mdm-detect-bscan-mask 2' command is executed.
15:16:17 INFO  : Context for processor 'microblaze_0' is selected.
15:16:17 INFO  : Processor reset is completed for 'microblaze_0'.
15:16:17 INFO  : Context for processor 'microblaze_0' is selected.
15:16:17 INFO  : The application 'C:/Users/BasileBerckmoes/Documents/GitHub/EmbeddedProcessing/Labo5/lab5/MicroBlaze_Lab3/MicroBlaze_Lab3.sdk/Microblaze_lab5/Debug/Microblaze_lab5.elf' is downloaded to processor 'microblaze_0'.
15:16:17 INFO  : ----------------XSDB Script----------------
connect -url tcp:127.0.0.1:3121
configparams mdm-detect-bscan-mask 2
targets -set -nocase -filter {name =~ "microblaze*#0" && bscan=="USER2"  && jtag_cable_name =~ "Digilent Nexys4 210274505443A"} -index 0
rst -processor
targets -set -nocase -filter {name =~ "microblaze*#0" && bscan=="USER2"  && jtag_cable_name =~ "Digilent Nexys4 210274505443A"} -index 0
dow C:/Users/BasileBerckmoes/Documents/GitHub/EmbeddedProcessing/Labo5/lab5/MicroBlaze_Lab3/MicroBlaze_Lab3.sdk/Microblaze_lab5/Debug/Microblaze_lab5.elf
----------------End of Script----------------

15:16:17 INFO  : Memory regions updated for context PA
15:16:17 INFO  : Memory regions updated for context PA
15:16:17 INFO  : Context for processor 'microblaze_0' is selected.
15:16:17 INFO  : 'con' command is executed.
15:16:17 INFO  : ----------------XSDB Script (After Launch)----------------
targets -set -nocase -filter {name =~ "microblaze*#0" && bscan=="USER2"  && jtag_cable_name =~ "Digilent Nexys4 210274505443A"} -index 0
con
----------------End of Script----------------

15:16:17 INFO  : Launch script is exported to file 'C:\Users\BasileBerckmoes\Documents\GitHub\EmbeddedProcessing\Labo5\lab5\MicroBlaze_Lab3\MicroBlaze_Lab3.sdk\.sdk\launch_scripts\xilinx_c-c++_application_(system_debugger)\system_debugger_using_debug_microblaze_lab5.elf_on_local.tcl'
15:16:44 WARN  : channel "tcfchan#1" closed
15:16:45 INFO  : 'targets -set -filter {jtag_cable_name =~ "Digilent Nexys4 210274505443A" && level==0} -index 0' command is executed.
15:16:45 INFO  : 'fpga -state' command is executed.
15:16:45 INFO  : Connected to target on host '127.0.0.1' and port '3121'.
15:16:45 INFO  : Jtag cable 'Digilent Nexys4 210274505443A' is selected.
15:16:45 INFO  : 'jtag frequency' command is executed.
15:16:45 INFO  : 'configparams mdm-detect-bscan-mask 2' command is executed.
15:16:45 INFO  : Context for processor 'microblaze_0' is selected.
15:16:45 INFO  : Processor reset is completed for 'microblaze_0'.
15:16:45 INFO  : Context for processor 'microblaze_0' is selected.
15:16:45 INFO  : The application 'C:/Users/BasileBerckmoes/Documents/GitHub/EmbeddedProcessing/Labo5/lab5/MicroBlaze_Lab3/MicroBlaze_Lab3.sdk/Microblaze_lab5/Debug/Microblaze_lab5.elf' is downloaded to processor 'microblaze_0'.
15:16:45 INFO  : ----------------XSDB Script----------------
connect -url tcp:127.0.0.1:3121
configparams mdm-detect-bscan-mask 2
targets -set -nocase -filter {name =~ "microblaze*#0" && bscan=="USER2"  && jtag_cable_name =~ "Digilent Nexys4 210274505443A"} -index 0
rst -processor
targets -set -nocase -filter {name =~ "microblaze*#0" && bscan=="USER2"  && jtag_cable_name =~ "Digilent Nexys4 210274505443A"} -index 0
dow C:/Users/BasileBerckmoes/Documents/GitHub/EmbeddedProcessing/Labo5/lab5/MicroBlaze_Lab3/MicroBlaze_Lab3.sdk/Microblaze_lab5/Debug/Microblaze_lab5.elf
----------------End of Script----------------

15:17:04 ERROR : (XSDB Server)ERROR: [Hsi 55-1452] Error: running o
15:17:04 ERROR :  [Common 17-39] 'hsi::open_sw_design' failed due to earlier errors.
15:17:04 ERROR : (XSDB Server)pen_sw_design.

15:17:04 ERROR : (XSDB Server)ERROR: [Hsi 55-1452] Error: ru
15:17:04 ERROR : (XSDB Server)nning open_sw_design.

15:17:04 INFO  : Unable to read in MSS file C:\Users\BasileBerckmoes\Documents\GitHub\EmbeddedProcessing\Labo5\lab5\MicroBlaze_Lab3\MicroBlaze_Lab3.sdk\Microblaze_lab5_bsp\system.mss : null
15:17:04 ERROR : Failed to closesw "C:/Users/BasileBerckmoes/Documents/GitHub/EmbeddedProcessing/Labo5/lab5/MicroBlaze_Lab3/MicroBlaze_Lab3.sdk/Microblaze_lab5_bsp/system.mss"
Reason: Cannot close sw design 'C:/Users/BasileBerckmoes/Documents/GitHub/EmbeddedProcessing/Labo5/lab5/MicroBlaze_Lab3/MicroBlaze_Lab3.sdk/Microblaze_lab5_bsp/system.mss'.
Design is not opened in the current session.


15:17:10 INFO  : Disconnected from the channel tcfchan#3.
15:17:11 INFO  : 'targets -set -filter {jtag_cable_name =~ "Digilent Nexys4 210274505443A" && level==0} -index 0' command is executed.
15:17:11 INFO  : 'fpga -state' command is executed.
15:17:11 INFO  : Connected to target on host '127.0.0.1' and port '3121'.
15:17:11 INFO  : Jtag cable 'Digilent Nexys4 210274505443A' is selected.
15:17:11 INFO  : 'jtag frequency' command is executed.
15:17:11 INFO  : 'configparams mdm-detect-bscan-mask 2' command is executed.
15:17:11 INFO  : Context for processor 'microblaze_0' is selected.
15:17:11 INFO  : Processor reset is completed for 'microblaze_0'.
15:17:11 INFO  : Context for processor 'microblaze_0' is selected.
15:17:11 INFO  : The application 'C:/Users/BasileBerckmoes/Documents/GitHub/EmbeddedProcessing/Labo5/lab5/MicroBlaze_Lab3/MicroBlaze_Lab3.sdk/Microblaze_lab5/Debug/Microblaze_lab5.elf' is downloaded to processor 'microblaze_0'.
15:17:11 INFO  : ----------------XSDB Script----------------
connect -url tcp:127.0.0.1:3121
configparams mdm-detect-bscan-mask 2
targets -set -nocase -filter {name =~ "microblaze*#0" && bscan=="USER2"  && jtag_cable_name =~ "Digilent Nexys4 210274505443A"} -index 0
rst -processor
targets -set -nocase -filter {name =~ "microblaze*#0" && bscan=="USER2"  && jtag_cable_name =~ "Digilent Nexys4 210274505443A"} -index 0
dow C:/Users/BasileBerckmoes/Documents/GitHub/EmbeddedProcessing/Labo5/lab5/MicroBlaze_Lab3/MicroBlaze_Lab3.sdk/Microblaze_lab5/Debug/Microblaze_lab5.elf
----------------End of Script----------------

15:44:43 INFO  : Disconnected from the channel tcfchan#4.
15:44:44 INFO  : 'targets -set -filter {jtag_cable_name =~ "Digilent Nexys4 210274505443A" && level==0} -index 0' command is executed.
15:44:44 INFO  : 'fpga -state' command is executed.
15:44:44 INFO  : Connected to target on host '127.0.0.1' and port '3121'.
15:44:44 INFO  : Jtag cable 'Digilent Nexys4 210274505443A' is selected.
15:44:44 INFO  : 'jtag frequency' command is executed.
15:44:44 INFO  : 'configparams mdm-detect-bscan-mask 2' command is executed.
15:44:44 INFO  : Context for processor 'microblaze_0' is selected.
15:44:44 INFO  : Processor reset is completed for 'microblaze_0'.
15:44:44 INFO  : Context for processor 'microblaze_0' is selected.
15:44:45 INFO  : The application 'C:/Users/BasileBerckmoes/Documents/GitHub/EmbeddedProcessing/Labo5/lab5/MicroBlaze_Lab3/MicroBlaze_Lab3.sdk/Microblaze_lab5/Debug/Microblaze_lab5.elf' is downloaded to processor 'microblaze_0'.
15:44:45 INFO  : ----------------XSDB Script----------------
connect -url tcp:127.0.0.1:3121
configparams mdm-detect-bscan-mask 2
targets -set -nocase -filter {name =~ "microblaze*#0" && bscan=="USER2"  && jtag_cable_name =~ "Digilent Nexys4 210274505443A"} -index 0
rst -processor
targets -set -nocase -filter {name =~ "microblaze*#0" && bscan=="USER2"  && jtag_cable_name =~ "Digilent Nexys4 210274505443A"} -index 0
dow C:/Users/BasileBerckmoes/Documents/GitHub/EmbeddedProcessing/Labo5/lab5/MicroBlaze_Lab3/MicroBlaze_Lab3.sdk/Microblaze_lab5/Debug/Microblaze_lab5.elf
----------------End of Script----------------

15:44:45 INFO  : Context for processor 'microblaze_0' is selected.
15:44:45 INFO  : 'con' command is executed.
15:44:45 INFO  : ----------------XSDB Script (After Launch)----------------
targets -set -nocase -filter {name =~ "microblaze*#0" && bscan=="USER2"  && jtag_cable_name =~ "Digilent Nexys4 210274505443A"} -index 0
con
----------------End of Script----------------

15:44:45 INFO  : Disconnected from the channel tcfchan#5.
15:44:54 INFO  : 'targets -set -filter {jtag_cable_name =~ "Digilent Nexys4 210274505443A" && level==0} -index 0' command is executed.
15:44:54 INFO  : 'fpga -state' command is executed.
15:44:54 INFO  : Connected to target on host '127.0.0.1' and port '3121'.
15:44:54 INFO  : Jtag cable 'Digilent Nexys4 210274505443A' is selected.
15:44:54 INFO  : 'jtag frequency' command is executed.
15:44:54 INFO  : 'configparams mdm-detect-bscan-mask 2' command is executed.
15:44:54 INFO  : Context for processor 'microblaze_0' is selected.
15:44:54 INFO  : Processor reset is completed for 'microblaze_0'.
15:44:54 INFO  : Context for processor 'microblaze_0' is selected.
15:44:54 INFO  : The application 'C:/Users/BasileBerckmoes/Documents/GitHub/EmbeddedProcessing/Labo5/lab5/MicroBlaze_Lab3/MicroBlaze_Lab3.sdk/Microblaze_lab5/Debug/Microblaze_lab5.elf' is downloaded to processor 'microblaze_0'.
15:44:54 INFO  : ----------------XSDB Script----------------
connect -url tcp:127.0.0.1:3121
configparams mdm-detect-bscan-mask 2
targets -set -nocase -filter {name =~ "microblaze*#0" && bscan=="USER2"  && jtag_cable_name =~ "Digilent Nexys4 210274505443A"} -index 0
rst -processor
targets -set -nocase -filter {name =~ "microblaze*#0" && bscan=="USER2"  && jtag_cable_name =~ "Digilent Nexys4 210274505443A"} -index 0
dow C:/Users/BasileBerckmoes/Documents/GitHub/EmbeddedProcessing/Labo5/lab5/MicroBlaze_Lab3/MicroBlaze_Lab3.sdk/Microblaze_lab5/Debug/Microblaze_lab5.elf
----------------End of Script----------------

15:44:54 INFO  : Context for processor 'microblaze_0' is selected.
15:44:54 INFO  : 'con' command is executed.
15:44:54 INFO  : ----------------XSDB Script (After Launch)----------------
targets -set -nocase -filter {name =~ "microblaze*#0" && bscan=="USER2"  && jtag_cable_name =~ "Digilent Nexys4 210274505443A"} -index 0
con
----------------End of Script----------------

15:44:54 INFO  : Disconnected from the channel tcfchan#6.
15:45:12 ERROR : (XSDB Server)ERROR: [Hsi 55-1452] Error: running open_sw
15:45:12 ERROR :  [Common 17-39] 'hsi::open_sw_design' failed due to earlier errors.
15:45:12 ERROR : (XSDB Server)_design.

15:45:12 ERROR : (XSDB Server)ERROR: [Hsi 55-1452] Error: running open_sw_design.

15:45:12 INFO  : Unable to read in MSS file C:\Users\BasileBerckmoes\Documents\GitHub\EmbeddedProcessing\Labo5\lab5\MicroBlaze_Lab3\MicroBlaze_Lab3.sdk\Microblaze_lab5_bsp\system.mss : null
15:45:12 ERROR : Failed to closesw "C:/Users/BasileBerckmoes/Documents/GitHub/EmbeddedProcessing/Labo5/lab5/MicroBlaze_Lab3/MicroBlaze_Lab3.sdk/Microblaze_lab5_bsp/system.mss"
Reason: Cannot close sw design 'C:/Users/BasileBerckmoes/Documents/GitHub/EmbeddedProcessing/Labo5/lab5/MicroBlaze_Lab3/MicroBlaze_Lab3.sdk/Microblaze_lab5_bsp/system.mss'.
Design is not opened in the current session.


15:45:18 WARN  : channel "tcfchan#3" closed
15:45:19 INFO  : 'targets -set -filter {jtag_cable_name =~ "Digilent Nexys4 210274505443A" && level==0} -index 0' command is executed.
15:45:19 INFO  : 'fpga -state' command is executed.
15:45:19 INFO  : Connected to target on host '127.0.0.1' and port '3121'.
15:45:19 INFO  : Jtag cable 'Digilent Nexys4 210274505443A' is selected.
15:45:19 INFO  : 'jtag frequency' command is executed.
15:45:19 INFO  : 'configparams mdm-detect-bscan-mask 2' command is executed.
15:45:19 INFO  : Context for processor 'microblaze_0' is selected.
15:45:19 INFO  : Processor reset is completed for 'microblaze_0'.
15:45:20 INFO  : Context for processor 'microblaze_0' is selected.
15:45:20 INFO  : The application 'C:/Users/BasileBerckmoes/Documents/GitHub/EmbeddedProcessing/Labo5/lab5/MicroBlaze_Lab3/MicroBlaze_Lab3.sdk/Microblaze_lab5/Debug/Microblaze_lab5.elf' is downloaded to processor 'microblaze_0'.
15:45:20 INFO  : ----------------XSDB Script----------------
connect -url tcp:127.0.0.1:3121
configparams mdm-detect-bscan-mask 2
targets -set -nocase -filter {name =~ "microblaze*#0" && bscan=="USER2"  && jtag_cable_name =~ "Digilent Nexys4 210274505443A"} -index 0
rst -processor
targets -set -nocase -filter {name =~ "microblaze*#0" && bscan=="USER2"  && jtag_cable_name =~ "Digilent Nexys4 210274505443A"} -index 0
dow C:/Users/BasileBerckmoes/Documents/GitHub/EmbeddedProcessing/Labo5/lab5/MicroBlaze_Lab3/MicroBlaze_Lab3.sdk/Microblaze_lab5/Debug/Microblaze_lab5.elf
----------------End of Script----------------

15:45:20 INFO  : Memory regions updated for context PA
15:45:20 INFO  : Memory regions updated for context PA
15:45:20 INFO  : Context for processor 'microblaze_0' is selected.
15:45:20 INFO  : 'con' command is executed.
15:45:20 INFO  : ----------------XSDB Script (After Launch)----------------
targets -set -nocase -filter {name =~ "microblaze*#0" && bscan=="USER2"  && jtag_cable_name =~ "Digilent Nexys4 210274505443A"} -index 0
con
----------------End of Script----------------

15:45:20 INFO  : Launch script is exported to file 'C:\Users\BasileBerckmoes\Documents\GitHub\EmbeddedProcessing\Labo5\lab5\MicroBlaze_Lab3\MicroBlaze_Lab3.sdk\.sdk\launch_scripts\xilinx_c-c++_application_(system_debugger)\system_debugger_using_debug_microblaze_lab5.elf_on_local.tcl'
15:46:53 INFO  : Disconnected from the channel tcfchan#7.
15:47:10 INFO  : Registering command handlers for SDK TCF services
15:47:10 INFO  : Launching XSCT server: xsct.bat -interactive C:\Users\BasileBerckmoes\Documents\GitHub\EmbeddedProcessing\Labo5\lab5\MicroBlaze_Lab3\MicroBlaze_Lab3.sdk\temp_xsdb_launch_script.tcl
15:50:10 ERROR : Timed out. 180 seconds have elapsed while waiting for XSCT server to launch.
15:50:10 INFO  : Launching XSCT server: xsct.bat -interactive C:\Users\BasileBerckmoes\Documents\GitHub\EmbeddedProcessing\Labo5\lab5\MicroBlaze_Lab3\MicroBlaze_Lab3.sdk\temp_xsdb_launch_script.tcl
15:53:10 ERROR : Timed out. 180 seconds have elapsed while waiting for XSCT server to launch.
15:53:10 INFO  : Launching XSCT server: xsct.bat -interactive C:\Users\BasileBerckmoes\Documents\GitHub\EmbeddedProcessing\Labo5\lab5\MicroBlaze_Lab3\MicroBlaze_Lab3.sdk\temp_xsdb_launch_script.tcl
15:53:10 ERROR : Failed to call init_repo
Reason: xsct server communication channel is not established.
15:53:10 ERROR : Exception raised in executing the command =Failed to call init_repo
Reason: xsct server communication channel is not established. 
15:53:10 INFO  : Processing command line option -hwspec C:/Users/BasileBerckmoes/Documents/GitHub/EmbeddedProcessing/Labo5/lab5/MicroBlaze_Lab3/MicroBlaze_Lab3.sdk/System_wrapper.hdf.
15:54:14 INFO  : Registering command handlers for SDK TCF services
15:54:15 INFO  : Launching XSCT server: xsct.bat -interactive C:\Users\BasileBerckmoes\Documents\GitHub\EmbeddedProcessing\Labo5\lab5\MicroBlaze_Lab3\MicroBlaze_Lab3.sdk\temp_xsdb_launch_script.tcl
15:55:58 INFO  : Registering command handlers for SDK TCF services
15:55:59 INFO  : Launching XSCT server: xsct.bat -interactive C:\Users\BasileBerckmoes\Documents\GitHub\EmbeddedProcessing\Labo5\lab5\MicroBlaze_Lab3\MicroBlaze_Lab3.sdk\temp_xsdb_launch_script.tcl
15:58:59 ERROR : Timed out. 180 seconds have elapsed while waiting for XSCT server to launch.
15:58:59 INFO  : Launching XSCT server: xsct.bat -interactive C:\Users\BasileBerckmoes\Documents\GitHub\EmbeddedProcessing\Labo5\lab5\MicroBlaze_Lab3\MicroBlaze_Lab3.sdk\temp_xsdb_launch_script.tcl
15:58:59 ERROR : Failed to call init_repo
Reason: xsct server communication channel is not established.
15:58:59 ERROR : Exception raised in executing the command =Failed to call init_repo
Reason: xsct server communication channel is not established. 
15:58:59 INFO  : Processing command line option -hwspec C:/Users/BasileBerckmoes/Documents/GitHub/EmbeddedProcessing/Labo5/lab5/MicroBlaze_Lab3/MicroBlaze_Lab3.sdk/System_wrapper.hdf.
