#-----------------------------------------------------------
# Vivado v2018.1 (64-bit)
# SW Build 2188600 on Wed Apr  4 18:40:38 MDT 2018
# IP Build 2185939 on Wed Apr  4 20:55:05 MDT 2018
# Start of session at: Fri May 25 10:41:43 2018
# Process ID: 1816
# Current directory: C:/Users/basile.berckmoes/Documents/GitHub/EmbeddedProcessing/Labo6/managed_ip_project
# Command line: vivado.exe -gui_launcher_event rodinguilauncherevent12092 C:\Users\basile.berckmoes\Documents\GitHub\EmbeddedProcessing\Labo6\managed_ip_project\managed_ip_project.xpr
# Log file: C:/Users/basile.berckmoes/Documents/GitHub/EmbeddedProcessing/Labo6/managed_ip_project/vivado.log
# Journal file: C:/Users/basile.berckmoes/Documents/GitHub/EmbeddedProcessing/Labo6/managed_ip_project\vivado.jou
#-----------------------------------------------------------
start_gui
open_project C:/Users/basile.berckmoes/Documents/GitHub/EmbeddedProcessing/Labo6/managed_ip_project/managed_ip_project.xpr
INFO: [ProjectBase 1-489] The host OS only allows 260 characters in a normal path. The project is stored in a path with more than 80 characters. If you experience issues with IP, Block Designs, or files not being found, please consider moving the project to a location with a shorter path. Alternately consider using the OS subst command to map part of the path to a drive letter.
Current project path is 'C:/Users/basile.berckmoes/Documents/GitHub/EmbeddedProcessing/Labo6/managed_ip_project'
INFO: [Project 1-313] Project file moved from 'C:/Users/BasileBerckmoes/Documents/GitHub/EmbeddedProcessing/Labo6/managed_ip_project' since last save.
Scanning sources...
Finished scanning sources
WARNING: [filemgmt 56-2] IPUserFilesDir: Could not find the directory 'C:/Users/basile.berckmoes/Documents/GitHub/EmbeddedProcessing/Labo6/ip_user_files', nor could it be found using path 'C:/Users/BasileBerckmoes/Documents/GitHub/EmbeddedProcessing/Labo6/ip_user_files'.
INFO: [IP_Flow 19-234] Refreshing IP repositories
INFO: [IP_Flow 19-1700] Loaded user IP repository 'c:/Users/basile.berckmoes/Documents/GitHub/EmbeddedProcessing/Labo6/ip_repo/VGA_sAXI_controller_1.0'.
INFO: [IP_Flow 19-2313] Loaded Vivado IP repository 'C:/Xilinx/Vivado/2018.1/data/ip'.
open_project: Time (s): cpu = 00:00:14 ; elapsed = 00:00:11 . Memory (MB): peak = 777.680 ; gain = 54.473
exit
INFO: [Common 17-206] Exiting Vivado at Fri May 25 10:42:47 2018...
