Duplicated file found; will not be sent for synthesis: c:/Users/Jona/Documents/GitHub/EmbeddedProcessing/Labo1/MicroBlaze_lab1/MicroBlaze_lab1.srcs/sources_1/ipshared/xilinx.com/lmb_v10_v3_0/1e6d3dbb/hdl/vhdl/lmb_v10.vhd
Duplicated file found; will not be sent for synthesis: c:/Users/Jona/Documents/GitHub/EmbeddedProcessing/Labo1/MicroBlaze_lab1/MicroBlaze_lab1.srcs/sources_1/ipshared/xilinx.com/lmb_bram_if_cntlr_v4_0/ce2c56db/hdl/vhdl/lmb_bram_if_funcs.vhd
Duplicated file found; will not be sent for synthesis: c:/Users/Jona/Documents/GitHub/EmbeddedProcessing/Labo1/MicroBlaze_lab1/MicroBlaze_lab1.srcs/sources_1/ipshared/xilinx.com/lmb_bram_if_cntlr_v4_0/ce2c56db/hdl/vhdl/xor18.vhd
Duplicated file found; will not be sent for synthesis: c:/Users/Jona/Documents/GitHub/EmbeddedProcessing/Labo1/MicroBlaze_lab1/MicroBlaze_lab1.srcs/sources_1/ipshared/xilinx.com/lmb_bram_if_cntlr_v4_0/ce2c56db/hdl/vhdl/parity.vhd
Duplicated file found; will not be sent for synthesis: c:/Users/Jona/Documents/GitHub/EmbeddedProcessing/Labo1/MicroBlaze_lab1/MicroBlaze_lab1.srcs/sources_1/ipshared/xilinx.com/lmb_bram_if_cntlr_v4_0/ce2c56db/hdl/vhdl/parityenable.vhd
Duplicated file found; will not be sent for synthesis: c:/Users/Jona/Documents/GitHub/EmbeddedProcessing/Labo1/MicroBlaze_lab1/MicroBlaze_lab1.srcs/sources_1/ipshared/xilinx.com/lmb_bram_if_cntlr_v4_0/ce2c56db/hdl/vhdl/checkbit_handler.vhd
Duplicated file found; will not be sent for synthesis: c:/Users/Jona/Documents/GitHub/EmbeddedProcessing/Labo1/MicroBlaze_lab1/MicroBlaze_lab1.srcs/sources_1/ipshared/xilinx.com/lmb_bram_if_cntlr_v4_0/ce2c56db/hdl/vhdl/correct_one_bit.vhd
Duplicated file found; will not be sent for synthesis: c:/Users/Jona/Documents/GitHub/EmbeddedProcessing/Labo1/MicroBlaze_lab1/MicroBlaze_lab1.srcs/sources_1/ipshared/xilinx.com/lmb_bram_if_cntlr_v4_0/ce2c56db/hdl/vhdl/pselect.vhd
Duplicated file found; will not be sent for synthesis: c:/Users/Jona/Documents/GitHub/EmbeddedProcessing/Labo1/MicroBlaze_lab1/MicroBlaze_lab1.srcs/sources_1/ipshared/xilinx.com/lmb_bram_if_cntlr_v4_0/ce2c56db/hdl/vhdl/pselect_mask.vhd
Duplicated file found; will not be sent for synthesis: c:/Users/Jona/Documents/GitHub/EmbeddedProcessing/Labo1/MicroBlaze_lab1/MicroBlaze_lab1.srcs/sources_1/ipshared/xilinx.com/lmb_bram_if_cntlr_v4_0/ce2c56db/hdl/vhdl/axi_interface.vhd
Duplicated file found; will not be sent for synthesis: c:/Users/Jona/Documents/GitHub/EmbeddedProcessing/Labo1/MicroBlaze_lab1/MicroBlaze_lab1.srcs/sources_1/ipshared/xilinx.com/lmb_bram_if_cntlr_v4_0/ce2c56db/hdl/vhdl/lmb_mux.vhd
Duplicated file found; will not be sent for synthesis: c:/Users/Jona/Documents/GitHub/EmbeddedProcessing/Labo1/MicroBlaze_lab1/MicroBlaze_lab1.srcs/sources_1/ipshared/xilinx.com/lmb_bram_if_cntlr_v4_0/ce2c56db/hdl/vhdl/lmb_bram_if_cntlr.vhd
Duplicated file found; will not be sent for synthesis: c:/Users/Jona/Documents/GitHub/EmbeddedProcessing/Labo1/MicroBlaze_lab1/MicroBlaze_lab1.srcs/sources_1/ipshared/xilinx.com/blk_mem_gen_v8_2/ebbf7913/hdl/blk_mem_gen_v8_2_synth_comp.vhd
Duplicated file found; will not be sent for synthesis: c:/Users/Jona/Documents/GitHub/EmbeddedProcessing/Labo1/MicroBlaze_lab1/MicroBlaze_lab1.srcs/sources_1/ipshared/xilinx.com/blk_mem_gen_v8_2/ebbf7913/hdl/blk_mem_gen_v8_2_defaults.vhd
Duplicated file found; will not be sent for synthesis: c:/Users/Jona/Documents/GitHub/EmbeddedProcessing/Labo1/MicroBlaze_lab1/MicroBlaze_lab1.srcs/sources_1/ipshared/xilinx.com/blk_mem_gen_v8_2/ebbf7913/hdl/blk_mem_gen_v8_2_pkg.vhd
Duplicated file found; will not be sent for synthesis: c:/Users/Jona/Documents/GitHub/EmbeddedProcessing/Labo1/MicroBlaze_lab1/MicroBlaze_lab1.srcs/sources_1/ipshared/xilinx.com/blk_mem_gen_v8_2/ebbf7913/hdl/blk_mem_gen_getinit_pkg.vhd
Duplicated file found; will not be sent for synthesis: c:/Users/Jona/Documents/GitHub/EmbeddedProcessing/Labo1/MicroBlaze_lab1/MicroBlaze_lab1.srcs/sources_1/ipshared/xilinx.com/blk_mem_gen_v8_2/ebbf7913/hdl/blk_mem_min_area_pkg.vhd
Duplicated file found; will not be sent for synthesis: c:/Users/Jona/Documents/GitHub/EmbeddedProcessing/Labo1/MicroBlaze_lab1/MicroBlaze_lab1.srcs/sources_1/ipshared/xilinx.com/blk_mem_gen_v8_2/ebbf7913/hdl/blk_mem_gen_bindec.vhd
Duplicated file found; will not be sent for synthesis: c:/Users/Jona/Documents/GitHub/EmbeddedProcessing/Labo1/MicroBlaze_lab1/MicroBlaze_lab1.srcs/sources_1/ipshared/xilinx.com/blk_mem_gen_v8_2/ebbf7913/hdl/blk_mem_gen_mux.vhd
Duplicated file found; will not be sent for synthesis: c:/Users/Jona/Documents/GitHub/EmbeddedProcessing/Labo1/MicroBlaze_lab1/MicroBlaze_lab1.srcs/sources_1/ipshared/xilinx.com/blk_mem_gen_v8_2/ebbf7913/hdl/blk_mem_gen_prim_wrapper.vhd
Duplicated file found; will not be sent for synthesis: c:/Users/Jona/Documents/GitHub/EmbeddedProcessing/Labo1/MicroBlaze_lab1/MicroBlaze_lab1.srcs/sources_1/ipshared/xilinx.com/blk_mem_gen_v8_2/ebbf7913/hdl/blk_mem_gen_prim_wrapper_init.vhd
Duplicated file found; will not be sent for synthesis: c:/Users/Jona/Documents/GitHub/EmbeddedProcessing/Labo1/MicroBlaze_lab1/MicroBlaze_lab1.srcs/sources_1/ipshared/xilinx.com/blk_mem_gen_v8_2/ebbf7913/hdl/blk_mem_gen_prim_width.vhd
Duplicated file found; will not be sent for synthesis: c:/Users/Jona/Documents/GitHub/EmbeddedProcessing/Labo1/MicroBlaze_lab1/MicroBlaze_lab1.srcs/sources_1/ipshared/xilinx.com/blk_mem_gen_v8_2/ebbf7913/hdl/blk_mem_gen_generic_cstr.vhd
Duplicated file found; will not be sent for synthesis: c:/Users/Jona/Documents/GitHub/EmbeddedProcessing/Labo1/MicroBlaze_lab1/MicroBlaze_lab1.srcs/sources_1/ipshared/xilinx.com/blk_mem_gen_v8_2/ebbf7913/hdl/blk_mem_gen_ecc_encoder.vhd
Duplicated file found; will not be sent for synthesis: c:/Users/Jona/Documents/GitHub/EmbeddedProcessing/Labo1/MicroBlaze_lab1/MicroBlaze_lab1.srcs/sources_1/ipshared/xilinx.com/blk_mem_gen_v8_2/ebbf7913/hdl/blk_mem_gen_ecc_decoder.vhd
Duplicated file found; will not be sent for synthesis: c:/Users/Jona/Documents/GitHub/EmbeddedProcessing/Labo1/MicroBlaze_lab1/MicroBlaze_lab1.srcs/sources_1/ipshared/xilinx.com/blk_mem_gen_v8_2/ebbf7913/hdl/blk_mem_input_block.vhd
Duplicated file found; will not be sent for synthesis: c:/Users/Jona/Documents/GitHub/EmbeddedProcessing/Labo1/MicroBlaze_lab1/MicroBlaze_lab1.srcs/sources_1/ipshared/xilinx.com/blk_mem_gen_v8_2/ebbf7913/hdl/blk_mem_output_block.vhd
Duplicated file found; will not be sent for synthesis: c:/Users/Jona/Documents/GitHub/EmbeddedProcessing/Labo1/MicroBlaze_lab1/MicroBlaze_lab1.srcs/sources_1/ipshared/xilinx.com/blk_mem_gen_v8_2/ebbf7913/hdl/blk_mem_axi_read_fsm.vhd
Duplicated file found; will not be sent for synthesis: c:/Users/Jona/Documents/GitHub/EmbeddedProcessing/Labo1/MicroBlaze_lab1/MicroBlaze_lab1.srcs/sources_1/ipshared/xilinx.com/blk_mem_gen_v8_2/ebbf7913/hdl/blk_mem_axi_read_wrapper.vhd
Duplicated file found; will not be sent for synthesis: c:/Users/Jona/Documents/GitHub/EmbeddedProcessing/Labo1/MicroBlaze_lab1/MicroBlaze_lab1.srcs/sources_1/ipshared/xilinx.com/blk_mem_gen_v8_2/ebbf7913/hdl/blk_mem_axi_write_fsm.vhd
Duplicated file found; will not be sent for synthesis: c:/Users/Jona/Documents/GitHub/EmbeddedProcessing/Labo1/MicroBlaze_lab1/MicroBlaze_lab1.srcs/sources_1/ipshared/xilinx.com/blk_mem_gen_v8_2/ebbf7913/hdl/blk_mem_axi_write_wrapper.vhd
Duplicated file found; will not be sent for synthesis: c:/Users/Jona/Documents/GitHub/EmbeddedProcessing/Labo1/MicroBlaze_lab1/MicroBlaze_lab1.srcs/sources_1/ipshared/xilinx.com/blk_mem_gen_v8_2/ebbf7913/hdl/blk_mem_axi_regs_fwd.vhd
Duplicated file found; will not be sent for synthesis: c:/Users/Jona/Documents/GitHub/EmbeddedProcessing/Labo1/MicroBlaze_lab1/MicroBlaze_lab1.srcs/sources_1/ipshared/xilinx.com/blk_mem_gen_v8_2/ebbf7913/hdl/blk_mem_gen_top.vhd
Duplicated file found; will not be sent for synthesis: c:/Users/Jona/Documents/GitHub/EmbeddedProcessing/Labo1/MicroBlaze_lab1/MicroBlaze_lab1.srcs/sources_1/ipshared/xilinx.com/blk_mem_gen_v8_2/ebbf7913/hdl/blk_mem_gen_v8_2_synth.vhd
Duplicated file found; will not be sent for synthesis: c:/Users/Jona/Documents/GitHub/EmbeddedProcessing/Labo1/MicroBlaze_lab1/MicroBlaze_lab1.srcs/sources_1/ipshared/xilinx.com/blk_mem_gen_v8_2/ebbf7913/hdl/blk_mem_gen_v8_2.vhd
Duplicated file found; will not be sent for synthesis: c:/Users/Jona/Documents/GitHub/EmbeddedProcessing/Labo1/MicroBlaze_lab1/MicroBlaze_lab1.srcs/sources_1/ipshared/xilinx.com/blk_mem_gen_v8_2/ebbf7913/hdl/blk_mem_gen_v8_2_synth_comp.vhd
Duplicated file found; will not be sent for synthesis: c:/Users/Jona/Documents/GitHub/EmbeddedProcessing/Labo1/MicroBlaze_lab1/MicroBlaze_lab1.srcs/sources_1/ipshared/xilinx.com/blk_mem_gen_v8_2/ebbf7913/hdl/blk_mem_gen_v8_2_defaults.vhd
Duplicated file found; will not be sent for synthesis: c:/Users/Jona/Documents/GitHub/EmbeddedProcessing/Labo1/MicroBlaze_lab1/MicroBlaze_lab1.srcs/sources_1/ipshared/xilinx.com/blk_mem_gen_v8_2/ebbf7913/hdl/blk_mem_gen_v8_2_pkg.vhd
Duplicated file found; will not be sent for synthesis: c:/Users/Jona/Documents/GitHub/EmbeddedProcessing/Labo1/MicroBlaze_lab1/MicroBlaze_lab1.srcs/sources_1/ipshared/xilinx.com/blk_mem_gen_v8_2/ebbf7913/hdl/blk_mem_gen_getinit_pkg.vhd
Duplicated file found; will not be sent for synthesis: c:/Users/Jona/Documents/GitHub/EmbeddedProcessing/Labo1/MicroBlaze_lab1/MicroBlaze_lab1.srcs/sources_1/ipshared/xilinx.com/blk_mem_gen_v8_2/ebbf7913/hdl/blk_mem_min_area_pkg.vhd
Duplicated file found; will not be sent for synthesis: c:/Users/Jona/Documents/GitHub/EmbeddedProcessing/Labo1/MicroBlaze_lab1/MicroBlaze_lab1.srcs/sources_1/ipshared/xilinx.com/blk_mem_gen_v8_2/ebbf7913/hdl/blk_mem_gen_bindec.vhd
Duplicated file found; will not be sent for synthesis: c:/Users/Jona/Documents/GitHub/EmbeddedProcessing/Labo1/MicroBlaze_lab1/MicroBlaze_lab1.srcs/sources_1/ipshared/xilinx.com/blk_mem_gen_v8_2/ebbf7913/hdl/blk_mem_gen_mux.vhd
Duplicated file found; will not be sent for synthesis: c:/Users/Jona/Documents/GitHub/EmbeddedProcessing/Labo1/MicroBlaze_lab1/MicroBlaze_lab1.srcs/sources_1/ipshared/xilinx.com/blk_mem_gen_v8_2/ebbf7913/hdl/blk_mem_gen_prim_wrapper.vhd
Duplicated file found; will not be sent for synthesis: c:/Users/Jona/Documents/GitHub/EmbeddedProcessing/Labo1/MicroBlaze_lab1/MicroBlaze_lab1.srcs/sources_1/ipshared/xilinx.com/blk_mem_gen_v8_2/ebbf7913/hdl/blk_mem_gen_prim_wrapper_init.vhd
Duplicated file found; will not be sent for synthesis: c:/Users/Jona/Documents/GitHub/EmbeddedProcessing/Labo1/MicroBlaze_lab1/MicroBlaze_lab1.srcs/sources_1/ipshared/xilinx.com/blk_mem_gen_v8_2/ebbf7913/hdl/blk_mem_gen_prim_width.vhd
Duplicated file found; will not be sent for synthesis: c:/Users/Jona/Documents/GitHub/EmbeddedProcessing/Labo1/MicroBlaze_lab1/MicroBlaze_lab1.srcs/sources_1/ipshared/xilinx.com/blk_mem_gen_v8_2/ebbf7913/hdl/blk_mem_gen_generic_cstr.vhd
Duplicated file found; will not be sent for synthesis: c:/Users/Jona/Documents/GitHub/EmbeddedProcessing/Labo1/MicroBlaze_lab1/MicroBlaze_lab1.srcs/sources_1/ipshared/xilinx.com/blk_mem_gen_v8_2/ebbf7913/hdl/blk_mem_gen_ecc_encoder.vhd
Duplicated file found; will not be sent for synthesis: c:/Users/Jona/Documents/GitHub/EmbeddedProcessing/Labo1/MicroBlaze_lab1/MicroBlaze_lab1.srcs/sources_1/ipshared/xilinx.com/blk_mem_gen_v8_2/ebbf7913/hdl/blk_mem_gen_ecc_decoder.vhd
Duplicated file found; will not be sent for synthesis: c:/Users/Jona/Documents/GitHub/EmbeddedProcessing/Labo1/MicroBlaze_lab1/MicroBlaze_lab1.srcs/sources_1/ipshared/xilinx.com/blk_mem_gen_v8_2/ebbf7913/hdl/blk_mem_input_block.vhd
Duplicated file found; will not be sent for synthesis: c:/Users/Jona/Documents/GitHub/EmbeddedProcessing/Labo1/MicroBlaze_lab1/MicroBlaze_lab1.srcs/sources_1/ipshared/xilinx.com/blk_mem_gen_v8_2/ebbf7913/hdl/blk_mem_output_block.vhd
Duplicated file found; will not be sent for synthesis: c:/Users/Jona/Documents/GitHub/EmbeddedProcessing/Labo1/MicroBlaze_lab1/MicroBlaze_lab1.srcs/sources_1/ipshared/xilinx.com/blk_mem_gen_v8_2/ebbf7913/hdl/blk_mem_axi_read_fsm.vhd
Duplicated file found; will not be sent for synthesis: c:/Users/Jona/Documents/GitHub/EmbeddedProcessing/Labo1/MicroBlaze_lab1/MicroBlaze_lab1.srcs/sources_1/ipshared/xilinx.com/blk_mem_gen_v8_2/ebbf7913/hdl/blk_mem_axi_read_wrapper.vhd
Duplicated file found; will not be sent for synthesis: c:/Users/Jona/Documents/GitHub/EmbeddedProcessing/Labo1/MicroBlaze_lab1/MicroBlaze_lab1.srcs/sources_1/ipshared/xilinx.com/blk_mem_gen_v8_2/ebbf7913/hdl/blk_mem_axi_write_fsm.vhd
Duplicated file found; will not be sent for synthesis: c:/Users/Jona/Documents/GitHub/EmbeddedProcessing/Labo1/MicroBlaze_lab1/MicroBlaze_lab1.srcs/sources_1/ipshared/xilinx.com/blk_mem_gen_v8_2/ebbf7913/hdl/blk_mem_axi_write_wrapper.vhd
Duplicated file found; will not be sent for synthesis: c:/Users/Jona/Documents/GitHub/EmbeddedProcessing/Labo1/MicroBlaze_lab1/MicroBlaze_lab1.srcs/sources_1/ipshared/xilinx.com/blk_mem_gen_v8_2/ebbf7913/hdl/blk_mem_axi_regs_fwd.vhd
Duplicated file found; will not be sent for synthesis: c:/Users/Jona/Documents/GitHub/EmbeddedProcessing/Labo1/MicroBlaze_lab1/MicroBlaze_lab1.srcs/sources_1/ipshared/xilinx.com/blk_mem_gen_v8_2/ebbf7913/hdl/blk_mem_gen_top.vhd
Duplicated file found; will not be sent for synthesis: c:/Users/Jona/Documents/GitHub/EmbeddedProcessing/Labo1/MicroBlaze_lab1/MicroBlaze_lab1.srcs/sources_1/ipshared/xilinx.com/blk_mem_gen_v8_2/ebbf7913/hdl/blk_mem_gen_v8_2_synth.vhd
Duplicated file found; will not be sent for synthesis: c:/Users/Jona/Documents/GitHub/EmbeddedProcessing/Labo1/MicroBlaze_lab1/MicroBlaze_lab1.srcs/sources_1/ipshared/xilinx.com/blk_mem_gen_v8_2/ebbf7913/hdl/blk_mem_gen_v8_2.vhd
Duplicated file found; will not be sent for synthesis: c:/Users/Jona/Documents/GitHub/EmbeddedProcessing/Labo1/MicroBlaze_lab1/MicroBlaze_lab1.srcs/sources_1/ipshared/xilinx.com/fifo_generator_v12_0/8b540c64/hdl/fifo_generator_v12_0_pkg.vhd
Duplicated file found; will not be sent for synthesis: c:/Users/Jona/Documents/GitHub/EmbeddedProcessing/Labo1/MicroBlaze_lab1/MicroBlaze_lab1.srcs/sources_1/ipshared/xilinx.com/fifo_generator_v12_0/8b540c64/hdl/fifo_generator_v12_0_defaults.vhd
Duplicated file found; will not be sent for synthesis: c:/Users/Jona/Documents/GitHub/EmbeddedProcessing/Labo1/MicroBlaze_lab1/MicroBlaze_lab1.srcs/sources_1/ipshared/xilinx.com/fifo_generator_v12_0/8b540c64/hdl/ramfifo/bram_sync_reg.vhd
Duplicated file found; will not be sent for synthesis: c:/Users/Jona/Documents/GitHub/EmbeddedProcessing/Labo1/MicroBlaze_lab1/MicroBlaze_lab1.srcs/sources_1/ipshared/xilinx.com/fifo_generator_v12_0/8b540c64/hdl/ramfifo/bram_fifo_rstlogic.vhd
Duplicated file found; will not be sent for synthesis: c:/Users/Jona/Documents/GitHub/EmbeddedProcessing/Labo1/MicroBlaze_lab1/MicroBlaze_lab1.srcs/sources_1/ipshared/xilinx.com/fifo_generator_v12_0/8b540c64/hdl/common/input_blk.vhd
Duplicated file found; will not be sent for synthesis: c:/Users/Jona/Documents/GitHub/EmbeddedProcessing/Labo1/MicroBlaze_lab1/MicroBlaze_lab1.srcs/sources_1/ipshared/xilinx.com/fifo_generator_v12_0/8b540c64/hdl/common/output_blk.vhd
Duplicated file found; will not be sent for synthesis: c:/Users/Jona/Documents/GitHub/EmbeddedProcessing/Labo1/MicroBlaze_lab1/MicroBlaze_lab1.srcs/sources_1/ipshared/xilinx.com/fifo_generator_v12_0/8b540c64/hdl/common/synchronizer_ff.vhd
Duplicated file found; will not be sent for synthesis: c:/Users/Jona/Documents/GitHub/EmbeddedProcessing/Labo1/MicroBlaze_lab1/MicroBlaze_lab1.srcs/sources_1/ipshared/xilinx.com/fifo_generator_v12_0/8b540c64/hdl/common/shft_wrapper.vhd
Duplicated file found; will not be sent for synthesis: c:/Users/Jona/Documents/GitHub/EmbeddedProcessing/Labo1/MicroBlaze_lab1/MicroBlaze_lab1.srcs/sources_1/ipshared/xilinx.com/fifo_generator_v12_0/8b540c64/hdl/common/shft_ram.vhd
Duplicated file found; will not be sent for synthesis: c:/Users/Jona/Documents/GitHub/EmbeddedProcessing/Labo1/MicroBlaze_lab1/MicroBlaze_lab1.srcs/sources_1/ipshared/xilinx.com/fifo_generator_v12_0/8b540c64/hdl/ramfifo/dmem.vhd
Duplicated file found; will not be sent for synthesis: c:/Users/Jona/Documents/GitHub/EmbeddedProcessing/Labo1/MicroBlaze_lab1/MicroBlaze_lab1.srcs/sources_1/ipshared/xilinx.com/fifo_generator_v12_0/8b540c64/hdl/ramfifo/memory.vhd
Duplicated file found; will not be sent for synthesis: c:/Users/Jona/Documents/GitHub/EmbeddedProcessing/Labo1/MicroBlaze_lab1/MicroBlaze_lab1.srcs/sources_1/ipshared/xilinx.com/fifo_generator_v12_0/8b540c64/hdl/ramfifo/compare.vhd
Duplicated file found; will not be sent for synthesis: c:/Users/Jona/Documents/GitHub/EmbeddedProcessing/Labo1/MicroBlaze_lab1/MicroBlaze_lab1.srcs/sources_1/ipshared/xilinx.com/fifo_generator_v12_0/8b540c64/hdl/ramfifo/wr_bin_cntr.vhd
Duplicated file found; will not be sent for synthesis: c:/Users/Jona/Documents/GitHub/EmbeddedProcessing/Labo1/MicroBlaze_lab1/MicroBlaze_lab1.srcs/sources_1/ipshared/xilinx.com/fifo_generator_v12_0/8b540c64/hdl/ramfifo/rd_bin_cntr.vhd
Duplicated file found; will not be sent for synthesis: c:/Users/Jona/Documents/GitHub/EmbeddedProcessing/Labo1/MicroBlaze_lab1/MicroBlaze_lab1.srcs/sources_1/ipshared/xilinx.com/fifo_generator_v12_0/8b540c64/hdl/ramfifo/updn_cntr.vhd
Duplicated file found; will not be sent for synthesis: c:/Users/Jona/Documents/GitHub/EmbeddedProcessing/Labo1/MicroBlaze_lab1/MicroBlaze_lab1.srcs/sources_1/ipshared/xilinx.com/fifo_generator_v12_0/8b540c64/hdl/ramfifo/rd_status_flags_as.vhd
Duplicated file found; will not be sent for synthesis: c:/Users/Jona/Documents/GitHub/EmbeddedProcessing/Labo1/MicroBlaze_lab1/MicroBlaze_lab1.srcs/sources_1/ipshared/xilinx.com/fifo_generator_v12_0/8b540c64/hdl/ramfifo/rd_status_flags_ss.vhd
Duplicated file found; will not be sent for synthesis: c:/Users/Jona/Documents/GitHub/EmbeddedProcessing/Labo1/MicroBlaze_lab1/MicroBlaze_lab1.srcs/sources_1/ipshared/xilinx.com/fifo_generator_v12_0/8b540c64/hdl/common/rd_pe_as.vhd
Duplicated file found; will not be sent for synthesis: c:/Users/Jona/Documents/GitHub/EmbeddedProcessing/Labo1/MicroBlaze_lab1/MicroBlaze_lab1.srcs/sources_1/ipshared/xilinx.com/fifo_generator_v12_0/8b540c64/hdl/common/rd_pe_ss.vhd
Duplicated file found; will not be sent for synthesis: c:/Users/Jona/Documents/GitHub/EmbeddedProcessing/Labo1/MicroBlaze_lab1/MicroBlaze_lab1.srcs/sources_1/ipshared/xilinx.com/fifo_generator_v12_0/8b540c64/hdl/ramfifo/rd_handshaking_flags.vhd
Duplicated file found; will not be sent for synthesis: c:/Users/Jona/Documents/GitHub/EmbeddedProcessing/Labo1/MicroBlaze_lab1/MicroBlaze_lab1.srcs/sources_1/ipshared/xilinx.com/fifo_generator_v12_0/8b540c64/hdl/ramfifo/rd_dc_as.vhd
Duplicated file found; will not be sent for synthesis: c:/Users/Jona/Documents/GitHub/EmbeddedProcessing/Labo1/MicroBlaze_lab1/MicroBlaze_lab1.srcs/sources_1/ipshared/xilinx.com/fifo_generator_v12_0/8b540c64/hdl/ramfifo/rd_dc_fwft_ext_as.vhd
Duplicated file found; will not be sent for synthesis: c:/Users/Jona/Documents/GitHub/EmbeddedProcessing/Labo1/MicroBlaze_lab1/MicroBlaze_lab1.srcs/sources_1/ipshared/xilinx.com/fifo_generator_v12_0/8b540c64/hdl/ramfifo/dc_ss_fwft.vhd
Duplicated file found; will not be sent for synthesis: c:/Users/Jona/Documents/GitHub/EmbeddedProcessing/Labo1/MicroBlaze_lab1/MicroBlaze_lab1.srcs/sources_1/ipshared/xilinx.com/fifo_generator_v12_0/8b540c64/hdl/ramfifo/rd_fwft.vhd
Duplicated file found; will not be sent for synthesis: c:/Users/Jona/Documents/GitHub/EmbeddedProcessing/Labo1/MicroBlaze_lab1/MicroBlaze_lab1.srcs/sources_1/ipshared/xilinx.com/fifo_generator_v12_0/8b540c64/hdl/ramfifo/rd_logic_pkt_fifo.vhd
Duplicated file found; will not be sent for synthesis: c:/Users/Jona/Documents/GitHub/EmbeddedProcessing/Labo1/MicroBlaze_lab1/MicroBlaze_lab1.srcs/sources_1/ipshared/xilinx.com/fifo_generator_v12_0/8b540c64/hdl/ramfifo/reset_blk_ramfifo.vhd
Duplicated file found; will not be sent for synthesis: c:/Users/Jona/Documents/GitHub/EmbeddedProcessing/Labo1/MicroBlaze_lab1/MicroBlaze_lab1.srcs/sources_1/ipshared/xilinx.com/fifo_generator_v12_0/8b540c64/hdl/ramfifo/clk_x_pntrs.vhd
Duplicated file found; will not be sent for synthesis: c:/Users/Jona/Documents/GitHub/EmbeddedProcessing/Labo1/MicroBlaze_lab1/MicroBlaze_lab1.srcs/sources_1/ipshared/xilinx.com/fifo_generator_v12_0/8b540c64/hdl/ramfifo/wr_status_flags_as.vhd
Duplicated file found; will not be sent for synthesis: c:/Users/Jona/Documents/GitHub/EmbeddedProcessing/Labo1/MicroBlaze_lab1/MicroBlaze_lab1.srcs/sources_1/ipshared/xilinx.com/fifo_generator_v12_0/8b540c64/hdl/ramfifo/wr_status_flags_ss.vhd
Duplicated file found; will not be sent for synthesis: c:/Users/Jona/Documents/GitHub/EmbeddedProcessing/Labo1/MicroBlaze_lab1/MicroBlaze_lab1.srcs/sources_1/ipshared/xilinx.com/fifo_generator_v12_0/8b540c64/hdl/common/wr_pf_as.vhd
Duplicated file found; will not be sent for synthesis: c:/Users/Jona/Documents/GitHub/EmbeddedProcessing/Labo1/MicroBlaze_lab1/MicroBlaze_lab1.srcs/sources_1/ipshared/xilinx.com/fifo_generator_v12_0/8b540c64/hdl/common/wr_pf_ss.vhd
Duplicated file found; will not be sent for synthesis: c:/Users/Jona/Documents/GitHub/EmbeddedProcessing/Labo1/MicroBlaze_lab1/MicroBlaze_lab1.srcs/sources_1/ipshared/xilinx.com/fifo_generator_v12_0/8b540c64/hdl/ramfifo/wr_handshaking_flags.vhd
Duplicated file found; will not be sent for synthesis: c:/Users/Jona/Documents/GitHub/EmbeddedProcessing/Labo1/MicroBlaze_lab1/MicroBlaze_lab1.srcs/sources_1/ipshared/xilinx.com/fifo_generator_v12_0/8b540c64/hdl/ramfifo/wr_dc_as.vhd
Duplicated file found; will not be sent for synthesis: c:/Users/Jona/Documents/GitHub/EmbeddedProcessing/Labo1/MicroBlaze_lab1/MicroBlaze_lab1.srcs/sources_1/ipshared/xilinx.com/fifo_generator_v12_0/8b540c64/hdl/ramfifo/wr_dc_fwft_ext_as.vhd
Duplicated file found; will not be sent for synthesis: c:/Users/Jona/Documents/GitHub/EmbeddedProcessing/Labo1/MicroBlaze_lab1/MicroBlaze_lab1.srcs/sources_1/ipshared/xilinx.com/fifo_generator_v12_0/8b540c64/hdl/ramfifo/dc_ss.vhd
Duplicated file found; will not be sent for synthesis: c:/Users/Jona/Documents/GitHub/EmbeddedProcessing/Labo1/MicroBlaze_lab1/MicroBlaze_lab1.srcs/sources_1/ipshared/xilinx.com/fifo_generator_v12_0/8b540c64/hdl/ramfifo/wr_logic.vhd
Duplicated file found; will not be sent for synthesis: c:/Users/Jona/Documents/GitHub/EmbeddedProcessing/Labo1/MicroBlaze_lab1/MicroBlaze_lab1.srcs/sources_1/ipshared/xilinx.com/fifo_generator_v12_0/8b540c64/hdl/ramfifo/wr_logic_pkt_fifo.vhd
Duplicated file found; will not be sent for synthesis: c:/Users/Jona/Documents/GitHub/EmbeddedProcessing/Labo1/MicroBlaze_lab1/MicroBlaze_lab1.srcs/sources_1/ipshared/xilinx.com/fifo_generator_v12_0/8b540c64/hdl/ramfifo/wr_status_flags_sshft.vhd
Duplicated file found; will not be sent for synthesis: c:/Users/Jona/Documents/GitHub/EmbeddedProcessing/Labo1/MicroBlaze_lab1/MicroBlaze_lab1.srcs/sources_1/ipshared/xilinx.com/fifo_generator_v12_0/8b540c64/hdl/ramfifo/rd_status_flags_sshft.vhd
Duplicated file found; will not be sent for synthesis: c:/Users/Jona/Documents/GitHub/EmbeddedProcessing/Labo1/MicroBlaze_lab1/MicroBlaze_lab1.srcs/sources_1/ipshared/xilinx.com/fifo_generator_v12_0/8b540c64/hdl/ramfifo/wr_pf_sshft.vhd
Duplicated file found; will not be sent for synthesis: c:/Users/Jona/Documents/GitHub/EmbeddedProcessing/Labo1/MicroBlaze_lab1/MicroBlaze_lab1.srcs/sources_1/ipshared/xilinx.com/fifo_generator_v12_0/8b540c64/hdl/ramfifo/rd_pe_sshft.vhd
Duplicated file found; will not be sent for synthesis: c:/Users/Jona/Documents/GitHub/EmbeddedProcessing/Labo1/MicroBlaze_lab1/MicroBlaze_lab1.srcs/sources_1/ipshared/xilinx.com/fifo_generator_v12_0/8b540c64/hdl/ramfifo/logic_sshft.vhd
Duplicated file found; will not be sent for synthesis: c:/Users/Jona/Documents/GitHub/EmbeddedProcessing/Labo1/MicroBlaze_lab1/MicroBlaze_lab1.srcs/sources_1/ipshared/xilinx.com/fifo_generator_v12_0/8b540c64/hdl/ramfifo/async_fifo.vhd
Duplicated file found; will not be sent for synthesis: c:/Users/Jona/Documents/GitHub/EmbeddedProcessing/Labo1/MicroBlaze_lab1/MicroBlaze_lab1.srcs/sources_1/ipshared/xilinx.com/fifo_generator_v12_0/8b540c64/hdl/ramfifo/rd_logic.vhd
Duplicated file found; will not be sent for synthesis: c:/Users/Jona/Documents/GitHub/EmbeddedProcessing/Labo1/MicroBlaze_lab1/MicroBlaze_lab1.srcs/sources_1/ipshared/xilinx.com/fifo_generator_v12_0/8b540c64/hdl/ramfifo/fifo_generator_ramfifo.vhd
Duplicated file found; will not be sent for synthesis: c:/Users/Jona/Documents/GitHub/EmbeddedProcessing/Labo1/MicroBlaze_lab1/MicroBlaze_lab1.srcs/sources_1/ipshared/xilinx.com/fifo_generator_v12_0/8b540c64/hdl/builtin/fifo_generator_v12_0_comps_builtin.vhd
Duplicated file found; will not be sent for synthesis: c:/Users/Jona/Documents/GitHub/EmbeddedProcessing/Labo1/MicroBlaze_lab1/MicroBlaze_lab1.srcs/sources_1/ipshared/xilinx.com/fifo_generator_v12_0/8b540c64/hdl/builtin/delay.vhd
Duplicated file found; will not be sent for synthesis: c:/Users/Jona/Documents/GitHub/EmbeddedProcessing/Labo1/MicroBlaze_lab1/MicroBlaze_lab1.srcs/sources_1/ipshared/xilinx.com/fifo_generator_v12_0/8b540c64/hdl/builtin/clk_x_pntrs_builtin.vhd
Duplicated file found; will not be sent for synthesis: c:/Users/Jona/Documents/GitHub/EmbeddedProcessing/Labo1/MicroBlaze_lab1/MicroBlaze_lab1.srcs/sources_1/ipshared/xilinx.com/fifo_generator_v12_0/8b540c64/hdl/builtin/bin_cntr.vhd
Duplicated file found; will not be sent for synthesis: c:/Users/Jona/Documents/GitHub/EmbeddedProcessing/Labo1/MicroBlaze_lab1/MicroBlaze_lab1.srcs/sources_1/ipshared/xilinx.com/fifo_generator_v12_0/8b540c64/hdl/builtin/logic_builtin.vhd
Duplicated file found; will not be sent for synthesis: c:/Users/Jona/Documents/GitHub/EmbeddedProcessing/Labo1/MicroBlaze_lab1/MicroBlaze_lab1.srcs/sources_1/ipshared/xilinx.com/fifo_generator_v12_0/8b540c64/hdl/builtin/reset_builtin.vhd
Duplicated file found; will not be sent for synthesis: c:/Users/Jona/Documents/GitHub/EmbeddedProcessing/Labo1/MicroBlaze_lab1/MicroBlaze_lab1.srcs/sources_1/ipshared/xilinx.com/fifo_generator_v12_0/8b540c64/hdl/builtin/builtin_prim.vhd
Duplicated file found; will not be sent for synthesis: c:/Users/Jona/Documents/GitHub/EmbeddedProcessing/Labo1/MicroBlaze_lab1/MicroBlaze_lab1.srcs/sources_1/ipshared/xilinx.com/fifo_generator_v12_0/8b540c64/hdl/builtin/builtin_extdepth.vhd
Duplicated file found; will not be sent for synthesis: c:/Users/Jona/Documents/GitHub/EmbeddedProcessing/Labo1/MicroBlaze_lab1/MicroBlaze_lab1.srcs/sources_1/ipshared/xilinx.com/fifo_generator_v12_0/8b540c64/hdl/builtin/builtin_top.vhd
Duplicated file found; will not be sent for synthesis: c:/Users/Jona/Documents/GitHub/EmbeddedProcessing/Labo1/MicroBlaze_lab1/MicroBlaze_lab1.srcs/sources_1/ipshared/xilinx.com/fifo_generator_v12_0/8b540c64/hdl/builtin/builtin_prim_v6.vhd
Duplicated file found; will not be sent for synthesis: c:/Users/Jona/Documents/GitHub/EmbeddedProcessing/Labo1/MicroBlaze_lab1/MicroBlaze_lab1.srcs/sources_1/ipshared/xilinx.com/fifo_generator_v12_0/8b540c64/hdl/builtin/builtin_extdepth_v6.vhd
Duplicated file found; will not be sent for synthesis: c:/Users/Jona/Documents/GitHub/EmbeddedProcessing/Labo1/MicroBlaze_lab1/MicroBlaze_lab1.srcs/sources_1/ipshared/xilinx.com/fifo_generator_v12_0/8b540c64/hdl/builtin/builtin_extdepth_low_latency.vhd
Duplicated file found; will not be sent for synthesis: c:/Users/Jona/Documents/GitHub/EmbeddedProcessing/Labo1/MicroBlaze_lab1/MicroBlaze_lab1.srcs/sources_1/ipshared/xilinx.com/fifo_generator_v12_0/8b540c64/hdl/builtin/builtin_top_v6.vhd
Duplicated file found; will not be sent for synthesis: c:/Users/Jona/Documents/GitHub/EmbeddedProcessing/Labo1/MicroBlaze_lab1/MicroBlaze_lab1.srcs/sources_1/ipshared/xilinx.com/fifo_generator_v12_0/8b540c64/hdl/builtin/fifo_generator_v12_0_builtin.vhd
Duplicated file found; will not be sent for synthesis: c:/Users/Jona/Documents/GitHub/EmbeddedProcessing/Labo1/MicroBlaze_lab1/MicroBlaze_lab1.srcs/sources_1/ipshared/xilinx.com/fifo_generator_v12_0/8b540c64/hdl/fifo_generator_top.vhd
Duplicated file found; will not be sent for synthesis: c:/Users/Jona/Documents/GitHub/EmbeddedProcessing/Labo1/MicroBlaze_lab1/MicroBlaze_lab1.srcs/sources_1/ipshared/xilinx.com/fifo_generator_v12_0/8b540c64/hdl/ramfifo/axi_reg_slice.vhd
Duplicated file found; will not be sent for synthesis: c:/Users/Jona/Documents/GitHub/EmbeddedProcessing/Labo1/MicroBlaze_lab1/MicroBlaze_lab1.srcs/sources_1/ipshared/xilinx.com/fifo_generator_v12_0/8b540c64/hdl/fifo_generator_v12_0_synth.vhd
Duplicated file found; will not be sent for synthesis: c:/Users/Jona/Documents/GitHub/EmbeddedProcessing/Labo1/MicroBlaze_lab1/MicroBlaze_lab1.srcs/sources_1/ipshared/xilinx.com/fifo_generator_v12_0/8b540c64/hdl/fifo_generator_v12_0.vhd
Duplicated file found; will not be sent for synthesis: c:/Users/Jona/Documents/GitHub/EmbeddedProcessing/Labo1/MicroBlaze_lab1/MicroBlaze_lab1.srcs/sources_1/ipshared/xilinx.com/proc_common_v4_0/e2794af0/hdl/src/vhdl/family.vhd
Duplicated file found; will not be sent for synthesis: c:/Users/Jona/Documents/GitHub/EmbeddedProcessing/Labo1/MicroBlaze_lab1/MicroBlaze_lab1.srcs/sources_1/ipshared/xilinx.com/proc_common_v4_0/e2794af0/hdl/src/vhdl/family_support.vhd
Duplicated file found; will not be sent for synthesis: c:/Users/Jona/Documents/GitHub/EmbeddedProcessing/Labo1/MicroBlaze_lab1/MicroBlaze_lab1.srcs/sources_1/ipshared/xilinx.com/proc_common_v4_0/e2794af0/hdl/src/vhdl/coregen_comp_defs.vhd
Duplicated file found; will not be sent for synthesis: c:/Users/Jona/Documents/GitHub/EmbeddedProcessing/Labo1/MicroBlaze_lab1/MicroBlaze_lab1.srcs/sources_1/ipshared/xilinx.com/proc_common_v4_0/e2794af0/hdl/src/vhdl/common_types_pkg.vhd
Duplicated file found; will not be sent for synthesis: c:/Users/Jona/Documents/GitHub/EmbeddedProcessing/Labo1/MicroBlaze_lab1/MicroBlaze_lab1.srcs/sources_1/ipshared/xilinx.com/proc_common_v4_0/e2794af0/hdl/src/vhdl/proc_common_pkg.vhd
Duplicated file found; will not be sent for synthesis: c:/Users/Jona/Documents/GitHub/EmbeddedProcessing/Labo1/MicroBlaze_lab1/MicroBlaze_lab1.srcs/sources_1/ipshared/xilinx.com/proc_common_v4_0/e2794af0/hdl/src/vhdl/conv_funs_pkg.vhd
Duplicated file found; will not be sent for synthesis: c:/Users/Jona/Documents/GitHub/EmbeddedProcessing/Labo1/MicroBlaze_lab1/MicroBlaze_lab1.srcs/sources_1/ipshared/xilinx.com/proc_common_v4_0/e2794af0/hdl/src/vhdl/ipif_pkg.vhd
Duplicated file found; will not be sent for synthesis: c:/Users/Jona/Documents/GitHub/EmbeddedProcessing/Labo1/MicroBlaze_lab1/MicroBlaze_lab1.srcs/sources_1/ipshared/xilinx.com/proc_common_v4_0/e2794af0/hdl/src/vhdl/async_fifo_fg.vhd
Duplicated file found; will not be sent for synthesis: c:/Users/Jona/Documents/GitHub/EmbeddedProcessing/Labo1/MicroBlaze_lab1/MicroBlaze_lab1.srcs/sources_1/ipshared/xilinx.com/proc_common_v4_0/e2794af0/hdl/src/vhdl/sync_fifo_fg.vhd
Duplicated file found; will not be sent for synthesis: c:/Users/Jona/Documents/GitHub/EmbeddedProcessing/Labo1/MicroBlaze_lab1/MicroBlaze_lab1.srcs/sources_1/ipshared/xilinx.com/proc_common_v4_0/e2794af0/hdl/src/vhdl/basic_sfifo_fg.vhd
Duplicated file found; will not be sent for synthesis: c:/Users/Jona/Documents/GitHub/EmbeddedProcessing/Labo1/MicroBlaze_lab1/MicroBlaze_lab1.srcs/sources_1/ipshared/xilinx.com/proc_common_v4_0/e2794af0/hdl/src/vhdl/blk_mem_gen_wrapper.vhd
Duplicated file found; will not be sent for synthesis: c:/Users/Jona/Documents/GitHub/EmbeddedProcessing/Labo1/MicroBlaze_lab1/MicroBlaze_lab1.srcs/sources_1/ipshared/xilinx.com/proc_common_v4_0/e2794af0/hdl/src/vhdl/addsub.vhd
Duplicated file found; will not be sent for synthesis: c:/Users/Jona/Documents/GitHub/EmbeddedProcessing/Labo1/MicroBlaze_lab1/MicroBlaze_lab1.srcs/sources_1/ipshared/xilinx.com/proc_common_v4_0/e2794af0/hdl/src/vhdl/counter_bit.vhd
Duplicated file found; will not be sent for synthesis: c:/Users/Jona/Documents/GitHub/EmbeddedProcessing/Labo1/MicroBlaze_lab1/MicroBlaze_lab1.srcs/sources_1/ipshared/xilinx.com/proc_common_v4_0/e2794af0/hdl/src/vhdl/counter.vhd
Duplicated file found; will not be sent for synthesis: c:/Users/Jona/Documents/GitHub/EmbeddedProcessing/Labo1/MicroBlaze_lab1/MicroBlaze_lab1.srcs/sources_1/ipshared/xilinx.com/proc_common_v4_0/e2794af0/hdl/src/vhdl/direct_path_cntr.vhd
Duplicated file found; will not be sent for synthesis: c:/Users/Jona/Documents/GitHub/EmbeddedProcessing/Labo1/MicroBlaze_lab1/MicroBlaze_lab1.srcs/sources_1/ipshared/xilinx.com/proc_common_v4_0/e2794af0/hdl/src/vhdl/direct_path_cntr_ai.vhd
Duplicated file found; will not be sent for synthesis: c:/Users/Jona/Documents/GitHub/EmbeddedProcessing/Labo1/MicroBlaze_lab1/MicroBlaze_lab1.srcs/sources_1/ipshared/xilinx.com/proc_common_v4_0/e2794af0/hdl/src/vhdl/down_counter.vhd
Duplicated file found; will not be sent for synthesis: c:/Users/Jona/Documents/GitHub/EmbeddedProcessing/Labo1/MicroBlaze_lab1/MicroBlaze_lab1.srcs/sources_1/ipshared/xilinx.com/proc_common_v4_0/e2794af0/hdl/src/vhdl/eval_timer.vhd
Duplicated file found; will not be sent for synthesis: c:/Users/Jona/Documents/GitHub/EmbeddedProcessing/Labo1/MicroBlaze_lab1/MicroBlaze_lab1.srcs/sources_1/ipshared/xilinx.com/proc_common_v4_0/e2794af0/hdl/src/vhdl/inferred_lut4.vhd
Duplicated file found; will not be sent for synthesis: c:/Users/Jona/Documents/GitHub/EmbeddedProcessing/Labo1/MicroBlaze_lab1/MicroBlaze_lab1.srcs/sources_1/ipshared/xilinx.com/proc_common_v4_0/e2794af0/hdl/src/vhdl/ipif_steer.vhd
Duplicated file found; will not be sent for synthesis: c:/Users/Jona/Documents/GitHub/EmbeddedProcessing/Labo1/MicroBlaze_lab1/MicroBlaze_lab1.srcs/sources_1/ipshared/xilinx.com/proc_common_v4_0/e2794af0/hdl/src/vhdl/ipif_steer128.vhd
Duplicated file found; will not be sent for synthesis: c:/Users/Jona/Documents/GitHub/EmbeddedProcessing/Labo1/MicroBlaze_lab1/MicroBlaze_lab1.srcs/sources_1/ipshared/xilinx.com/proc_common_v4_0/e2794af0/hdl/src/vhdl/ipif_mirror128.vhd
Duplicated file found; will not be sent for synthesis: c:/Users/Jona/Documents/GitHub/EmbeddedProcessing/Labo1/MicroBlaze_lab1/MicroBlaze_lab1.srcs/sources_1/ipshared/xilinx.com/proc_common_v4_0/e2794af0/hdl/src/vhdl/ld_arith_reg.vhd
Duplicated file found; will not be sent for synthesis: c:/Users/Jona/Documents/GitHub/EmbeddedProcessing/Labo1/MicroBlaze_lab1/MicroBlaze_lab1.srcs/sources_1/ipshared/xilinx.com/proc_common_v4_0/e2794af0/hdl/src/vhdl/ld_arith_reg2.vhd
Duplicated file found; will not be sent for synthesis: c:/Users/Jona/Documents/GitHub/EmbeddedProcessing/Labo1/MicroBlaze_lab1/MicroBlaze_lab1.srcs/sources_1/ipshared/xilinx.com/proc_common_v4_0/e2794af0/hdl/src/vhdl/mux_onehot.vhd
Duplicated file found; will not be sent for synthesis: c:/Users/Jona/Documents/GitHub/EmbeddedProcessing/Labo1/MicroBlaze_lab1/MicroBlaze_lab1.srcs/sources_1/ipshared/xilinx.com/proc_common_v4_0/e2794af0/hdl/src/vhdl/or_bits.vhd
Duplicated file found; will not be sent for synthesis: c:/Users/Jona/Documents/GitHub/EmbeddedProcessing/Labo1/MicroBlaze_lab1/MicroBlaze_lab1.srcs/sources_1/ipshared/xilinx.com/proc_common_v4_0/e2794af0/hdl/src/vhdl/or_muxcy.vhd
Duplicated file found; will not be sent for synthesis: c:/Users/Jona/Documents/GitHub/EmbeddedProcessing/Labo1/MicroBlaze_lab1/MicroBlaze_lab1.srcs/sources_1/ipshared/xilinx.com/proc_common_v4_0/e2794af0/hdl/src/vhdl/or_gate.vhd
Duplicated file found; will not be sent for synthesis: c:/Users/Jona/Documents/GitHub/EmbeddedProcessing/Labo1/MicroBlaze_lab1/MicroBlaze_lab1.srcs/sources_1/ipshared/xilinx.com/proc_common_v4_0/e2794af0/hdl/src/vhdl/or_gate128.vhd
Duplicated file found; will not be sent for synthesis: c:/Users/Jona/Documents/GitHub/EmbeddedProcessing/Labo1/MicroBlaze_lab1/MicroBlaze_lab1.srcs/sources_1/ipshared/xilinx.com/proc_common_v4_0/e2794af0/hdl/src/vhdl/pf_adder_bit.vhd
Duplicated file found; will not be sent for synthesis: c:/Users/Jona/Documents/GitHub/EmbeddedProcessing/Labo1/MicroBlaze_lab1/MicroBlaze_lab1.srcs/sources_1/ipshared/xilinx.com/proc_common_v4_0/e2794af0/hdl/src/vhdl/pf_adder.vhd
Duplicated file found; will not be sent for synthesis: c:/Users/Jona/Documents/GitHub/EmbeddedProcessing/Labo1/MicroBlaze_lab1/MicroBlaze_lab1.srcs/sources_1/ipshared/xilinx.com/proc_common_v4_0/e2794af0/hdl/src/vhdl/pf_counter_bit.vhd
Duplicated file found; will not be sent for synthesis: c:/Users/Jona/Documents/GitHub/EmbeddedProcessing/Labo1/MicroBlaze_lab1/MicroBlaze_lab1.srcs/sources_1/ipshared/xilinx.com/proc_common_v4_0/e2794af0/hdl/src/vhdl/pf_counter.vhd
Duplicated file found; will not be sent for synthesis: c:/Users/Jona/Documents/GitHub/EmbeddedProcessing/Labo1/MicroBlaze_lab1/MicroBlaze_lab1.srcs/sources_1/ipshared/xilinx.com/proc_common_v4_0/e2794af0/hdl/src/vhdl/pf_counter_top.vhd
Duplicated file found; will not be sent for synthesis: c:/Users/Jona/Documents/GitHub/EmbeddedProcessing/Labo1/MicroBlaze_lab1/MicroBlaze_lab1.srcs/sources_1/ipshared/xilinx.com/proc_common_v4_0/e2794af0/hdl/src/vhdl/pf_occ_counter.vhd
Duplicated file found; will not be sent for synthesis: c:/Users/Jona/Documents/GitHub/EmbeddedProcessing/Labo1/MicroBlaze_lab1/MicroBlaze_lab1.srcs/sources_1/ipshared/xilinx.com/proc_common_v4_0/e2794af0/hdl/src/vhdl/pf_occ_counter_top.vhd
Duplicated file found; will not be sent for synthesis: c:/Users/Jona/Documents/GitHub/EmbeddedProcessing/Labo1/MicroBlaze_lab1/MicroBlaze_lab1.srcs/sources_1/ipshared/xilinx.com/proc_common_v4_0/e2794af0/hdl/src/vhdl/pf_dpram_select.vhd
Duplicated file found; will not be sent for synthesis: c:/Users/Jona/Documents/GitHub/EmbeddedProcessing/Labo1/MicroBlaze_lab1/MicroBlaze_lab1.srcs/sources_1/ipshared/xilinx.com/proc_common_v4_0/e2794af0/hdl/src/vhdl/pselect.vhd
Duplicated file found; will not be sent for synthesis: c:/Users/Jona/Documents/GitHub/EmbeddedProcessing/Labo1/MicroBlaze_lab1/MicroBlaze_lab1.srcs/sources_1/ipshared/xilinx.com/proc_common_v4_0/e2794af0/hdl/src/vhdl/pselect_mask.vhd
Duplicated file found; will not be sent for synthesis: c:/Users/Jona/Documents/GitHub/EmbeddedProcessing/Labo1/MicroBlaze_lab1/MicroBlaze_lab1.srcs/sources_1/ipshared/xilinx.com/proc_common_v4_0/e2794af0/hdl/src/vhdl/srl16_fifo.vhd
Duplicated file found; will not be sent for synthesis: c:/Users/Jona/Documents/GitHub/EmbeddedProcessing/Labo1/MicroBlaze_lab1/MicroBlaze_lab1.srcs/sources_1/ipshared/xilinx.com/proc_common_v4_0/e2794af0/hdl/src/vhdl/srl_fifo.vhd
Duplicated file found; will not be sent for synthesis: c:/Users/Jona/Documents/GitHub/EmbeddedProcessing/Labo1/MicroBlaze_lab1/MicroBlaze_lab1.srcs/sources_1/ipshared/xilinx.com/proc_common_v4_0/e2794af0/hdl/src/vhdl/srl_fifo2.vhd
Duplicated file found; will not be sent for synthesis: c:/Users/Jona/Documents/GitHub/EmbeddedProcessing/Labo1/MicroBlaze_lab1/MicroBlaze_lab1.srcs/sources_1/ipshared/xilinx.com/proc_common_v4_0/e2794af0/hdl/src/vhdl/srl_fifo3.vhd
Duplicated file found; will not be sent for synthesis: c:/Users/Jona/Documents/GitHub/EmbeddedProcessing/Labo1/MicroBlaze_lab1/MicroBlaze_lab1.srcs/sources_1/ipshared/xilinx.com/proc_common_v4_0/e2794af0/hdl/src/vhdl/srl_fifo_rbu.vhd
Duplicated file found; will not be sent for synthesis: c:/Users/Jona/Documents/GitHub/EmbeddedProcessing/Labo1/MicroBlaze_lab1/MicroBlaze_lab1.srcs/sources_1/ipshared/xilinx.com/proc_common_v4_0/e2794af0/hdl/src/vhdl/valid_be.vhd
Duplicated file found; will not be sent for synthesis: c:/Users/Jona/Documents/GitHub/EmbeddedProcessing/Labo1/MicroBlaze_lab1/MicroBlaze_lab1.srcs/sources_1/ipshared/xilinx.com/proc_common_v4_0/e2794af0/hdl/src/vhdl/or_with_enable_f.vhd
Duplicated file found; will not be sent for synthesis: c:/Users/Jona/Documents/GitHub/EmbeddedProcessing/Labo1/MicroBlaze_lab1/MicroBlaze_lab1.srcs/sources_1/ipshared/xilinx.com/proc_common_v4_0/e2794af0/hdl/src/vhdl/muxf_struct_f.vhd
Duplicated file found; will not be sent for synthesis: c:/Users/Jona/Documents/GitHub/EmbeddedProcessing/Labo1/MicroBlaze_lab1/MicroBlaze_lab1.srcs/sources_1/ipshared/xilinx.com/proc_common_v4_0/e2794af0/hdl/src/vhdl/cntr_incr_decr_addn_f.vhd
Duplicated file found; will not be sent for synthesis: c:/Users/Jona/Documents/GitHub/EmbeddedProcessing/Labo1/MicroBlaze_lab1/MicroBlaze_lab1.srcs/sources_1/ipshared/xilinx.com/proc_common_v4_0/e2794af0/hdl/src/vhdl/dynshreg_f.vhd
Duplicated file found; will not be sent for synthesis: c:/Users/Jona/Documents/GitHub/EmbeddedProcessing/Labo1/MicroBlaze_lab1/MicroBlaze_lab1.srcs/sources_1/ipshared/xilinx.com/proc_common_v4_0/e2794af0/hdl/src/vhdl/dynshreg_i_f.vhd
Duplicated file found; will not be sent for synthesis: c:/Users/Jona/Documents/GitHub/EmbeddedProcessing/Labo1/MicroBlaze_lab1/MicroBlaze_lab1.srcs/sources_1/ipshared/xilinx.com/proc_common_v4_0/e2794af0/hdl/src/vhdl/mux_onehot_f.vhd
Duplicated file found; will not be sent for synthesis: c:/Users/Jona/Documents/GitHub/EmbeddedProcessing/Labo1/MicroBlaze_lab1/MicroBlaze_lab1.srcs/sources_1/ipshared/xilinx.com/proc_common_v4_0/e2794af0/hdl/src/vhdl/srl_fifo_rbu_f.vhd
Duplicated file found; will not be sent for synthesis: c:/Users/Jona/Documents/GitHub/EmbeddedProcessing/Labo1/MicroBlaze_lab1/MicroBlaze_lab1.srcs/sources_1/ipshared/xilinx.com/proc_common_v4_0/e2794af0/hdl/src/vhdl/srl_fifo_f.vhd
Duplicated file found; will not be sent for synthesis: c:/Users/Jona/Documents/GitHub/EmbeddedProcessing/Labo1/MicroBlaze_lab1/MicroBlaze_lab1.srcs/sources_1/ipshared/xilinx.com/proc_common_v4_0/e2794af0/hdl/src/vhdl/compare_vectors_f.vhd
Duplicated file found; will not be sent for synthesis: c:/Users/Jona/Documents/GitHub/EmbeddedProcessing/Labo1/MicroBlaze_lab1/MicroBlaze_lab1.srcs/sources_1/ipshared/xilinx.com/proc_common_v4_0/e2794af0/hdl/src/vhdl/pselect_f.vhd
Duplicated file found; will not be sent for synthesis: c:/Users/Jona/Documents/GitHub/EmbeddedProcessing/Labo1/MicroBlaze_lab1/MicroBlaze_lab1.srcs/sources_1/ipshared/xilinx.com/proc_common_v4_0/e2794af0/hdl/src/vhdl/counter_f.vhd
Duplicated file found; will not be sent for synthesis: c:/Users/Jona/Documents/GitHub/EmbeddedProcessing/Labo1/MicroBlaze_lab1/MicroBlaze_lab1.srcs/sources_1/ipshared/xilinx.com/proc_common_v4_0/e2794af0/hdl/src/vhdl/or_muxcy_f.vhd
Duplicated file found; will not be sent for synthesis: c:/Users/Jona/Documents/GitHub/EmbeddedProcessing/Labo1/MicroBlaze_lab1/MicroBlaze_lab1.srcs/sources_1/ipshared/xilinx.com/proc_common_v4_0/e2794af0/hdl/src/vhdl/or_gate_f.vhd
Duplicated file found; will not be sent for synthesis: c:/Users/Jona/Documents/GitHub/EmbeddedProcessing/Labo1/MicroBlaze_lab1/MicroBlaze_lab1.srcs/sources_1/ipshared/xilinx.com/proc_common_v4_0/e2794af0/hdl/src/vhdl/soft_reset.vhd
Duplicated file found; will not be sent for synthesis: c:/Users/Jona/Documents/GitHub/EmbeddedProcessing/Labo1/MicroBlaze_lab1/MicroBlaze_lab1.srcs/sources_1/ipshared/xilinx.com/proc_common_v4_0/e2794af0/hdl/src/vhdl/cdc_sync.vhd
Duplicated file found; will not be sent for synthesis: c:/Users/Jona/Documents/GitHub/EmbeddedProcessing/Labo1/MicroBlaze_lab1/MicroBlaze_lab1.srcs/sources_1/ipshared/xilinx.com/fifo_generator_v12_0/8b540c64/hdl/fifo_generator_v12_0_pkg.vhd
Duplicated file found; will not be sent for synthesis: c:/Users/Jona/Documents/GitHub/EmbeddedProcessing/Labo1/MicroBlaze_lab1/MicroBlaze_lab1.srcs/sources_1/ipshared/xilinx.com/fifo_generator_v12_0/8b540c64/hdl/common/input_blk.vhd
Duplicated file found; will not be sent for synthesis: c:/Users/Jona/Documents/GitHub/EmbeddedProcessing/Labo1/MicroBlaze_lab1/MicroBlaze_lab1.srcs/sources_1/ipshared/xilinx.com/fifo_generator_v12_0/8b540c64/hdl/common/output_blk.vhd
Duplicated file found; will not be sent for synthesis: c:/Users/Jona/Documents/GitHub/EmbeddedProcessing/Labo1/MicroBlaze_lab1/MicroBlaze_lab1.srcs/sources_1/ipshared/xilinx.com/fifo_generator_v12_0/8b540c64/hdl/common/shft_wrapper.vhd
Duplicated file found; will not be sent for synthesis: c:/Users/Jona/Documents/GitHub/EmbeddedProcessing/Labo1/MicroBlaze_lab1/MicroBlaze_lab1.srcs/sources_1/ipshared/xilinx.com/fifo_generator_v12_0/8b540c64/hdl/common/shft_ram.vhd
Duplicated file found; will not be sent for synthesis: c:/Users/Jona/Documents/GitHub/EmbeddedProcessing/Labo1/MicroBlaze_lab1/MicroBlaze_lab1.srcs/sources_1/ipshared/xilinx.com/fifo_generator_v12_0/8b540c64/hdl/common/wr_pf_as.vhd
Duplicated file found; will not be sent for synthesis: c:/Users/Jona/Documents/GitHub/EmbeddedProcessing/Labo1/MicroBlaze_lab1/MicroBlaze_lab1.srcs/sources_1/ipshared/xilinx.com/fifo_generator_v12_0/8b540c64/hdl/common/wr_pf_ss.vhd
Duplicated file found; will not be sent for synthesis: c:/Users/Jona/Documents/GitHub/EmbeddedProcessing/Labo1/MicroBlaze_lab1/MicroBlaze_lab1.srcs/sources_1/ipshared/xilinx.com/fifo_generator_v12_0/8b540c64/hdl/common/rd_pe_as.vhd
Duplicated file found; will not be sent for synthesis: c:/Users/Jona/Documents/GitHub/EmbeddedProcessing/Labo1/MicroBlaze_lab1/MicroBlaze_lab1.srcs/sources_1/ipshared/xilinx.com/fifo_generator_v12_0/8b540c64/hdl/common/rd_pe_ss.vhd
Duplicated file found; will not be sent for synthesis: c:/Users/Jona/Documents/GitHub/EmbeddedProcessing/Labo1/MicroBlaze_lab1/MicroBlaze_lab1.srcs/sources_1/ipshared/xilinx.com/fifo_generator_v12_0/8b540c64/hdl/builtin/delay.vhd
Duplicated file found; will not be sent for synthesis: c:/Users/Jona/Documents/GitHub/EmbeddedProcessing/Labo1/MicroBlaze_lab1/MicroBlaze_lab1.srcs/sources_1/ipshared/xilinx.com/fifo_generator_v12_0/8b540c64/hdl/builtin/bin_cntr.vhd
Duplicated file found; will not be sent for synthesis: c:/Users/Jona/Documents/GitHub/EmbeddedProcessing/Labo1/MicroBlaze_lab1/MicroBlaze_lab1.srcs/sources_1/ipshared/xilinx.com/fifo_generator_v12_0/8b540c64/hdl/builtin/clk_x_pntrs_builtin.vhd
Duplicated file found; will not be sent for synthesis: c:/Users/Jona/Documents/GitHub/EmbeddedProcessing/Labo1/MicroBlaze_lab1/MicroBlaze_lab1.srcs/sources_1/ipshared/xilinx.com/fifo_generator_v12_0/8b540c64/hdl/builtin/logic_builtin.vhd
Duplicated file found; will not be sent for synthesis: c:/Users/Jona/Documents/GitHub/EmbeddedProcessing/Labo1/MicroBlaze_lab1/MicroBlaze_lab1.srcs/sources_1/ipshared/xilinx.com/fifo_generator_v12_0/8b540c64/hdl/builtin/builtin_prim.vhd
Duplicated file found; will not be sent for synthesis: c:/Users/Jona/Documents/GitHub/EmbeddedProcessing/Labo1/MicroBlaze_lab1/MicroBlaze_lab1.srcs/sources_1/ipshared/xilinx.com/fifo_generator_v12_0/8b540c64/hdl/builtin/builtin_extdepth.vhd
Duplicated file found; will not be sent for synthesis: c:/Users/Jona/Documents/GitHub/EmbeddedProcessing/Labo1/MicroBlaze_lab1/MicroBlaze_lab1.srcs/sources_1/ipshared/xilinx.com/fifo_generator_v12_0/8b540c64/hdl/builtin/builtin_top.vhd
Duplicated file found; will not be sent for synthesis: c:/Users/Jona/Documents/GitHub/EmbeddedProcessing/Labo1/MicroBlaze_lab1/MicroBlaze_lab1.srcs/sources_1/ipshared/xilinx.com/fifo_generator_v12_0/8b540c64/hdl/builtin/reset_builtin.vhd
Duplicated file found; will not be sent for synthesis: c:/Users/Jona/Documents/GitHub/EmbeddedProcessing/Labo1/MicroBlaze_lab1/MicroBlaze_lab1.srcs/sources_1/ipshared/xilinx.com/fifo_generator_v12_0/8b540c64/hdl/builtin/builtin_prim_v6.vhd
Duplicated file found; will not be sent for synthesis: c:/Users/Jona/Documents/GitHub/EmbeddedProcessing/Labo1/MicroBlaze_lab1/MicroBlaze_lab1.srcs/sources_1/ipshared/xilinx.com/fifo_generator_v12_0/8b540c64/hdl/builtin/builtin_extdepth_v6.vhd
Duplicated file found; will not be sent for synthesis: c:/Users/Jona/Documents/GitHub/EmbeddedProcessing/Labo1/MicroBlaze_lab1/MicroBlaze_lab1.srcs/sources_1/ipshared/xilinx.com/fifo_generator_v12_0/8b540c64/hdl/builtin/builtin_extdepth_low_latency.vhd
Duplicated file found; will not be sent for synthesis: c:/Users/Jona/Documents/GitHub/EmbeddedProcessing/Labo1/MicroBlaze_lab1/MicroBlaze_lab1.srcs/sources_1/ipshared/xilinx.com/fifo_generator_v12_0/8b540c64/hdl/builtin/builtin_top_v6.vhd
Duplicated file found; will not be sent for synthesis: c:/Users/Jona/Documents/GitHub/EmbeddedProcessing/Labo1/MicroBlaze_lab1/MicroBlaze_lab1.srcs/sources_1/ipshared/xilinx.com/fifo_generator_v12_0/8b540c64/hdl/builtin/fifo_generator_v12_0_builtin.vhd
Duplicated file found; will not be sent for synthesis: c:/Users/Jona/Documents/GitHub/EmbeddedProcessing/Labo1/MicroBlaze_lab1/MicroBlaze_lab1.srcs/sources_1/ipshared/xilinx.com/fifo_generator_v12_0/8b540c64/hdl/ramfifo/bram_sync_reg.vhd
Duplicated file found; will not be sent for synthesis: c:/Users/Jona/Documents/GitHub/EmbeddedProcessing/Labo1/MicroBlaze_lab1/MicroBlaze_lab1.srcs/sources_1/ipshared/xilinx.com/fifo_generator_v12_0/8b540c64/hdl/ramfifo/bram_fifo_rstlogic.vhd
Duplicated file found; will not be sent for synthesis: c:/Users/Jona/Documents/GitHub/EmbeddedProcessing/Labo1/MicroBlaze_lab1/MicroBlaze_lab1.srcs/sources_1/ipshared/xilinx.com/fifo_generator_v12_0/8b540c64/hdl/ramfifo/reset_blk_ramfifo.vhd
Duplicated file found; will not be sent for synthesis: c:/Users/Jona/Documents/GitHub/EmbeddedProcessing/Labo1/MicroBlaze_lab1/MicroBlaze_lab1.srcs/sources_1/ipshared/xilinx.com/fifo_generator_v12_0/8b540c64/hdl/ramfifo/axi_reg_slice.vhd
Duplicated file found; will not be sent for synthesis: c:/Users/Jona/Documents/GitHub/EmbeddedProcessing/Labo1/MicroBlaze_lab1/MicroBlaze_lab1.srcs/sources_1/ipshared/xilinx.com/fifo_generator_v12_0/8b540c64/hdl/fifo_generator_v12_0_synth.vhd
Duplicated file found; will not be sent for synthesis: c:/Users/Jona/Documents/GitHub/EmbeddedProcessing/Labo1/MicroBlaze_lab1/MicroBlaze_lab1.srcs/sources_1/ipshared/xilinx.com/proc_common_v4_0/e2794af0/hdl/src/vhdl/family.vhd
Duplicated file found; will not be sent for synthesis: c:/Users/Jona/Documents/GitHub/EmbeddedProcessing/Labo1/MicroBlaze_lab1/MicroBlaze_lab1.srcs/sources_1/ipshared/xilinx.com/proc_common_v4_0/e2794af0/hdl/src/vhdl/family_support.vhd
Duplicated file found; will not be sent for synthesis: c:/Users/Jona/Documents/GitHub/EmbeddedProcessing/Labo1/MicroBlaze_lab1/MicroBlaze_lab1.srcs/sources_1/ipshared/xilinx.com/proc_common_v4_0/e2794af0/hdl/src/vhdl/coregen_comp_defs.vhd
Duplicated file found; will not be sent for synthesis: c:/Users/Jona/Documents/GitHub/EmbeddedProcessing/Labo1/MicroBlaze_lab1/MicroBlaze_lab1.srcs/sources_1/ipshared/xilinx.com/proc_common_v4_0/e2794af0/hdl/src/vhdl/common_types_pkg.vhd
Duplicated file found; will not be sent for synthesis: c:/Users/Jona/Documents/GitHub/EmbeddedProcessing/Labo1/MicroBlaze_lab1/MicroBlaze_lab1.srcs/sources_1/ipshared/xilinx.com/proc_common_v4_0/e2794af0/hdl/src/vhdl/proc_common_pkg.vhd
Duplicated file found; will not be sent for synthesis: c:/Users/Jona/Documents/GitHub/EmbeddedProcessing/Labo1/MicroBlaze_lab1/MicroBlaze_lab1.srcs/sources_1/ipshared/xilinx.com/proc_common_v4_0/e2794af0/hdl/src/vhdl/conv_funs_pkg.vhd
Duplicated file found; will not be sent for synthesis: c:/Users/Jona/Documents/GitHub/EmbeddedProcessing/Labo1/MicroBlaze_lab1/MicroBlaze_lab1.srcs/sources_1/ipshared/xilinx.com/proc_common_v4_0/e2794af0/hdl/src/vhdl/ipif_pkg.vhd
Duplicated file found; will not be sent for synthesis: c:/Users/Jona/Documents/GitHub/EmbeddedProcessing/Labo1/MicroBlaze_lab1/MicroBlaze_lab1.srcs/sources_1/ipshared/xilinx.com/proc_common_v4_0/e2794af0/hdl/src/vhdl/async_fifo_fg.vhd
Duplicated file found; will not be sent for synthesis: c:/Users/Jona/Documents/GitHub/EmbeddedProcessing/Labo1/MicroBlaze_lab1/MicroBlaze_lab1.srcs/sources_1/ipshared/xilinx.com/proc_common_v4_0/e2794af0/hdl/src/vhdl/sync_fifo_fg.vhd
Duplicated file found; will not be sent for synthesis: c:/Users/Jona/Documents/GitHub/EmbeddedProcessing/Labo1/MicroBlaze_lab1/MicroBlaze_lab1.srcs/sources_1/ipshared/xilinx.com/proc_common_v4_0/e2794af0/hdl/src/vhdl/basic_sfifo_fg.vhd
Duplicated file found; will not be sent for synthesis: c:/Users/Jona/Documents/GitHub/EmbeddedProcessing/Labo1/MicroBlaze_lab1/MicroBlaze_lab1.srcs/sources_1/ipshared/xilinx.com/proc_common_v4_0/e2794af0/hdl/src/vhdl/blk_mem_gen_wrapper.vhd
Duplicated file found; will not be sent for synthesis: c:/Users/Jona/Documents/GitHub/EmbeddedProcessing/Labo1/MicroBlaze_lab1/MicroBlaze_lab1.srcs/sources_1/ipshared/xilinx.com/proc_common_v4_0/e2794af0/hdl/src/vhdl/addsub.vhd
Duplicated file found; will not be sent for synthesis: c:/Users/Jona/Documents/GitHub/EmbeddedProcessing/Labo1/MicroBlaze_lab1/MicroBlaze_lab1.srcs/sources_1/ipshared/xilinx.com/proc_common_v4_0/e2794af0/hdl/src/vhdl/counter_bit.vhd
Duplicated file found; will not be sent for synthesis: c:/Users/Jona/Documents/GitHub/EmbeddedProcessing/Labo1/MicroBlaze_lab1/MicroBlaze_lab1.srcs/sources_1/ipshared/xilinx.com/proc_common_v4_0/e2794af0/hdl/src/vhdl/counter.vhd
Duplicated file found; will not be sent for synthesis: c:/Users/Jona/Documents/GitHub/EmbeddedProcessing/Labo1/MicroBlaze_lab1/MicroBlaze_lab1.srcs/sources_1/ipshared/xilinx.com/proc_common_v4_0/e2794af0/hdl/src/vhdl/direct_path_cntr.vhd
Duplicated file found; will not be sent for synthesis: c:/Users/Jona/Documents/GitHub/EmbeddedProcessing/Labo1/MicroBlaze_lab1/MicroBlaze_lab1.srcs/sources_1/ipshared/xilinx.com/proc_common_v4_0/e2794af0/hdl/src/vhdl/direct_path_cntr_ai.vhd
Duplicated file found; will not be sent for synthesis: c:/Users/Jona/Documents/GitHub/EmbeddedProcessing/Labo1/MicroBlaze_lab1/MicroBlaze_lab1.srcs/sources_1/ipshared/xilinx.com/proc_common_v4_0/e2794af0/hdl/src/vhdl/down_counter.vhd
Duplicated file found; will not be sent for synthesis: c:/Users/Jona/Documents/GitHub/EmbeddedProcessing/Labo1/MicroBlaze_lab1/MicroBlaze_lab1.srcs/sources_1/ipshared/xilinx.com/proc_common_v4_0/e2794af0/hdl/src/vhdl/eval_timer.vhd
Duplicated file found; will not be sent for synthesis: c:/Users/Jona/Documents/GitHub/EmbeddedProcessing/Labo1/MicroBlaze_lab1/MicroBlaze_lab1.srcs/sources_1/ipshared/xilinx.com/proc_common_v4_0/e2794af0/hdl/src/vhdl/inferred_lut4.vhd
Duplicated file found; will not be sent for synthesis: c:/Users/Jona/Documents/GitHub/EmbeddedProcessing/Labo1/MicroBlaze_lab1/MicroBlaze_lab1.srcs/sources_1/ipshared/xilinx.com/proc_common_v4_0/e2794af0/hdl/src/vhdl/ipif_steer.vhd
Duplicated file found; will not be sent for synthesis: c:/Users/Jona/Documents/GitHub/EmbeddedProcessing/Labo1/MicroBlaze_lab1/MicroBlaze_lab1.srcs/sources_1/ipshared/xilinx.com/proc_common_v4_0/e2794af0/hdl/src/vhdl/ipif_steer128.vhd
Duplicated file found; will not be sent for synthesis: c:/Users/Jona/Documents/GitHub/EmbeddedProcessing/Labo1/MicroBlaze_lab1/MicroBlaze_lab1.srcs/sources_1/ipshared/xilinx.com/proc_common_v4_0/e2794af0/hdl/src/vhdl/ipif_mirror128.vhd
Duplicated file found; will not be sent for synthesis: c:/Users/Jona/Documents/GitHub/EmbeddedProcessing/Labo1/MicroBlaze_lab1/MicroBlaze_lab1.srcs/sources_1/ipshared/xilinx.com/proc_common_v4_0/e2794af0/hdl/src/vhdl/ld_arith_reg.vhd
Duplicated file found; will not be sent for synthesis: c:/Users/Jona/Documents/GitHub/EmbeddedProcessing/Labo1/MicroBlaze_lab1/MicroBlaze_lab1.srcs/sources_1/ipshared/xilinx.com/proc_common_v4_0/e2794af0/hdl/src/vhdl/ld_arith_reg2.vhd
Duplicated file found; will not be sent for synthesis: c:/Users/Jona/Documents/GitHub/EmbeddedProcessing/Labo1/MicroBlaze_lab1/MicroBlaze_lab1.srcs/sources_1/ipshared/xilinx.com/proc_common_v4_0/e2794af0/hdl/src/vhdl/mux_onehot.vhd
Duplicated file found; will not be sent for synthesis: c:/Users/Jona/Documents/GitHub/EmbeddedProcessing/Labo1/MicroBlaze_lab1/MicroBlaze_lab1.srcs/sources_1/ipshared/xilinx.com/proc_common_v4_0/e2794af0/hdl/src/vhdl/or_bits.vhd
Duplicated file found; will not be sent for synthesis: c:/Users/Jona/Documents/GitHub/EmbeddedProcessing/Labo1/MicroBlaze_lab1/MicroBlaze_lab1.srcs/sources_1/ipshared/xilinx.com/proc_common_v4_0/e2794af0/hdl/src/vhdl/or_muxcy.vhd
Duplicated file found; will not be sent for synthesis: c:/Users/Jona/Documents/GitHub/EmbeddedProcessing/Labo1/MicroBlaze_lab1/MicroBlaze_lab1.srcs/sources_1/ipshared/xilinx.com/proc_common_v4_0/e2794af0/hdl/src/vhdl/or_gate.vhd
Duplicated file found; will not be sent for synthesis: c:/Users/Jona/Documents/GitHub/EmbeddedProcessing/Labo1/MicroBlaze_lab1/MicroBlaze_lab1.srcs/sources_1/ipshared/xilinx.com/proc_common_v4_0/e2794af0/hdl/src/vhdl/or_gate128.vhd
Duplicated file found; will not be sent for synthesis: c:/Users/Jona/Documents/GitHub/EmbeddedProcessing/Labo1/MicroBlaze_lab1/MicroBlaze_lab1.srcs/sources_1/ipshared/xilinx.com/proc_common_v4_0/e2794af0/hdl/src/vhdl/pf_adder_bit.vhd
Duplicated file found; will not be sent for synthesis: c:/Users/Jona/Documents/GitHub/EmbeddedProcessing/Labo1/MicroBlaze_lab1/MicroBlaze_lab1.srcs/sources_1/ipshared/xilinx.com/proc_common_v4_0/e2794af0/hdl/src/vhdl/pf_adder.vhd
Duplicated file found; will not be sent for synthesis: c:/Users/Jona/Documents/GitHub/EmbeddedProcessing/Labo1/MicroBlaze_lab1/MicroBlaze_lab1.srcs/sources_1/ipshared/xilinx.com/proc_common_v4_0/e2794af0/hdl/src/vhdl/pf_counter_bit.vhd
Duplicated file found; will not be sent for synthesis: c:/Users/Jona/Documents/GitHub/EmbeddedProcessing/Labo1/MicroBlaze_lab1/MicroBlaze_lab1.srcs/sources_1/ipshared/xilinx.com/proc_common_v4_0/e2794af0/hdl/src/vhdl/pf_counter.vhd
Duplicated file found; will not be sent for synthesis: c:/Users/Jona/Documents/GitHub/EmbeddedProcessing/Labo1/MicroBlaze_lab1/MicroBlaze_lab1.srcs/sources_1/ipshared/xilinx.com/proc_common_v4_0/e2794af0/hdl/src/vhdl/pf_counter_top.vhd
Duplicated file found; will not be sent for synthesis: c:/Users/Jona/Documents/GitHub/EmbeddedProcessing/Labo1/MicroBlaze_lab1/MicroBlaze_lab1.srcs/sources_1/ipshared/xilinx.com/proc_common_v4_0/e2794af0/hdl/src/vhdl/pf_occ_counter.vhd
Duplicated file found; will not be sent for synthesis: c:/Users/Jona/Documents/GitHub/EmbeddedProcessing/Labo1/MicroBlaze_lab1/MicroBlaze_lab1.srcs/sources_1/ipshared/xilinx.com/proc_common_v4_0/e2794af0/hdl/src/vhdl/pf_occ_counter_top.vhd
Duplicated file found; will not be sent for synthesis: c:/Users/Jona/Documents/GitHub/EmbeddedProcessing/Labo1/MicroBlaze_lab1/MicroBlaze_lab1.srcs/sources_1/ipshared/xilinx.com/proc_common_v4_0/e2794af0/hdl/src/vhdl/pf_dpram_select.vhd
Duplicated file found; will not be sent for synthesis: c:/Users/Jona/Documents/GitHub/EmbeddedProcessing/Labo1/MicroBlaze_lab1/MicroBlaze_lab1.srcs/sources_1/ipshared/xilinx.com/proc_common_v4_0/e2794af0/hdl/src/vhdl/pselect.vhd
Duplicated file found; will not be sent for synthesis: c:/Users/Jona/Documents/GitHub/EmbeddedProcessing/Labo1/MicroBlaze_lab1/MicroBlaze_lab1.srcs/sources_1/ipshared/xilinx.com/proc_common_v4_0/e2794af0/hdl/src/vhdl/pselect_mask.vhd
Duplicated file found; will not be sent for synthesis: c:/Users/Jona/Documents/GitHub/EmbeddedProcessing/Labo1/MicroBlaze_lab1/MicroBlaze_lab1.srcs/sources_1/ipshared/xilinx.com/proc_common_v4_0/e2794af0/hdl/src/vhdl/srl16_fifo.vhd
Duplicated file found; will not be sent for synthesis: c:/Users/Jona/Documents/GitHub/EmbeddedProcessing/Labo1/MicroBlaze_lab1/MicroBlaze_lab1.srcs/sources_1/ipshared/xilinx.com/proc_common_v4_0/e2794af0/hdl/src/vhdl/srl_fifo.vhd
Duplicated file found; will not be sent for synthesis: c:/Users/Jona/Documents/GitHub/EmbeddedProcessing/Labo1/MicroBlaze_lab1/MicroBlaze_lab1.srcs/sources_1/ipshared/xilinx.com/proc_common_v4_0/e2794af0/hdl/src/vhdl/srl_fifo2.vhd
Duplicated file found; will not be sent for synthesis: c:/Users/Jona/Documents/GitHub/EmbeddedProcessing/Labo1/MicroBlaze_lab1/MicroBlaze_lab1.srcs/sources_1/ipshared/xilinx.com/proc_common_v4_0/e2794af0/hdl/src/vhdl/srl_fifo3.vhd
Duplicated file found; will not be sent for synthesis: c:/Users/Jona/Documents/GitHub/EmbeddedProcessing/Labo1/MicroBlaze_lab1/MicroBlaze_lab1.srcs/sources_1/ipshared/xilinx.com/proc_common_v4_0/e2794af0/hdl/src/vhdl/srl_fifo_rbu.vhd
Duplicated file found; will not be sent for synthesis: c:/Users/Jona/Documents/GitHub/EmbeddedProcessing/Labo1/MicroBlaze_lab1/MicroBlaze_lab1.srcs/sources_1/ipshared/xilinx.com/proc_common_v4_0/e2794af0/hdl/src/vhdl/valid_be.vhd
Duplicated file found; will not be sent for synthesis: c:/Users/Jona/Documents/GitHub/EmbeddedProcessing/Labo1/MicroBlaze_lab1/MicroBlaze_lab1.srcs/sources_1/ipshared/xilinx.com/proc_common_v4_0/e2794af0/hdl/src/vhdl/or_with_enable_f.vhd
Duplicated file found; will not be sent for synthesis: c:/Users/Jona/Documents/GitHub/EmbeddedProcessing/Labo1/MicroBlaze_lab1/MicroBlaze_lab1.srcs/sources_1/ipshared/xilinx.com/proc_common_v4_0/e2794af0/hdl/src/vhdl/muxf_struct_f.vhd
Duplicated file found; will not be sent for synthesis: c:/Users/Jona/Documents/GitHub/EmbeddedProcessing/Labo1/MicroBlaze_lab1/MicroBlaze_lab1.srcs/sources_1/ipshared/xilinx.com/proc_common_v4_0/e2794af0/hdl/src/vhdl/cntr_incr_decr_addn_f.vhd
Duplicated file found; will not be sent for synthesis: c:/Users/Jona/Documents/GitHub/EmbeddedProcessing/Labo1/MicroBlaze_lab1/MicroBlaze_lab1.srcs/sources_1/ipshared/xilinx.com/proc_common_v4_0/e2794af0/hdl/src/vhdl/dynshreg_f.vhd
Duplicated file found; will not be sent for synthesis: c:/Users/Jona/Documents/GitHub/EmbeddedProcessing/Labo1/MicroBlaze_lab1/MicroBlaze_lab1.srcs/sources_1/ipshared/xilinx.com/proc_common_v4_0/e2794af0/hdl/src/vhdl/dynshreg_i_f.vhd
Duplicated file found; will not be sent for synthesis: c:/Users/Jona/Documents/GitHub/EmbeddedProcessing/Labo1/MicroBlaze_lab1/MicroBlaze_lab1.srcs/sources_1/ipshared/xilinx.com/proc_common_v4_0/e2794af0/hdl/src/vhdl/mux_onehot_f.vhd
Duplicated file found; will not be sent for synthesis: c:/Users/Jona/Documents/GitHub/EmbeddedProcessing/Labo1/MicroBlaze_lab1/MicroBlaze_lab1.srcs/sources_1/ipshared/xilinx.com/proc_common_v4_0/e2794af0/hdl/src/vhdl/srl_fifo_rbu_f.vhd
Duplicated file found; will not be sent for synthesis: c:/Users/Jona/Documents/GitHub/EmbeddedProcessing/Labo1/MicroBlaze_lab1/MicroBlaze_lab1.srcs/sources_1/ipshared/xilinx.com/proc_common_v4_0/e2794af0/hdl/src/vhdl/srl_fifo_f.vhd
Duplicated file found; will not be sent for synthesis: c:/Users/Jona/Documents/GitHub/EmbeddedProcessing/Labo1/MicroBlaze_lab1/MicroBlaze_lab1.srcs/sources_1/ipshared/xilinx.com/proc_common_v4_0/e2794af0/hdl/src/vhdl/compare_vectors_f.vhd
Duplicated file found; will not be sent for synthesis: c:/Users/Jona/Documents/GitHub/EmbeddedProcessing/Labo1/MicroBlaze_lab1/MicroBlaze_lab1.srcs/sources_1/ipshared/xilinx.com/proc_common_v4_0/e2794af0/hdl/src/vhdl/pselect_f.vhd
Duplicated file found; will not be sent for synthesis: c:/Users/Jona/Documents/GitHub/EmbeddedProcessing/Labo1/MicroBlaze_lab1/MicroBlaze_lab1.srcs/sources_1/ipshared/xilinx.com/proc_common_v4_0/e2794af0/hdl/src/vhdl/counter_f.vhd
Duplicated file found; will not be sent for synthesis: c:/Users/Jona/Documents/GitHub/EmbeddedProcessing/Labo1/MicroBlaze_lab1/MicroBlaze_lab1.srcs/sources_1/ipshared/xilinx.com/proc_common_v4_0/e2794af0/hdl/src/vhdl/or_muxcy_f.vhd
Duplicated file found; will not be sent for synthesis: c:/Users/Jona/Documents/GitHub/EmbeddedProcessing/Labo1/MicroBlaze_lab1/MicroBlaze_lab1.srcs/sources_1/ipshared/xilinx.com/proc_common_v4_0/e2794af0/hdl/src/vhdl/or_gate_f.vhd
Duplicated file found; will not be sent for synthesis: c:/Users/Jona/Documents/GitHub/EmbeddedProcessing/Labo1/MicroBlaze_lab1/MicroBlaze_lab1.srcs/sources_1/ipshared/xilinx.com/proc_common_v4_0/e2794af0/hdl/src/vhdl/soft_reset.vhd
Duplicated file found; will not be sent for synthesis: c:/Users/Jona/Documents/GitHub/EmbeddedProcessing/Labo1/MicroBlaze_lab1/MicroBlaze_lab1.srcs/sources_1/ipshared/xilinx.com/proc_common_v4_0/e2794af0/hdl/src/vhdl/cdc_sync.vhd
Duplicated file found; will not be sent for synthesis: c:/Users/Jona/Documents/GitHub/EmbeddedProcessing/Labo1/MicroBlaze_lab1/MicroBlaze_lab1.srcs/sources_1/ipshared/xilinx.com/axi_lite_ipif_v2_0/82c7a66d/hdl/src/vhdl/address_decoder.vhd
Duplicated file found; will not be sent for synthesis: c:/Users/Jona/Documents/GitHub/EmbeddedProcessing/Labo1/MicroBlaze_lab1/MicroBlaze_lab1.srcs/sources_1/ipshared/xilinx.com/axi_lite_ipif_v2_0/82c7a66d/hdl/src/vhdl/slave_attachment.vhd
Duplicated file found; will not be sent for synthesis: c:/Users/Jona/Documents/GitHub/EmbeddedProcessing/Labo1/MicroBlaze_lab1/MicroBlaze_lab1.srcs/sources_1/ipshared/xilinx.com/axi_lite_ipif_v2_0/82c7a66d/hdl/src/vhdl/axi_lite_ipif.vhd
Duplicated file found; will not be sent for synthesis: c:/Users/Jona/Documents/GitHub/EmbeddedProcessing/Labo1/MicroBlaze_lab1/MicroBlaze_lab1.srcs/sources_1/ipshared/xilinx.com/blk_mem_gen_v8_2/ebbf7913/hdl/blk_mem_gen_v8_2_synth_comp.vhd
Duplicated file found; will not be sent for synthesis: c:/Users/Jona/Documents/GitHub/EmbeddedProcessing/Labo1/MicroBlaze_lab1/MicroBlaze_lab1.srcs/sources_1/ipshared/xilinx.com/blk_mem_gen_v8_2/ebbf7913/hdl/blk_mem_gen_v8_2_defaults.vhd
Duplicated file found; will not be sent for synthesis: c:/Users/Jona/Documents/GitHub/EmbeddedProcessing/Labo1/MicroBlaze_lab1/MicroBlaze_lab1.srcs/sources_1/ipshared/xilinx.com/blk_mem_gen_v8_2/ebbf7913/hdl/blk_mem_gen_v8_2_pkg.vhd
Duplicated file found; will not be sent for synthesis: c:/Users/Jona/Documents/GitHub/EmbeddedProcessing/Labo1/MicroBlaze_lab1/MicroBlaze_lab1.srcs/sources_1/ipshared/xilinx.com/blk_mem_gen_v8_2/ebbf7913/hdl/blk_mem_gen_getinit_pkg.vhd
Duplicated file found; will not be sent for synthesis: c:/Users/Jona/Documents/GitHub/EmbeddedProcessing/Labo1/MicroBlaze_lab1/MicroBlaze_lab1.srcs/sources_1/ipshared/xilinx.com/blk_mem_gen_v8_2/ebbf7913/hdl/blk_mem_min_area_pkg.vhd
Duplicated file found; will not be sent for synthesis: c:/Users/Jona/Documents/GitHub/EmbeddedProcessing/Labo1/MicroBlaze_lab1/MicroBlaze_lab1.srcs/sources_1/ipshared/xilinx.com/blk_mem_gen_v8_2/ebbf7913/hdl/blk_mem_gen_bindec.vhd
Duplicated file found; will not be sent for synthesis: c:/Users/Jona/Documents/GitHub/EmbeddedProcessing/Labo1/MicroBlaze_lab1/MicroBlaze_lab1.srcs/sources_1/ipshared/xilinx.com/blk_mem_gen_v8_2/ebbf7913/hdl/blk_mem_gen_mux.vhd
Duplicated file found; will not be sent for synthesis: c:/Users/Jona/Documents/GitHub/EmbeddedProcessing/Labo1/MicroBlaze_lab1/MicroBlaze_lab1.srcs/sources_1/ipshared/xilinx.com/blk_mem_gen_v8_2/ebbf7913/hdl/blk_mem_gen_prim_wrapper.vhd
Duplicated file found; will not be sent for synthesis: c:/Users/Jona/Documents/GitHub/EmbeddedProcessing/Labo1/MicroBlaze_lab1/MicroBlaze_lab1.srcs/sources_1/ipshared/xilinx.com/blk_mem_gen_v8_2/ebbf7913/hdl/blk_mem_gen_prim_wrapper_init.vhd
Duplicated file found; will not be sent for synthesis: c:/Users/Jona/Documents/GitHub/EmbeddedProcessing/Labo1/MicroBlaze_lab1/MicroBlaze_lab1.srcs/sources_1/ipshared/xilinx.com/blk_mem_gen_v8_2/ebbf7913/hdl/blk_mem_gen_prim_width.vhd
Duplicated file found; will not be sent for synthesis: c:/Users/Jona/Documents/GitHub/EmbeddedProcessing/Labo1/MicroBlaze_lab1/MicroBlaze_lab1.srcs/sources_1/ipshared/xilinx.com/blk_mem_gen_v8_2/ebbf7913/hdl/blk_mem_gen_generic_cstr.vhd
Duplicated file found; will not be sent for synthesis: c:/Users/Jona/Documents/GitHub/EmbeddedProcessing/Labo1/MicroBlaze_lab1/MicroBlaze_lab1.srcs/sources_1/ipshared/xilinx.com/blk_mem_gen_v8_2/ebbf7913/hdl/blk_mem_gen_ecc_encoder.vhd
Duplicated file found; will not be sent for synthesis: c:/Users/Jona/Documents/GitHub/EmbeddedProcessing/Labo1/MicroBlaze_lab1/MicroBlaze_lab1.srcs/sources_1/ipshared/xilinx.com/blk_mem_gen_v8_2/ebbf7913/hdl/blk_mem_gen_ecc_decoder.vhd
Duplicated file found; will not be sent for synthesis: c:/Users/Jona/Documents/GitHub/EmbeddedProcessing/Labo1/MicroBlaze_lab1/MicroBlaze_lab1.srcs/sources_1/ipshared/xilinx.com/blk_mem_gen_v8_2/ebbf7913/hdl/blk_mem_input_block.vhd
Duplicated file found; will not be sent for synthesis: c:/Users/Jona/Documents/GitHub/EmbeddedProcessing/Labo1/MicroBlaze_lab1/MicroBlaze_lab1.srcs/sources_1/ipshared/xilinx.com/blk_mem_gen_v8_2/ebbf7913/hdl/blk_mem_output_block.vhd
Duplicated file found; will not be sent for synthesis: c:/Users/Jona/Documents/GitHub/EmbeddedProcessing/Labo1/MicroBlaze_lab1/MicroBlaze_lab1.srcs/sources_1/ipshared/xilinx.com/blk_mem_gen_v8_2/ebbf7913/hdl/blk_mem_axi_read_fsm.vhd
Duplicated file found; will not be sent for synthesis: c:/Users/Jona/Documents/GitHub/EmbeddedProcessing/Labo1/MicroBlaze_lab1/MicroBlaze_lab1.srcs/sources_1/ipshared/xilinx.com/blk_mem_gen_v8_2/ebbf7913/hdl/blk_mem_axi_read_wrapper.vhd
Duplicated file found; will not be sent for synthesis: c:/Users/Jona/Documents/GitHub/EmbeddedProcessing/Labo1/MicroBlaze_lab1/MicroBlaze_lab1.srcs/sources_1/ipshared/xilinx.com/blk_mem_gen_v8_2/ebbf7913/hdl/blk_mem_axi_write_fsm.vhd
Duplicated file found; will not be sent for synthesis: c:/Users/Jona/Documents/GitHub/EmbeddedProcessing/Labo1/MicroBlaze_lab1/MicroBlaze_lab1.srcs/sources_1/ipshared/xilinx.com/blk_mem_gen_v8_2/ebbf7913/hdl/blk_mem_axi_write_wrapper.vhd
Duplicated file found; will not be sent for synthesis: c:/Users/Jona/Documents/GitHub/EmbeddedProcessing/Labo1/MicroBlaze_lab1/MicroBlaze_lab1.srcs/sources_1/ipshared/xilinx.com/blk_mem_gen_v8_2/ebbf7913/hdl/blk_mem_axi_regs_fwd.vhd
Duplicated file found; will not be sent for synthesis: c:/Users/Jona/Documents/GitHub/EmbeddedProcessing/Labo1/MicroBlaze_lab1/MicroBlaze_lab1.srcs/sources_1/ipshared/xilinx.com/blk_mem_gen_v8_2/ebbf7913/hdl/blk_mem_gen_top.vhd
Duplicated file found; will not be sent for synthesis: c:/Users/Jona/Documents/GitHub/EmbeddedProcessing/Labo1/MicroBlaze_lab1/MicroBlaze_lab1.srcs/sources_1/ipshared/xilinx.com/blk_mem_gen_v8_2/ebbf7913/hdl/blk_mem_gen_v8_2_synth.vhd
Duplicated file found; will not be sent for synthesis: c:/Users/Jona/Documents/GitHub/EmbeddedProcessing/Labo1/MicroBlaze_lab1/MicroBlaze_lab1.srcs/sources_1/ipshared/xilinx.com/blk_mem_gen_v8_2/ebbf7913/hdl/blk_mem_gen_v8_2.vhd
Duplicated file found; will not be sent for synthesis: c:/Users/Jona/Documents/GitHub/EmbeddedProcessing/Labo1/MicroBlaze_lab1/MicroBlaze_lab1.srcs/sources_1/ipshared/xilinx.com/fifo_generator_v12_0/8b540c64/hdl/fifo_generator_v12_0_defaults.vhd
Duplicated file found; will not be sent for synthesis: c:/Users/Jona/Documents/GitHub/EmbeddedProcessing/Labo1/MicroBlaze_lab1/MicroBlaze_lab1.srcs/sources_1/ipshared/xilinx.com/fifo_generator_v12_0/8b540c64/hdl/common/synchronizer_ff.vhd
Duplicated file found; will not be sent for synthesis: c:/Users/Jona/Documents/GitHub/EmbeddedProcessing/Labo1/MicroBlaze_lab1/MicroBlaze_lab1.srcs/sources_1/ipshared/xilinx.com/fifo_generator_v12_0/8b540c64/hdl/ramfifo/dmem.vhd
Duplicated file found; will not be sent for synthesis: c:/Users/Jona/Documents/GitHub/EmbeddedProcessing/Labo1/MicroBlaze_lab1/MicroBlaze_lab1.srcs/sources_1/ipshared/xilinx.com/fifo_generator_v12_0/8b540c64/hdl/ramfifo/memory.vhd
Duplicated file found; will not be sent for synthesis: c:/Users/Jona/Documents/GitHub/EmbeddedProcessing/Labo1/MicroBlaze_lab1/MicroBlaze_lab1.srcs/sources_1/ipshared/xilinx.com/fifo_generator_v12_0/8b540c64/hdl/ramfifo/compare.vhd
Duplicated file found; will not be sent for synthesis: c:/Users/Jona/Documents/GitHub/EmbeddedProcessing/Labo1/MicroBlaze_lab1/MicroBlaze_lab1.srcs/sources_1/ipshared/xilinx.com/fifo_generator_v12_0/8b540c64/hdl/ramfifo/wr_bin_cntr.vhd
Duplicated file found; will not be sent for synthesis: c:/Users/Jona/Documents/GitHub/EmbeddedProcessing/Labo1/MicroBlaze_lab1/MicroBlaze_lab1.srcs/sources_1/ipshared/xilinx.com/fifo_generator_v12_0/8b540c64/hdl/ramfifo/rd_bin_cntr.vhd
Duplicated file found; will not be sent for synthesis: c:/Users/Jona/Documents/GitHub/EmbeddedProcessing/Labo1/MicroBlaze_lab1/MicroBlaze_lab1.srcs/sources_1/ipshared/xilinx.com/fifo_generator_v12_0/8b540c64/hdl/ramfifo/updn_cntr.vhd
Duplicated file found; will not be sent for synthesis: c:/Users/Jona/Documents/GitHub/EmbeddedProcessing/Labo1/MicroBlaze_lab1/MicroBlaze_lab1.srcs/sources_1/ipshared/xilinx.com/fifo_generator_v12_0/8b540c64/hdl/ramfifo/rd_status_flags_as.vhd
Duplicated file found; will not be sent for synthesis: c:/Users/Jona/Documents/GitHub/EmbeddedProcessing/Labo1/MicroBlaze_lab1/MicroBlaze_lab1.srcs/sources_1/ipshared/xilinx.com/fifo_generator_v12_0/8b540c64/hdl/ramfifo/rd_status_flags_ss.vhd
Duplicated file found; will not be sent for synthesis: c:/Users/Jona/Documents/GitHub/EmbeddedProcessing/Labo1/MicroBlaze_lab1/MicroBlaze_lab1.srcs/sources_1/ipshared/xilinx.com/fifo_generator_v12_0/8b540c64/hdl/ramfifo/rd_handshaking_flags.vhd
Duplicated file found; will not be sent for synthesis: c:/Users/Jona/Documents/GitHub/EmbeddedProcessing/Labo1/MicroBlaze_lab1/MicroBlaze_lab1.srcs/sources_1/ipshared/xilinx.com/fifo_generator_v12_0/8b540c64/hdl/ramfifo/rd_dc_as.vhd
Duplicated file found; will not be sent for synthesis: c:/Users/Jona/Documents/GitHub/EmbeddedProcessing/Labo1/MicroBlaze_lab1/MicroBlaze_lab1.srcs/sources_1/ipshared/xilinx.com/fifo_generator_v12_0/8b540c64/hdl/ramfifo/rd_dc_fwft_ext_as.vhd
Duplicated file found; will not be sent for synthesis: c:/Users/Jona/Documents/GitHub/EmbeddedProcessing/Labo1/MicroBlaze_lab1/MicroBlaze_lab1.srcs/sources_1/ipshared/xilinx.com/fifo_generator_v12_0/8b540c64/hdl/ramfifo/dc_ss_fwft.vhd
Duplicated file found; will not be sent for synthesis: c:/Users/Jona/Documents/GitHub/EmbeddedProcessing/Labo1/MicroBlaze_lab1/MicroBlaze_lab1.srcs/sources_1/ipshared/xilinx.com/fifo_generator_v12_0/8b540c64/hdl/ramfifo/rd_fwft.vhd
Duplicated file found; will not be sent for synthesis: c:/Users/Jona/Documents/GitHub/EmbeddedProcessing/Labo1/MicroBlaze_lab1/MicroBlaze_lab1.srcs/sources_1/ipshared/xilinx.com/fifo_generator_v12_0/8b540c64/hdl/ramfifo/rd_logic_pkt_fifo.vhd
Duplicated file found; will not be sent for synthesis: c:/Users/Jona/Documents/GitHub/EmbeddedProcessing/Labo1/MicroBlaze_lab1/MicroBlaze_lab1.srcs/sources_1/ipshared/xilinx.com/fifo_generator_v12_0/8b540c64/hdl/ramfifo/clk_x_pntrs.vhd
Duplicated file found; will not be sent for synthesis: c:/Users/Jona/Documents/GitHub/EmbeddedProcessing/Labo1/MicroBlaze_lab1/MicroBlaze_lab1.srcs/sources_1/ipshared/xilinx.com/fifo_generator_v12_0/8b540c64/hdl/ramfifo/wr_status_flags_as.vhd
Duplicated file found; will not be sent for synthesis: c:/Users/Jona/Documents/GitHub/EmbeddedProcessing/Labo1/MicroBlaze_lab1/MicroBlaze_lab1.srcs/sources_1/ipshared/xilinx.com/fifo_generator_v12_0/8b540c64/hdl/ramfifo/wr_status_flags_ss.vhd
Duplicated file found; will not be sent for synthesis: c:/Users/Jona/Documents/GitHub/EmbeddedProcessing/Labo1/MicroBlaze_lab1/MicroBlaze_lab1.srcs/sources_1/ipshared/xilinx.com/fifo_generator_v12_0/8b540c64/hdl/ramfifo/wr_handshaking_flags.vhd
Duplicated file found; will not be sent for synthesis: c:/Users/Jona/Documents/GitHub/EmbeddedProcessing/Labo1/MicroBlaze_lab1/MicroBlaze_lab1.srcs/sources_1/ipshared/xilinx.com/fifo_generator_v12_0/8b540c64/hdl/ramfifo/wr_dc_as.vhd
Duplicated file found; will not be sent for synthesis: c:/Users/Jona/Documents/GitHub/EmbeddedProcessing/Labo1/MicroBlaze_lab1/MicroBlaze_lab1.srcs/sources_1/ipshared/xilinx.com/fifo_generator_v12_0/8b540c64/hdl/ramfifo/wr_dc_fwft_ext_as.vhd
Duplicated file found; will not be sent for synthesis: c:/Users/Jona/Documents/GitHub/EmbeddedProcessing/Labo1/MicroBlaze_lab1/MicroBlaze_lab1.srcs/sources_1/ipshared/xilinx.com/fifo_generator_v12_0/8b540c64/hdl/ramfifo/dc_ss.vhd
Duplicated file found; will not be sent for synthesis: c:/Users/Jona/Documents/GitHub/EmbeddedProcessing/Labo1/MicroBlaze_lab1/MicroBlaze_lab1.srcs/sources_1/ipshared/xilinx.com/fifo_generator_v12_0/8b540c64/hdl/ramfifo/wr_logic.vhd
Duplicated file found; will not be sent for synthesis: c:/Users/Jona/Documents/GitHub/EmbeddedProcessing/Labo1/MicroBlaze_lab1/MicroBlaze_lab1.srcs/sources_1/ipshared/xilinx.com/fifo_generator_v12_0/8b540c64/hdl/ramfifo/wr_logic_pkt_fifo.vhd
Duplicated file found; will not be sent for synthesis: c:/Users/Jona/Documents/GitHub/EmbeddedProcessing/Labo1/MicroBlaze_lab1/MicroBlaze_lab1.srcs/sources_1/ipshared/xilinx.com/fifo_generator_v12_0/8b540c64/hdl/ramfifo/wr_status_flags_sshft.vhd
Duplicated file found; will not be sent for synthesis: c:/Users/Jona/Documents/GitHub/EmbeddedProcessing/Labo1/MicroBlaze_lab1/MicroBlaze_lab1.srcs/sources_1/ipshared/xilinx.com/fifo_generator_v12_0/8b540c64/hdl/ramfifo/rd_status_flags_sshft.vhd
Duplicated file found; will not be sent for synthesis: c:/Users/Jona/Documents/GitHub/EmbeddedProcessing/Labo1/MicroBlaze_lab1/MicroBlaze_lab1.srcs/sources_1/ipshared/xilinx.com/fifo_generator_v12_0/8b540c64/hdl/ramfifo/wr_pf_sshft.vhd
Duplicated file found; will not be sent for synthesis: c:/Users/Jona/Documents/GitHub/EmbeddedProcessing/Labo1/MicroBlaze_lab1/MicroBlaze_lab1.srcs/sources_1/ipshared/xilinx.com/fifo_generator_v12_0/8b540c64/hdl/ramfifo/rd_pe_sshft.vhd
Duplicated file found; will not be sent for synthesis: c:/Users/Jona/Documents/GitHub/EmbeddedProcessing/Labo1/MicroBlaze_lab1/MicroBlaze_lab1.srcs/sources_1/ipshared/xilinx.com/fifo_generator_v12_0/8b540c64/hdl/ramfifo/logic_sshft.vhd
Duplicated file found; will not be sent for synthesis: c:/Users/Jona/Documents/GitHub/EmbeddedProcessing/Labo1/MicroBlaze_lab1/MicroBlaze_lab1.srcs/sources_1/ipshared/xilinx.com/fifo_generator_v12_0/8b540c64/hdl/ramfifo/async_fifo.vhd
Duplicated file found; will not be sent for synthesis: c:/Users/Jona/Documents/GitHub/EmbeddedProcessing/Labo1/MicroBlaze_lab1/MicroBlaze_lab1.srcs/sources_1/ipshared/xilinx.com/fifo_generator_v12_0/8b540c64/hdl/ramfifo/rd_logic.vhd
Duplicated file found; will not be sent for synthesis: c:/Users/Jona/Documents/GitHub/EmbeddedProcessing/Labo1/MicroBlaze_lab1/MicroBlaze_lab1.srcs/sources_1/ipshared/xilinx.com/fifo_generator_v12_0/8b540c64/hdl/ramfifo/fifo_generator_ramfifo.vhd
Duplicated file found; will not be sent for synthesis: c:/Users/Jona/Documents/GitHub/EmbeddedProcessing/Labo1/MicroBlaze_lab1/MicroBlaze_lab1.srcs/sources_1/ipshared/xilinx.com/fifo_generator_v12_0/8b540c64/hdl/builtin/fifo_generator_v12_0_comps_builtin.vhd
Duplicated file found; will not be sent for synthesis: c:/Users/Jona/Documents/GitHub/EmbeddedProcessing/Labo1/MicroBlaze_lab1/MicroBlaze_lab1.srcs/sources_1/ipshared/xilinx.com/fifo_generator_v12_0/8b540c64/hdl/fifo_generator_top.vhd
Duplicated file found; will not be sent for synthesis: c:/Users/Jona/Documents/GitHub/EmbeddedProcessing/Labo1/MicroBlaze_lab1/MicroBlaze_lab1.srcs/sources_1/ipshared/xilinx.com/fifo_generator_v12_0/8b540c64/hdl/fifo_generator_v12_0.vhd
CRC performance measure: elapsed=00:00:00.056s;;memory_peak=205.051MB;;memory_gain=0.000MB
