Copyright 1986-2018 Xilinx, Inc. All Rights Reserved.
------------------------------------------------------------------------------------
| Tool Version : Vivado v.2018.1 (win64) Build 2188600 Wed Apr  4 18:40:38 MDT 2018
| Date         : Mon May 21 14:19:05 2018
| Host         : DESKTOP-A3VP532 running 64-bit major release  (build 9200)
| Command      : upgrade_ip
| Device       : xc7a100tcsg324-1
------------------------------------------------------------------------------------

Upgrade Log for IP 'System_rst_clk_wiz_1_100M_0'

1. Summary
----------

SUCCESS in the upgrade of System_rst_clk_wiz_1_100M_0 (xilinx.com:ip:proc_sys_reset:5.0) from (Rev. 5) to (Rev. 12)






Copyright 1986-2018 Xilinx, Inc. All Rights Reserved.
------------------------------------------------------------------------------------
| Tool Version : Vivado v.2018.1 (win64) Build 2188600 Wed Apr  4 18:40:38 MDT 2018
| Date         : Mon May 21 14:19:05 2018
| Host         : DESKTOP-A3VP532 running 64-bit major release  (build 9200)
| Command      : upgrade_ip
| Device       : xc7a100tcsg324-1
------------------------------------------------------------------------------------

Upgrade Log for IP 'System_microblaze_0_axi_periph_0'

1. Summary
----------

SUCCESS in the upgrade of System_microblaze_0_axi_periph_0 (xilinx.com:ip:axi_interconnect:2.1) from (Rev. 3) to (Rev. 17)






Copyright 1986-2018 Xilinx, Inc. All Rights Reserved.
------------------------------------------------------------------------------------
| Tool Version : Vivado v.2018.1 (win64) Build 2188600 Wed Apr  4 18:40:38 MDT 2018
| Date         : Mon May 21 14:19:05 2018
| Host         : DESKTOP-A3VP532 running 64-bit major release  (build 9200)
| Command      : upgrade_ip
| Device       : xc7a100tcsg324-1
------------------------------------------------------------------------------------

Upgrade Log for IP 'System_microblaze_0_0'

1. Summary
----------

CAUTION (success, with warnings) in the upgrade of System_microblaze_0_0 from xilinx.com:ip:microblaze:9.3 (Rev. 1) to xilinx.com:ip:microblaze:10.0 (Rev. 6)

After upgrade, an IP may have parameter and port differences compared to the original customization. Please review the parameters within the IP customization GUI to ensure proper functionality. Also, please review the updated IP instantiation template to ensure proper connectivity, and update your design if required.

2. Connection Warnings
----------------------

Detected external port differences while upgrading 'System_microblaze_0_0'. These changes may impact your design.


-Upgrade has added port 'Dbg_Disable'


3. Upgrade messages
-------------------

Added parameter C_DEBUG_EXTERNAL_TRACE with value 0 (source 'default')
Added parameter C_RESET_MSR_EIP with value 0 (source 'default')
Added parameter C_RESET_MSR_EE with value 0 (source 'default')
Added parameter C_RESET_MSR_DCE with value 0 (source 'default')
Added parameter C_RESET_MSR_ICE with value 0 (source 'default')
Added parameter C_RESET_MSR_BIP with value 0 (source 'default')
Added parameter C_RESET_MSR_IE with value 0 (source 'default')
Removed parameter C_RESET_MSR

4. Customization warnings
-------------------------

An attempt to modify the value of disabled parameter 'C_ICACHE_HIGHADDR' from '0x000000003FFFFFFF' to '0x3FFFFFFF' has been ignored for IP 'System_microblaze_0_0'

An attempt to modify the value of disabled parameter 'C_ICACHE_BASEADDR' from '0x0000000000000000' to '0x00000000' has been ignored for IP 'System_microblaze_0_0'

An attempt to modify the value of disabled parameter 'C_DCACHE_HIGHADDR' from '0x000000003FFFFFFF' to '0x3FFFFFFF' has been ignored for IP 'System_microblaze_0_0'

An attempt to modify the value of disabled parameter 'C_DCACHE_BASEADDR' from '0x0000000000000000' to '0x00000000' has been ignored for IP 'System_microblaze_0_0'


5. Debug Commands
-----------------

  The following debug information can be passed to Vivado as Tcl commands,
in order to validate or debug the output of the upgrade flow.
  You may consult any warnings from within this upgrade, and alter or remove
the configuration parameter(s) which caused the warning; then execute the Tcl
commands, and use the IP Customization GUI to verify the IP configuration.

create_ip -vlnv xilinx.com:ip:microblaze:10.0 -user_name System_microblaze_0_0
set_property -dict "\
  CONFIG.CLK.CLK.ASSOCIATED_BUSIF {M0_AXIS:S0_AXIS:M1_AXIS:S1_AXIS:M2_AXIS:S2_AXIS:M3_AXIS:S3_AXIS:M4_AXIS:S4_AXIS:M5_AXIS:S5_AXIS:M6_AXIS:S6_AXIS:M7_AXIS:S7_AXIS:M8_AXIS:S8_AXIS:M9_AXIS:S9_AXIS:M10_AXIS:S10_AXIS:M11_AXIS:S11_AXIS:M12_AXIS:S12_AXIS:M13_AXIS:S13_AXIS:M14_AXIS:S14_AXIS:M15_AXIS:S15_AXIS:DLMB:ILMB:M_AXI_DP:M_AXI_IP:M_AXI_DC:M_AXI_IC:M_ACE_DC:M_ACE_IC} \
  CONFIG.CLK.CLK.ASSOCIATED_RESET {Reset} \
  CONFIG.C_ADDR_TAG_BITS {17} \
  CONFIG.C_ALLOW_DCACHE_WR {1} \
  CONFIG.C_ALLOW_ICACHE_WR {1} \
  CONFIG.C_AREA_OPTIMIZED {0} \
  CONFIG.C_ASYNC_INTERRUPT {1} \
  CONFIG.C_AVOID_PRIMITIVES {0} \
  CONFIG.C_BASE_VECTORS {0x00000000} \
  CONFIG.C_BRANCH_TARGET_CACHE_SIZE {0} \
  CONFIG.C_CACHE_BYTE_SIZE {8192} \
  CONFIG.C_DATA_SIZE {32} \
  CONFIG.C_DCACHE_ADDR_TAG {17} \
  CONFIG.C_DCACHE_ALWAYS_USED {0} \
  CONFIG.C_DCACHE_BASEADDR {0x00000000} \
  CONFIG.C_DCACHE_BYTE_SIZE {8192} \
  CONFIG.C_DCACHE_DATA_WIDTH {0} \
  CONFIG.C_DCACHE_FORCE_TAG_LUTRAM {0} \
  CONFIG.C_DCACHE_HIGHADDR {0x3FFFFFFF} \
  CONFIG.C_DCACHE_LINE_LEN {4} \
  CONFIG.C_DCACHE_USE_WRITEBACK {0} \
  CONFIG.C_DCACHE_VICTIMS {0} \
  CONFIG.C_DEBUG_COUNTER_WIDTH {32} \
  CONFIG.C_DEBUG_ENABLED {1} \
  CONFIG.C_DEBUG_EVENT_COUNTERS {5} \
  CONFIG.C_DEBUG_EXTERNAL_TRACE {0} \
  CONFIG.C_DEBUG_LATENCY_COUNTERS {1} \
  CONFIG.C_DEBUG_PROFILE_SIZE {0} \
  CONFIG.C_DEBUG_TRACE_SIZE {8192} \
  CONFIG.C_DIV_ZERO_EXCEPTION {0} \
  CONFIG.C_DYNAMIC_BUS_SIZING {0} \
  CONFIG.C_D_AXI {1} \
  CONFIG.C_D_LMB {1} \
  CONFIG.C_ECC_USE_CE_EXCEPTION {0} \
  CONFIG.C_EDGE_IS_POSITIVE {0} \
  CONFIG.C_ENABLE_DISCRETE_PORTS {0} \
  CONFIG.C_FAULT_TOLERANT {0} \
  CONFIG.C_FPU_EXCEPTION {0} \
  CONFIG.C_FREQ {100000000} \
  CONFIG.C_FSL_EXCEPTION {0} \
  CONFIG.C_FSL_LINKS {0} \
  CONFIG.C_ICACHE_ALWAYS_USED {0} \
  CONFIG.C_ICACHE_BASEADDR {0x00000000} \
  CONFIG.C_ICACHE_DATA_WIDTH {0} \
  CONFIG.C_ICACHE_FORCE_TAG_LUTRAM {0} \
  CONFIG.C_ICACHE_HIGHADDR {0x3FFFFFFF} \
  CONFIG.C_ICACHE_LINE_LEN {4} \
  CONFIG.C_ICACHE_STREAMS {0} \
  CONFIG.C_ICACHE_VICTIMS {0} \
  CONFIG.C_ILL_OPCODE_EXCEPTION {0} \
  CONFIG.C_INSTANCE {microblaze} \
  CONFIG.C_INTERCONNECT {2} \
  CONFIG.C_INTERRUPT_IS_EDGE {0} \
  CONFIG.C_I_AXI {0} \
  CONFIG.C_I_LMB {1} \
  CONFIG.C_LOCKSTEP_SELECT {0} \
  CONFIG.C_LOCKSTEP_SLAVE {0} \
  CONFIG.C_M0_AXIS_DATA_WIDTH {32} \
  CONFIG.C_M0_AXIS_PROTOCOL {GENERIC} \
  CONFIG.C_M10_AXIS_DATA_WIDTH {32} \
  CONFIG.C_M10_AXIS_PROTOCOL {GENERIC} \
  CONFIG.C_M11_AXIS_DATA_WIDTH {32} \
  CONFIG.C_M11_AXIS_PROTOCOL {GENERIC} \
  CONFIG.C_M12_AXIS_DATA_WIDTH {32} \
  CONFIG.C_M12_AXIS_PROTOCOL {GENERIC} \
  CONFIG.C_M13_AXIS_DATA_WIDTH {32} \
  CONFIG.C_M13_AXIS_PROTOCOL {GENERIC} \
  CONFIG.C_M14_AXIS_DATA_WIDTH {32} \
  CONFIG.C_M14_AXIS_PROTOCOL {GENERIC} \
  CONFIG.C_M15_AXIS_DATA_WIDTH {32} \
  CONFIG.C_M15_AXIS_PROTOCOL {GENERIC} \
  CONFIG.C_M1_AXIS_DATA_WIDTH {32} \
  CONFIG.C_M1_AXIS_PROTOCOL {GENERIC} \
  CONFIG.C_M2_AXIS_DATA_WIDTH {32} \
  CONFIG.C_M2_AXIS_PROTOCOL {GENERIC} \
  CONFIG.C_M3_AXIS_DATA_WIDTH {32} \
  CONFIG.C_M3_AXIS_PROTOCOL {GENERIC} \
  CONFIG.C_M4_AXIS_DATA_WIDTH {32} \
  CONFIG.C_M4_AXIS_PROTOCOL {GENERIC} \
  CONFIG.C_M5_AXIS_DATA_WIDTH {32} \
  CONFIG.C_M5_AXIS_PROTOCOL {GENERIC} \
  CONFIG.C_M6_AXIS_DATA_WIDTH {32} \
  CONFIG.C_M6_AXIS_PROTOCOL {GENERIC} \
  CONFIG.C_M7_AXIS_DATA_WIDTH {32} \
  CONFIG.C_M7_AXIS_PROTOCOL {GENERIC} \
  CONFIG.C_M8_AXIS_DATA_WIDTH {32} \
  CONFIG.C_M8_AXIS_PROTOCOL {GENERIC} \
  CONFIG.C_M9_AXIS_DATA_WIDTH {32} \
  CONFIG.C_M9_AXIS_PROTOCOL {GENERIC} \
  CONFIG.C_MMU_DTLB_SIZE {4} \
  CONFIG.C_MMU_ITLB_SIZE {2} \
  CONFIG.C_MMU_PRIVILEGED_INSTR {0} \
  CONFIG.C_MMU_TLB_ACCESS {3} \
  CONFIG.C_MMU_ZONES {16} \
  CONFIG.C_M_AXI_DC_ADDR_WIDTH {32} \
  CONFIG.C_M_AXI_DC_ARUSER_WIDTH {5} \
  CONFIG.C_M_AXI_DC_AWUSER_WIDTH {5} \
  CONFIG.C_M_AXI_DC_BUSER_WIDTH {1} \
  CONFIG.C_M_AXI_DC_EXCLUSIVE_ACCESS {0} \
  CONFIG.C_M_AXI_DC_RUSER_WIDTH {1} \
  CONFIG.C_M_AXI_DC_THREAD_ID_WIDTH {1} \
  CONFIG.C_M_AXI_DC_USER_SIGNALS {0} \
  CONFIG.C_M_AXI_DC_USER_VALUE {31} \
  CONFIG.C_M_AXI_DC_WUSER_WIDTH {1} \
  CONFIG.C_M_AXI_DP_ADDR_WIDTH {32} \
  CONFIG.C_M_AXI_DP_DATA_WIDTH {32} \
  CONFIG.C_M_AXI_DP_EXCLUSIVE_ACCESS {0} \
  CONFIG.C_M_AXI_DP_THREAD_ID_WIDTH {1} \
  CONFIG.C_M_AXI_D_BUS_EXCEPTION {0} \
  CONFIG.C_M_AXI_IC_ADDR_WIDTH {32} \
  CONFIG.C_M_AXI_IC_ARUSER_WIDTH {5} \
  CONFIG.C_M_AXI_IC_AWUSER_WIDTH {5} \
  CONFIG.C_M_AXI_IC_BUSER_WIDTH {1} \
  CONFIG.C_M_AXI_IC_RUSER_WIDTH {1} \
  CONFIG.C_M_AXI_IC_THREAD_ID_WIDTH {1} \
  CONFIG.C_M_AXI_IC_USER_SIGNALS {0} \
  CONFIG.C_M_AXI_IC_USER_VALUE {31} \
  CONFIG.C_M_AXI_IC_WUSER_WIDTH {1} \
  CONFIG.C_M_AXI_IP_ADDR_WIDTH {32} \
  CONFIG.C_M_AXI_IP_DATA_WIDTH {32} \
  CONFIG.C_M_AXI_IP_THREAD_ID_WIDTH {1} \
  CONFIG.C_M_AXI_I_BUS_EXCEPTION {0} \
  CONFIG.C_NUMBER_OF_PC_BRK {1} \
  CONFIG.C_NUMBER_OF_RD_ADDR_BRK {0} \
  CONFIG.C_NUMBER_OF_WR_ADDR_BRK {0} \
  CONFIG.C_OPCODE_0x0_ILLEGAL {0} \
  CONFIG.C_OPTIMIZATION {0} \
  CONFIG.C_PC_WIDTH {32} \
  CONFIG.C_PVR {0} \
  CONFIG.C_PVR_USER1 {0x00} \
  CONFIG.C_PVR_USER2 {0x00000000} \
  CONFIG.C_RESET_MSR_BIP {0} \
  CONFIG.C_RESET_MSR_DCE {0} \
  CONFIG.C_RESET_MSR_EE {0} \
  CONFIG.C_RESET_MSR_EIP {0} \
  CONFIG.C_RESET_MSR_ICE {0} \
  CONFIG.C_RESET_MSR_IE {0} \
  CONFIG.C_S0_AXIS_DATA_WIDTH {32} \
  CONFIG.C_S0_AXIS_PROTOCOL {GENERIC} \
  CONFIG.C_S10_AXIS_DATA_WIDTH {32} \
  CONFIG.C_S10_AXIS_PROTOCOL {GENERIC} \
  CONFIG.C_S11_AXIS_DATA_WIDTH {32} \
  CONFIG.C_S11_AXIS_PROTOCOL {GENERIC} \
  CONFIG.C_S12_AXIS_DATA_WIDTH {32} \
  CONFIG.C_S12_AXIS_PROTOCOL {GENERIC} \
  CONFIG.C_S13_AXIS_DATA_WIDTH {32} \
  CONFIG.C_S13_AXIS_PROTOCOL {GENERIC} \
  CONFIG.C_S14_AXIS_DATA_WIDTH {32} \
  CONFIG.C_S14_AXIS_PROTOCOL {GENERIC} \
  CONFIG.C_S15_AXIS_DATA_WIDTH {32} \
  CONFIG.C_S15_AXIS_PROTOCOL {GENERIC} \
  CONFIG.C_S1_AXIS_DATA_WIDTH {32} \
  CONFIG.C_S1_AXIS_PROTOCOL {GENERIC} \
  CONFIG.C_S2_AXIS_DATA_WIDTH {32} \
  CONFIG.C_S2_AXIS_PROTOCOL {GENERIC} \
  CONFIG.C_S3_AXIS_DATA_WIDTH {32} \
  CONFIG.C_S3_AXIS_PROTOCOL {GENERIC} \
  CONFIG.C_S4_AXIS_DATA_WIDTH {32} \
  CONFIG.C_S4_AXIS_PROTOCOL {GENERIC} \
  CONFIG.C_S5_AXIS_DATA_WIDTH {32} \
  CONFIG.C_S5_AXIS_PROTOCOL {GENERIC} \
  CONFIG.C_S6_AXIS_DATA_WIDTH {32} \
  CONFIG.C_S6_AXIS_PROTOCOL {GENERIC} \
  CONFIG.C_S7_AXIS_DATA_WIDTH {32} \
  CONFIG.C_S7_AXIS_PROTOCOL {GENERIC} \
  CONFIG.C_S8_AXIS_DATA_WIDTH {32} \
  CONFIG.C_S8_AXIS_PROTOCOL {GENERIC} \
  CONFIG.C_S9_AXIS_DATA_WIDTH {32} \
  CONFIG.C_S9_AXIS_PROTOCOL {GENERIC} \
  CONFIG.C_SCO {0} \
  CONFIG.C_TRACE {0} \
  CONFIG.C_UNALIGNED_EXCEPTIONS {0} \
  CONFIG.C_USE_BARREL {0} \
  CONFIG.C_USE_BRANCH_TARGET_CACHE {0} \
  CONFIG.C_USE_CONFIG_RESET {0} \
  CONFIG.C_USE_DCACHE {0} \
  CONFIG.C_USE_DIV {0} \
  CONFIG.C_USE_EXTENDED_FSL_INSTR {0} \
  CONFIG.C_USE_EXT_BRK {0} \
  CONFIG.C_USE_EXT_NM_BRK {0} \
  CONFIG.C_USE_FPU {0} \
  CONFIG.C_USE_HW_MUL {0} \
  CONFIG.C_USE_ICACHE {0} \
  CONFIG.C_USE_INTERRUPT {0} \
  CONFIG.C_USE_MMU {0} \
  CONFIG.C_USE_MSR_INSTR {0} \
  CONFIG.C_USE_PCMP_INSTR {0} \
  CONFIG.C_USE_REORDER_INSTR {1} \
  CONFIG.C_USE_STACK_PROTECTION {0} \
  CONFIG.Component_Name {System_microblaze_0_0} \
  CONFIG.G_TEMPLATE_LIST {0} \
  CONFIG.G_USE_EXCEPTIONS {0} \
  CONFIG.INTERRUPT.LOW_LATENCY {0} \
  CONFIG.INTERRUPT.SENSITIVITY {LEVEL_HIGH} \
  CONFIG.M_AXI_DP.ADDR_WIDTH {32} \
  CONFIG.M_AXI_DP.DATA_WIDTH {32} \
  CONFIG.M_AXI_DP.ID_WIDTH {0} \
  CONFIG.M_AXI_DP.MAX_BURST_LENGTH {1} \
  CONFIG.M_AXI_DP.NUM_READ_OUTSTANDING {1} \
  CONFIG.M_AXI_DP.NUM_WRITE_OUTSTANDING {1} \
  CONFIG.M_AXI_DP.PROTOCOL {AXI4LITE} \
  CONFIG.M_AXI_DP.READ_WRITE_MODE {READ_WRITE} \
  CONFIG.M_AXI_DP.SUPPORTS_NARROW_BURST {0} \
  CONFIG.RST.RESET.POLARITY {ACTIVE_HIGH} \
  CONFIG.RST.RESET.TYPE {PROCESSOR} " [get_ips System_microblaze_0_0]







Copyright 1986-2018 Xilinx, Inc. All Rights Reserved.
------------------------------------------------------------------------------------
| Tool Version : Vivado v.2018.1 (win64) Build 2188600 Wed Apr  4 18:40:38 MDT 2018
| Date         : Mon May 21 14:19:05 2018
| Host         : DESKTOP-A3VP532 running 64-bit major release  (build 9200)
| Command      : upgrade_ip
| Device       : xc7a100tcsg324-1
------------------------------------------------------------------------------------

Upgrade Log for IP 'System_mdm_1_0'

1. Summary
----------

CAUTION (success, with warnings) in the upgrade of System_mdm_1_0 from xilinx.com:ip:mdm:3.1 (Rev. 1) to xilinx.com:ip:mdm:3.2 (Rev. 13)

After upgrade, an IP may have parameter and port differences compared to the original customization. Please review the parameters within the IP customization GUI to ensure proper functionality. Also, please review the updated IP instantiation template to ensure proper connectivity, and update your design if required.

2. Connection Warnings
----------------------

Detected external port differences while upgrading 'System_mdm_1_0'. These changes may impact your design.


-Upgrade has added port 'Dbg_Disable_0'


3. Upgrade messages
-------------------

Added parameter C_TRACE_OUTPUT with value 0 (source 'default')
Added parameter C_TRACE_DATA_WIDTH with value 32 (source 'default')
Added parameter C_TRACE_CLK_FREQ_HZ with value 200000000 (source 'default')
Added parameter C_TRACE_CLK_OUT_PHASE with value 90 (source 'default')
Added parameter C_M_AXIS_DATA_WIDTH with value 32 (source 'default')
Added parameter C_M_AXIS_ID_WIDTH with value 5 (source 'default')
Added parameter C_DEBUG_INTERFACE with value 0 (source 'default')
Added parameter C_TRACE_PROTOCOL with value 1 (source 'default')
Set parameter C_S_AXI_ADDR_WIDTH to value 4 (source 'default')






Copyright 1986-2018 Xilinx, Inc. All Rights Reserved.
------------------------------------------------------------------------------------
| Tool Version : Vivado v.2018.1 (win64) Build 2188600 Wed Apr  4 18:40:38 MDT 2018
| Date         : Mon May 21 14:19:05 2018
| Host         : DESKTOP-A3VP532 running 64-bit major release  (build 9200)
| Command      : upgrade_ip
| Device       : xc7a100tcsg324-1
------------------------------------------------------------------------------------

Upgrade Log for IP 'System_lmb_bram_0'

1. Summary
----------

CAUTION (success, with warnings) in the upgrade of System_lmb_bram_0 from xilinx.com:ip:blk_mem_gen:8.2 (Rev. 1) to xilinx.com:ip:blk_mem_gen:8.4 (Rev. 1)

After upgrade, an IP may have parameter and port differences compared to the original customization. Please review the parameters within the IP customization GUI to ensure proper functionality. Also, please review the updated IP instantiation template to ensure proper connectivity, and update your design if required.

2. Connection Warnings
----------------------

Detected external port differences while upgrading 'System_lmb_bram_0'. These changes may impact your design.


-Upgrade has added port 'rsta_busy'

-Upgrade has added port 'rstb_busy'







Copyright 1986-2018 Xilinx, Inc. All Rights Reserved.
------------------------------------------------------------------------------------
| Tool Version : Vivado v.2018.1 (win64) Build 2188600 Wed Apr  4 18:40:38 MDT 2018
| Date         : Mon May 21 14:19:05 2018
| Host         : DESKTOP-A3VP532 running 64-bit major release  (build 9200)
| Command      : upgrade_ip
| Device       : xc7a100tcsg324-1
------------------------------------------------------------------------------------

Upgrade Log for IP 'System_ilmb_v10_0'

1. Summary
----------

SUCCESS in the upgrade of System_ilmb_v10_0 (xilinx.com:ip:lmb_v10:3.0) from (Rev. 4) to (Rev. 9)






Copyright 1986-2018 Xilinx, Inc. All Rights Reserved.
------------------------------------------------------------------------------------
| Tool Version : Vivado v.2018.1 (win64) Build 2188600 Wed Apr  4 18:40:38 MDT 2018
| Date         : Mon May 21 14:19:05 2018
| Host         : DESKTOP-A3VP532 running 64-bit major release  (build 9200)
| Command      : upgrade_ip
| Device       : xc7a100tcsg324-1
------------------------------------------------------------------------------------

Upgrade Log for IP 'System_ilmb_bram_if_cntlr_0'

1. Summary
----------

SUCCESS in the upgrade of System_ilmb_bram_if_cntlr_0 (xilinx.com:ip:lmb_bram_if_cntlr:4.0) from (Rev. 4) to (Rev. 14)

2. Upgrade messages
-------------------

Set parameter C_MASK1 to value 0x0000000000800000 (source 'default')
Set parameter C_MASK2 to value 0x0000000000800000 (source 'default')
Set parameter C_MASK3 to value 0x0000000000800000 (source 'default')






Copyright 1986-2018 Xilinx, Inc. All Rights Reserved.
------------------------------------------------------------------------------------
| Tool Version : Vivado v.2018.1 (win64) Build 2188600 Wed Apr  4 18:40:38 MDT 2018
| Date         : Mon May 21 14:19:05 2018
| Host         : DESKTOP-A3VP532 running 64-bit major release  (build 9200)
| Command      : upgrade_ip
| Device       : xc7a100tcsg324-1
------------------------------------------------------------------------------------

Upgrade Log for IP 'System_dlmb_v10_0'

1. Summary
----------

SUCCESS in the upgrade of System_dlmb_v10_0 (xilinx.com:ip:lmb_v10:3.0) from (Rev. 4) to (Rev. 9)






Copyright 1986-2018 Xilinx, Inc. All Rights Reserved.
------------------------------------------------------------------------------------
| Tool Version : Vivado v.2018.1 (win64) Build 2188600 Wed Apr  4 18:40:38 MDT 2018
| Date         : Mon May 21 14:19:05 2018
| Host         : DESKTOP-A3VP532 running 64-bit major release  (build 9200)
| Command      : upgrade_ip
| Device       : xc7a100tcsg324-1
------------------------------------------------------------------------------------

Upgrade Log for IP 'System_dlmb_bram_if_cntlr_0'

1. Summary
----------

SUCCESS in the upgrade of System_dlmb_bram_if_cntlr_0 (xilinx.com:ip:lmb_bram_if_cntlr:4.0) from (Rev. 4) to (Rev. 14)

2. Upgrade messages
-------------------

Set parameter C_MASK1 to value 0x0000000000800000 (source 'default')
Set parameter C_MASK2 to value 0x0000000000800000 (source 'default')
Set parameter C_MASK3 to value 0x0000000000800000 (source 'default')






Copyright 1986-2018 Xilinx, Inc. All Rights Reserved.
------------------------------------------------------------------------------------
| Tool Version : Vivado v.2018.1 (win64) Build 2188600 Wed Apr  4 18:40:38 MDT 2018
| Date         : Mon May 21 14:19:05 2018
| Host         : DESKTOP-A3VP532 running 64-bit major release  (build 9200)
| Command      : upgrade_ip
| Device       : xc7a100tcsg324-1
------------------------------------------------------------------------------------

Upgrade Log for IP 'System_clk_wiz_1_0'

1. Summary
----------

CAUTION (success, with warnings) in the upgrade of System_clk_wiz_1_0 from xilinx.com:ip:clk_wiz:5.1 (Rev. 3) to xilinx.com:ip:clk_wiz:6.0

After upgrade, an IP may have parameter and port differences compared to the original customization. Please review the parameters within the IP customization GUI to ensure proper functionality. Also, please review the updated IP instantiation template to ensure proper connectivity, and update your design if required.

2. Connection Warnings
----------------------

Detected external port differences while upgrading 'System_clk_wiz_1_0'. These changes may impact your design.


-Upgraded port order differs after port 'resetn'


3. Customization warnings
-------------------------

An attempt to modify the value of disabled parameter 'MMCM_CLKIN1_PERIOD' from '10.000' to '10.0' has been ignored for IP 'System_clk_wiz_1_0'

An attempt to modify the value of disabled parameter 'MMCM_CLKIN2_PERIOD' from '10.000' to '10.0' has been ignored for IP 'System_clk_wiz_1_0'


4. Debug Commands
-----------------

  The following debug information can be passed to Vivado as Tcl commands,
in order to validate or debug the output of the upgrade flow.
  You may consult any warnings from within this upgrade, and alter or remove
the configuration parameter(s) which caused the warning; then execute the Tcl
commands, and use the IP Customization GUI to verify the IP configuration.

create_ip -vlnv xilinx.com:ip:clk_wiz:6.0 -user_name System_clk_wiz_1_0
set_property -dict "\
  CONFIG.CALC_DONE {empty} \
  CONFIG.CDDCDONE_PORT {cddcdone} \
  CONFIG.CDDCREQ_PORT {cddcreq} \
  CONFIG.CLKFB_IN_N_PORT {clkfb_in_n} \
  CONFIG.CLKFB_IN_PORT {clkfb_in} \
  CONFIG.CLKFB_IN_P_PORT {clkfb_in_p} \
  CONFIG.CLKFB_IN_SIGNALING {SINGLE} \
  CONFIG.CLKFB_OUT_N_PORT {clkfb_out_n} \
  CONFIG.CLKFB_OUT_PORT {clkfb_out} \
  CONFIG.CLKFB_OUT_P_PORT {clkfb_out_p} \
  CONFIG.CLKFB_STOPPED_PORT {clkfb_stopped} \
  CONFIG.CLKIN1_JITTER_PS {100.0} \
  CONFIG.CLKIN1_UI_JITTER {0.010} \
  CONFIG.CLKIN2_JITTER_PS {100.0} \
  CONFIG.CLKIN2_UI_JITTER {0.010} \
  CONFIG.CLKOUT1_DRIVES {BUFG} \
  CONFIG.CLKOUT1_JITTER {130.958} \
  CONFIG.CLKOUT1_PHASE_ERROR {98.575} \
  CONFIG.CLKOUT1_REQUESTED_DUTY_CYCLE {50.000} \
  CONFIG.CLKOUT1_REQUESTED_OUT_FREQ {100.000} \
  CONFIG.CLKOUT1_REQUESTED_PHASE {0.000} \
  CONFIG.CLKOUT1_SEQUENCE_NUMBER {1} \
  CONFIG.CLKOUT1_USED {true} \
  CONFIG.CLKOUT2_DRIVES {BUFG} \
  CONFIG.CLKOUT2_JITTER {0.0} \
  CONFIG.CLKOUT2_PHASE_ERROR {0.0} \
  CONFIG.CLKOUT2_REQUESTED_DUTY_CYCLE {50.000} \
  CONFIG.CLKOUT2_REQUESTED_OUT_FREQ {100.000} \
  CONFIG.CLKOUT2_REQUESTED_PHASE {0.000} \
  CONFIG.CLKOUT2_SEQUENCE_NUMBER {1} \
  CONFIG.CLKOUT2_USED {false} \
  CONFIG.CLKOUT3_DRIVES {BUFG} \
  CONFIG.CLKOUT3_JITTER {0.0} \
  CONFIG.CLKOUT3_PHASE_ERROR {0.0} \
  CONFIG.CLKOUT3_REQUESTED_DUTY_CYCLE {50.000} \
  CONFIG.CLKOUT3_REQUESTED_OUT_FREQ {100.000} \
  CONFIG.CLKOUT3_REQUESTED_PHASE {0.000} \
  CONFIG.CLKOUT3_SEQUENCE_NUMBER {1} \
  CONFIG.CLKOUT3_USED {false} \
  CONFIG.CLKOUT4_DRIVES {BUFG} \
  CONFIG.CLKOUT4_JITTER {0.0} \
  CONFIG.CLKOUT4_PHASE_ERROR {0.0} \
  CONFIG.CLKOUT4_REQUESTED_DUTY_CYCLE {50.000} \
  CONFIG.CLKOUT4_REQUESTED_OUT_FREQ {100.000} \
  CONFIG.CLKOUT4_REQUESTED_PHASE {0.000} \
  CONFIG.CLKOUT4_SEQUENCE_NUMBER {1} \
  CONFIG.CLKOUT4_USED {false} \
  CONFIG.CLKOUT5_DRIVES {BUFG} \
  CONFIG.CLKOUT5_JITTER {0.0} \
  CONFIG.CLKOUT5_PHASE_ERROR {0.0} \
  CONFIG.CLKOUT5_REQUESTED_DUTY_CYCLE {50.000} \
  CONFIG.CLKOUT5_REQUESTED_OUT_FREQ {100.000} \
  CONFIG.CLKOUT5_REQUESTED_PHASE {0.000} \
  CONFIG.CLKOUT5_SEQUENCE_NUMBER {1} \
  CONFIG.CLKOUT5_USED {false} \
  CONFIG.CLKOUT6_DRIVES {BUFG} \
  CONFIG.CLKOUT6_JITTER {0.0} \
  CONFIG.CLKOUT6_PHASE_ERROR {0.0} \
  CONFIG.CLKOUT6_REQUESTED_DUTY_CYCLE {50.000} \
  CONFIG.CLKOUT6_REQUESTED_OUT_FREQ {100.000} \
  CONFIG.CLKOUT6_REQUESTED_PHASE {0.000} \
  CONFIG.CLKOUT6_SEQUENCE_NUMBER {1} \
  CONFIG.CLKOUT6_USED {false} \
  CONFIG.CLKOUT7_DRIVES {BUFG} \
  CONFIG.CLKOUT7_JITTER {0.0} \
  CONFIG.CLKOUT7_PHASE_ERROR {0.0} \
  CONFIG.CLKOUT7_REQUESTED_DUTY_CYCLE {50.000} \
  CONFIG.CLKOUT7_REQUESTED_OUT_FREQ {100.000} \
  CONFIG.CLKOUT7_REQUESTED_PHASE {0.000} \
  CONFIG.CLKOUT7_SEQUENCE_NUMBER {1} \
  CONFIG.CLKOUT7_USED {false} \
  CONFIG.CLKOUTPHY_REQUESTED_FREQ {600.000} \
  CONFIG.CLK_IN1_BOARD_INTERFACE {Custom} \
  CONFIG.CLK_IN2_BOARD_INTERFACE {Custom} \
  CONFIG.CLK_IN_SEL_PORT {clk_in_sel} \
  CONFIG.CLK_OUT1_PORT {clk_out1} \
  CONFIG.CLK_OUT1_USE_FINE_PS_GUI {false} \
  CONFIG.CLK_OUT2_PORT {clk_out2} \
  CONFIG.CLK_OUT2_USE_FINE_PS_GUI {false} \
  CONFIG.CLK_OUT3_PORT {clk_out3} \
  CONFIG.CLK_OUT3_USE_FINE_PS_GUI {false} \
  CONFIG.CLK_OUT4_PORT {clk_out4} \
  CONFIG.CLK_OUT4_USE_FINE_PS_GUI {false} \
  CONFIG.CLK_OUT5_PORT {clk_out5} \
  CONFIG.CLK_OUT5_USE_FINE_PS_GUI {false} \
  CONFIG.CLK_OUT6_PORT {clk_out6} \
  CONFIG.CLK_OUT6_USE_FINE_PS_GUI {false} \
  CONFIG.CLK_OUT7_PORT {clk_out7} \
  CONFIG.CLK_OUT7_USE_FINE_PS_GUI {false} \
  CONFIG.CLK_VALID_PORT {CLK_VALID} \
  CONFIG.CLOCK_MGR_TYPE {auto} \
  CONFIG.Component_Name {System_clk_wiz_1_0} \
  CONFIG.DADDR_PORT {daddr} \
  CONFIG.DCLK_PORT {dclk} \
  CONFIG.DEN_PORT {den} \
  CONFIG.DIFF_CLK_IN1_BOARD_INTERFACE {Custom} \
  CONFIG.DIFF_CLK_IN2_BOARD_INTERFACE {Custom} \
  CONFIG.DIN_PORT {din} \
  CONFIG.DOUT_PORT {dout} \
  CONFIG.DRDY_PORT {drdy} \
  CONFIG.DWE_PORT {dwe} \
  CONFIG.ENABLE_CDDC {false} \
  CONFIG.ENABLE_CLKOUTPHY {false} \
  CONFIG.FEEDBACK_SOURCE {FDBK_AUTO} \
  CONFIG.INPUT_CLK_STOPPED_PORT {input_clk_stopped} \
  CONFIG.INTERFACE_SELECTION {Enable_AXI} \
  CONFIG.IN_FREQ_UNITS {Units_MHz} \
  CONFIG.IN_JITTER_UNITS {Units_UI} \
  CONFIG.JITTER_OPTIONS {UI} \
  CONFIG.JITTER_SEL {No_Jitter} \
  CONFIG.LOCKED_PORT {locked} \
  CONFIG.MMCM_BANDWIDTH {OPTIMIZED} \
  CONFIG.MMCM_CLKFBOUT_MULT_F {10.000} \
  CONFIG.MMCM_CLKFBOUT_PHASE {0.000} \
  CONFIG.MMCM_CLKFBOUT_USE_FINE_PS {false} \
  CONFIG.MMCM_CLKIN1_PERIOD {10.0} \
  CONFIG.MMCM_CLKIN2_PERIOD {10.0} \
  CONFIG.MMCM_CLKOUT0_DIVIDE_F {10.000} \
  CONFIG.MMCM_CLKOUT0_DUTY_CYCLE {0.500} \
  CONFIG.MMCM_CLKOUT0_PHASE {0.000} \
  CONFIG.MMCM_CLKOUT0_USE_FINE_PS {false} \
  CONFIG.MMCM_CLKOUT1_DIVIDE {1} \
  CONFIG.MMCM_CLKOUT1_DUTY_CYCLE {0.500} \
  CONFIG.MMCM_CLKOUT1_PHASE {0.000} \
  CONFIG.MMCM_CLKOUT1_USE_FINE_PS {false} \
  CONFIG.MMCM_CLKOUT2_DIVIDE {1} \
  CONFIG.MMCM_CLKOUT2_DUTY_CYCLE {0.500} \
  CONFIG.MMCM_CLKOUT2_PHASE {0.000} \
  CONFIG.MMCM_CLKOUT2_USE_FINE_PS {false} \
  CONFIG.MMCM_CLKOUT3_DIVIDE {1} \
  CONFIG.MMCM_CLKOUT3_DUTY_CYCLE {0.500} \
  CONFIG.MMCM_CLKOUT3_PHASE {0.000} \
  CONFIG.MMCM_CLKOUT3_USE_FINE_PS {false} \
  CONFIG.MMCM_CLKOUT4_CASCADE {false} \
  CONFIG.MMCM_CLKOUT4_DIVIDE {1} \
  CONFIG.MMCM_CLKOUT4_DUTY_CYCLE {0.500} \
  CONFIG.MMCM_CLKOUT4_PHASE {0.000} \
  CONFIG.MMCM_CLKOUT4_USE_FINE_PS {false} \
  CONFIG.MMCM_CLKOUT5_DIVIDE {1} \
  CONFIG.MMCM_CLKOUT5_DUTY_CYCLE {0.500} \
  CONFIG.MMCM_CLKOUT5_PHASE {0.000} \
  CONFIG.MMCM_CLKOUT5_USE_FINE_PS {false} \
  CONFIG.MMCM_CLKOUT6_DIVIDE {1} \
  CONFIG.MMCM_CLKOUT6_DUTY_CYCLE {0.500} \
  CONFIG.MMCM_CLKOUT6_PHASE {0.000} \
  CONFIG.MMCM_CLKOUT6_USE_FINE_PS {false} \
  CONFIG.MMCM_CLOCK_HOLD {false} \
  CONFIG.MMCM_COMPENSATION {ZHOLD} \
  CONFIG.MMCM_DIVCLK_DIVIDE {1} \
  CONFIG.MMCM_NOTES {None} \
  CONFIG.MMCM_REF_JITTER1 {0.010} \
  CONFIG.MMCM_REF_JITTER2 {0.010} \
  CONFIG.MMCM_STARTUP_WAIT {false} \
  CONFIG.NUM_OUT_CLKS {1} \
  CONFIG.OVERRIDE_MMCM {false} \
  CONFIG.OVERRIDE_PLL {false} \
  CONFIG.PLATFORM {UNKNOWN} \
  CONFIG.PLL_BANDWIDTH {OPTIMIZED} \
  CONFIG.PLL_CLKFBOUT_MULT {4} \
  CONFIG.PLL_CLKFBOUT_PHASE {0.000} \
  CONFIG.PLL_CLKIN_PERIOD {10.000} \
  CONFIG.PLL_CLKOUT0_DIVIDE {1} \
  CONFIG.PLL_CLKOUT0_DUTY_CYCLE {0.500} \
  CONFIG.PLL_CLKOUT0_PHASE {0.000} \
  CONFIG.PLL_CLKOUT1_DIVIDE {1} \
  CONFIG.PLL_CLKOUT1_DUTY_CYCLE {0.500} \
  CONFIG.PLL_CLKOUT1_PHASE {0.000} \
  CONFIG.PLL_CLKOUT2_DIVIDE {1} \
  CONFIG.PLL_CLKOUT2_DUTY_CYCLE {0.500} \
  CONFIG.PLL_CLKOUT2_PHASE {0.000} \
  CONFIG.PLL_CLKOUT3_DIVIDE {1} \
  CONFIG.PLL_CLKOUT3_DUTY_CYCLE {0.500} \
  CONFIG.PLL_CLKOUT3_PHASE {0.000} \
  CONFIG.PLL_CLKOUT4_DIVIDE {1} \
  CONFIG.PLL_CLKOUT4_DUTY_CYCLE {0.500} \
  CONFIG.PLL_CLKOUT4_PHASE {0.000} \
  CONFIG.PLL_CLKOUT5_DIVIDE {1} \
  CONFIG.PLL_CLKOUT5_DUTY_CYCLE {0.500} \
  CONFIG.PLL_CLKOUT5_PHASE {0.000} \
  CONFIG.PLL_CLK_FEEDBACK {CLKFBOUT} \
  CONFIG.PLL_COMPENSATION {SYSTEM_SYNCHRONOUS} \
  CONFIG.PLL_DIVCLK_DIVIDE {1} \
  CONFIG.PLL_NOTES {None} \
  CONFIG.PLL_REF_JITTER {0.010} \
  CONFIG.POWER_DOWN_PORT {power_down} \
  CONFIG.PRIMARY_PORT {clk_in1} \
  CONFIG.PRIMITIVE {MMCM} \
  CONFIG.PRIMTYPE_SEL {mmcm_adv} \
  CONFIG.PRIM_IN_FREQ {100.000} \
  CONFIG.PRIM_IN_JITTER {0.010} \
  CONFIG.PRIM_SOURCE {Single_ended_clock_capable_pin} \
  CONFIG.PSCLK_PORT {psclk} \
  CONFIG.PSDONE_PORT {psdone} \
  CONFIG.PSEN_PORT {psen} \
  CONFIG.PSINCDEC_PORT {psincdec} \
  CONFIG.RELATIVE_INCLK {REL_PRIMARY} \
  CONFIG.RESET_BOARD_INTERFACE {Custom} \
  CONFIG.RESET_PORT {resetn} \
  CONFIG.RESET_TYPE {ACTIVE_LOW} \
  CONFIG.SECONDARY_IN_FREQ {100.000} \
  CONFIG.SECONDARY_IN_JITTER {0.010} \
  CONFIG.SECONDARY_PORT {clk_in2} \
  CONFIG.SECONDARY_SOURCE {Single_ended_clock_capable_pin} \
  CONFIG.SS_MODE {CENTER_HIGH} \
  CONFIG.SS_MOD_FREQ {250} \
  CONFIG.STATUS_PORT {STATUS} \
  CONFIG.SUMMARY_STRINGS {empty} \
  CONFIG.USE_BOARD_FLOW {false} \
  CONFIG.USE_CLKFB_STOPPED {false} \
  CONFIG.USE_CLK_VALID {false} \
  CONFIG.USE_CLOCK_SEQUENCING {false} \
  CONFIG.USE_DYN_PHASE_SHIFT {false} \
  CONFIG.USE_DYN_RECONFIG {false} \
  CONFIG.USE_FREEZE {false} \
  CONFIG.USE_FREQ_SYNTH {true} \
  CONFIG.USE_INCLK_STOPPED {false} \
  CONFIG.USE_INCLK_SWITCHOVER {false} \
  CONFIG.USE_LOCKED {true} \
  CONFIG.USE_MAX_I_JITTER {false} \
  CONFIG.USE_MIN_O_JITTER {false} \
  CONFIG.USE_MIN_POWER {false} \
  CONFIG.USE_PHASE_ALIGNMENT {true} \
  CONFIG.USE_POWER_DOWN {false} \
  CONFIG.USE_RESET {true} \
  CONFIG.USE_SAFE_CLOCK_STARTUP {false} \
  CONFIG.USE_SPREAD_SPECTRUM {false} \
  CONFIG.USE_STATUS {false} \
  CONFIG.resetn.POLARITY {ACTIVE_LOW} " [get_ips System_clk_wiz_1_0]







Copyright 1986-2018 Xilinx, Inc. All Rights Reserved.
------------------------------------------------------------------------------------
| Tool Version : Vivado v.2018.1 (win64) Build 2188600 Wed Apr  4 18:40:38 MDT 2018
| Date         : Mon May 21 14:19:05 2018
| Host         : DESKTOP-A3VP532 running 64-bit major release  (build 9200)
| Command      : upgrade_ip
| Device       : xc7a100tcsg324-1
------------------------------------------------------------------------------------

Upgrade Log for IP 'System_axi_uartlite_0_0'

1. Summary
----------

SUCCESS in the upgrade of System_axi_uartlite_0_0 (xilinx.com:ip:axi_uartlite:2.0) from (Rev. 5) to (Rev. 20)






Copyright 1986-2018 Xilinx, Inc. All Rights Reserved.
------------------------------------------------------------------------------------
| Tool Version : Vivado v.2018.1 (win64) Build 2188600 Wed Apr  4 18:40:38 MDT 2018
| Date         : Mon May 21 14:19:05 2018
| Host         : DESKTOP-A3VP532 running 64-bit major release  (build 9200)
| Command      : upgrade_ip
| Device       : xc7a100tcsg324-1
------------------------------------------------------------------------------------

Upgrade Log for IP 'System_axi_timer_0_0'

1. Summary
----------

SUCCESS in the upgrade of System_axi_timer_0_0 (xilinx.com:ip:axi_timer:2.0) from (Rev. 5) to (Rev. 18)






Copyright 1986-2018 Xilinx, Inc. All Rights Reserved.
------------------------------------------------------------------------------------
| Tool Version : Vivado v.2018.1 (win64) Build 2188600 Wed Apr  4 18:40:38 MDT 2018
| Date         : Mon May 21 14:19:05 2018
| Host         : DESKTOP-A3VP532 running 64-bit major release  (build 9200)
| Command      : upgrade_ip
| Device       : xc7a100tcsg324-1
------------------------------------------------------------------------------------

Upgrade Log for IP 'System_axi_gpio_1_0'

1. Summary
----------

SUCCESS in the upgrade of System_axi_gpio_1_0 (xilinx.com:ip:axi_gpio:2.0) from (Rev. 5) to (Rev. 18)






Copyright 1986-2018 Xilinx, Inc. All Rights Reserved.
------------------------------------------------------------------------------------
| Tool Version : Vivado v.2018.1 (win64) Build 2188600 Wed Apr  4 18:40:38 MDT 2018
| Date         : Mon May 21 14:19:05 2018
| Host         : DESKTOP-A3VP532 running 64-bit major release  (build 9200)
| Command      : upgrade_ip
| Device       : xc7a100tcsg324-1
------------------------------------------------------------------------------------

Upgrade Log for IP 'System_axi_gpio_0_0'

1. Summary
----------

SUCCESS in the upgrade of System_axi_gpio_0_0 (xilinx.com:ip:axi_gpio:2.0) from (Rev. 5) to (Rev. 18)

