#-----------------------------------------------------------
# Vivado v2014.2 (64-bit)
# SW Build 932637 on Wed Jun 11 13:33:10 MDT 2014
# IP Build 924643 on Fri May 30 09:20:16 MDT 2014
# Start of session at: Tue May 15 17:12:20 2018
# Process ID: 5740
# Log file: E:/MicroBlaze_Lab3/vivado.log
# Journal file: E:/MicroBlaze_Lab3\vivado.jou
#-----------------------------------------------------------
start_gui
open_project {E:\MicroBlaze_Lab3\MicroBlaze_Lab3.xpr}
Scanning sources...
Finished scanning sources
INFO: [IP_Flow 19-234] Refreshing IP repositories
INFO: [IP_Flow 19-1700] Loaded user IP repository 'e:/labo3/labo3/ip_repo/led_ip_1.0'.
INFO: [IP_Flow 19-2313] Loaded Vivado IP repository 'C:/Xilinx/Vivado/2014.2/data/ip'.
open_project: Time (s): cpu = 00:00:16 ; elapsed = 00:00:09 . Memory (MB): peak = 886.535 ; gain = 107.125
open_bd_design {E:/MicroBlaze_Lab3/MicroBlaze_Lab3.srcs/sources_1/bd/System/System.bd}
Adding component instance block -- xilinx.com:ip:microblaze:9.3 - microblaze_0
Adding component instance block -- xilinx.com:ip:mdm:3.1 - mdm_1
Adding component instance block -- xilinx.com:ip:clk_wiz:5.1 - clk_wiz_1
Adding component instance block -- xilinx.com:ip:proc_sys_reset:5.0 - rst_clk_wiz_1_100M
Adding component instance block -- xilinx.com:ip:axi_uartlite:2.0 - axi_uartlite_0
Adding component instance block -- xilinx.com:ip:axi_gpio:2.0 - sw_8bit
Adding component instance block -- xilinx.com:ip:axi_gpio:2.0 - btns_5bit
Adding component instance block -- hubkaho.be:user:led_ip:1.0 - led_ip_0
Adding component instance block -- xilinx.com:ip:axi_crossbar:2.1 - xbar
Adding component instance block -- xilinx.com:ip:lmb_v10:3.0 - dlmb_v10
Adding component instance block -- xilinx.com:ip:lmb_v10:3.0 - ilmb_v10
Adding component instance block -- xilinx.com:ip:lmb_bram_if_cntlr:4.0 - dlmb_bram_if_cntlr
Adding component instance block -- xilinx.com:ip:lmb_bram_if_cntlr:4.0 - ilmb_bram_if_cntlr
Adding component instance block -- xilinx.com:ip:blk_mem_gen:8.2 - lmb_bram
Successfully read diagram <System> from BD file <E:/MicroBlaze_Lab3/MicroBlaze_Lab3.srcs/sources_1/bd/System/System.bd>
open_bd_design: Time (s): cpu = 00:00:12 ; elapsed = 00:00:13 . Memory (MB): peak = 1060.563 ; gain = 174.027
startgroup
create_bd_cell -type ip -vlnv xilinx.com:ip:axi_timer:2.0 axi_timer_0
endgroup
set_property location {3 954 1101} [get_bd_cells axi_timer_0]
apply_bd_automation -rule xilinx.com:bd_rule:axi4 -config {Master "/microblaze_0 (Periph)" Clk "Auto" }  [get_bd_intf_pins axi_timer_0/S_AXI]
</axi_timer_0/S_AXI/Reg> is being mapped into </microblaze_0/Data> at <0x41C00000[ 64K ]>
validate_bd_design
validate_bd_design: Time (s): cpu = 00:00:06 ; elapsed = 00:00:07 . Memory (MB): peak = 1112.316 ; gain = 27.625
save_bd_design
Wrote  : <E:/MicroBlaze_Lab3/MicroBlaze_Lab3.srcs/sources_1/bd/System/System.bd> 
reset_run synth_1
launch_runs impl_1 -to_step write_bitstream
Exporting to file E:/MicroBlaze_Lab3/MicroBlaze_Lab3.srcs/sources_1/bd/System/hw_handoff/System.hwh
VHDL Output written to : System.vhd
VHDL Output written to : System_wrapper.vhd
Wrote  : <E:/MicroBlaze_Lab3/MicroBlaze_Lab3.srcs/sources_1/bd/System/System.bd> 
INFO: [IP_Flow 19-1706] Not generating 'Synthesis' target for IP 'System_microblaze_0_0'. Target already exists and is up to date.
INFO: [BD 41-1029] Generation completed for the IP Integrator block microblaze_0 .
INFO: [IP_Flow 19-1706] Not generating 'Synthesis' target for IP 'System_dlmb_v10_0'. Target already exists and is up to date.
INFO: [BD 41-1029] Generation completed for the IP Integrator block microblaze_0_local_memory/dlmb_v10 .
INFO: [IP_Flow 19-1706] Not generating 'Synthesis' target for IP 'System_ilmb_v10_0'. Target already exists and is up to date.
INFO: [BD 41-1029] Generation completed for the IP Integrator block microblaze_0_local_memory/ilmb_v10 .
INFO: [IP_Flow 19-1706] Not generating 'Synthesis' target for IP 'System_dlmb_bram_if_cntlr_0'. Target already exists and is up to date.
INFO: [BD 41-1029] Generation completed for the IP Integrator block microblaze_0_local_memory/dlmb_bram_if_cntlr .
INFO: [IP_Flow 19-1706] Not generating 'Synthesis' target for IP 'System_ilmb_bram_if_cntlr_0'. Target already exists and is up to date.
INFO: [BD 41-1029] Generation completed for the IP Integrator block microblaze_0_local_memory/ilmb_bram_if_cntlr .
INFO: [IP_Flow 19-1706] Not generating 'Synthesis' target for IP 'System_lmb_bram_0'. Target already exists and is up to date.
INFO: [BD 41-1029] Generation completed for the IP Integrator block microblaze_0_local_memory/lmb_bram .
INFO: [IP_Flow 19-1706] Not generating 'Synthesis' target for IP 'System_mdm_1_0'. Target already exists and is up to date.
INFO: [BD 41-1029] Generation completed for the IP Integrator block mdm_1 .
INFO: [IP_Flow 19-1706] Not generating 'Synthesis' target for IP 'System_clk_wiz_1_0'. Target already exists and is up to date.
INFO: [BD 41-1029] Generation completed for the IP Integrator block clk_wiz_1 .
INFO: [IP_Flow 19-1706] Not generating 'Synthesis' target for IP 'System_rst_clk_wiz_1_100M_0'. Target already exists and is up to date.
INFO: [BD 41-1029] Generation completed for the IP Integrator block rst_clk_wiz_1_100M .
INFO: [IP_Flow 19-1706] Not generating 'Synthesis' target for IP 'System_axi_uartlite_0_0'. Target already exists and is up to date.
INFO: [BD 41-1029] Generation completed for the IP Integrator block axi_uartlite_0 .
INFO: [IP_Flow 19-1706] Not generating 'Synthesis' target for IP 'System_axi_gpio_0_0'. Target already exists and is up to date.
INFO: [BD 41-1029] Generation completed for the IP Integrator block sw_8bit .
INFO: [IP_Flow 19-1706] Not generating 'Synthesis' target for IP 'System_axi_gpio_1_0'. Target already exists and is up to date.
INFO: [BD 41-1029] Generation completed for the IP Integrator block btns_5bit .
INFO: [IP_Flow 19-1686] Generating 'Synthesis' target for IP 'System_xbar_0'...
WARNING: [IP_Flow 19-1687] The current project language is set to VHDL. However IP 'System_xbar_0' does not support 'VHDL Synthesis' output products, delivering 'Verilog Synthesis' output products instead.
INFO: [IP_Flow 19-616] The current project language is set to Verilog. However the IP definition 'xilinx.com:ip:fifo_generator:12.0' does not support 'Verilog Synthesis' output products, delivering 'VHDL Synthesis' output products instead.
INFO: [IP_Flow 19-616] The current project language is set to Verilog. However the IP definition 'xilinx.com:ip:blk_mem_gen:8.2' does not support 'Verilog Synthesis' output products, delivering 'VHDL Synthesis' output products instead.
INFO: [BD 41-1029] Generation completed for the IP Integrator block microblaze_0_axi_periph/xbar .
INFO: [IP_Flow 19-1706] Not generating 'Synthesis' target for IP 'System_led_ip_0_0'. Target already exists and is up to date.
INFO: [BD 41-1029] Generation completed for the IP Integrator block led_ip_0 .
INFO: [IP_Flow 19-1686] Generating 'Synthesis' target for IP 'System_axi_timer_0_0'...
INFO: [BD 41-1029] Generation completed for the IP Integrator block axi_timer_0 .
INFO: [BD 41-1029] Generation completed for the IP Integrator block microblaze_0 .
INFO: [BD 41-1029] Generation completed for the IP Integrator block microblaze_0_local_memory/dlmb_v10 .
INFO: [BD 41-1029] Generation completed for the IP Integrator block microblaze_0_local_memory/ilmb_v10 .
INFO: [BD 41-1029] Generation completed for the IP Integrator block microblaze_0_local_memory/dlmb_bram_if_cntlr .
INFO: [BD 41-1029] Generation completed for the IP Integrator block microblaze_0_local_memory/ilmb_bram_if_cntlr .
INFO: [BD 41-1029] Generation completed for the IP Integrator block microblaze_0_local_memory/lmb_bram .
INFO: [BD 41-1029] Generation completed for the IP Integrator block mdm_1 .
INFO: [BD 41-1029] Generation completed for the IP Integrator block clk_wiz_1 .
INFO: [BD 41-1029] Generation completed for the IP Integrator block rst_clk_wiz_1_100M .
INFO: [BD 41-1029] Generation completed for the IP Integrator block axi_uartlite_0 .
INFO: [BD 41-1029] Generation completed for the IP Integrator block sw_8bit .
INFO: [BD 41-1029] Generation completed for the IP Integrator block btns_5bit .
INFO: [BD 41-1029] Generation completed for the IP Integrator block microblaze_0_axi_periph/xbar .
INFO: [BD 41-1029] Generation completed for the IP Integrator block led_ip_0 .
INFO: [BD 41-1029] Generation completed for the IP Integrator block axi_timer_0 .
INFO: [Memdata 28-152] Did  not create MIG processor data. E:/MicroBlaze_Lab3/MicroBlaze_Lab3.srcs/sources_1/bd/System/ip/System_microblaze_0_0/System_microblaze_0_0.xci
INFO: [Memdata 28-152] Did  not create MIG processor data. E:/MicroBlaze_Lab3/MicroBlaze_Lab3.srcs/sources_1/bd/System/ip/System_dlmb_v10_0/System_dlmb_v10_0.xci
INFO: [Memdata 28-152] Did  not create MIG processor data. E:/MicroBlaze_Lab3/MicroBlaze_Lab3.srcs/sources_1/bd/System/ip/System_ilmb_v10_0/System_ilmb_v10_0.xci
INFO: [Memdata 28-152] Did  not create MIG processor data. E:/MicroBlaze_Lab3/MicroBlaze_Lab3.srcs/sources_1/bd/System/ip/System_dlmb_bram_if_cntlr_0/System_dlmb_bram_if_cntlr_0.xci
INFO: [Memdata 28-152] Did  not create MIG processor data. E:/MicroBlaze_Lab3/MicroBlaze_Lab3.srcs/sources_1/bd/System/ip/System_ilmb_bram_if_cntlr_0/System_ilmb_bram_if_cntlr_0.xci
INFO: [Memdata 28-152] Did  not create MIG processor data. E:/MicroBlaze_Lab3/MicroBlaze_Lab3.srcs/sources_1/bd/System/ip/System_lmb_bram_0/System_lmb_bram_0.xci
INFO: [Memdata 28-152] Did  not create MIG processor data. E:/MicroBlaze_Lab3/MicroBlaze_Lab3.srcs/sources_1/bd/System/ip/System_mdm_1_0/System_mdm_1_0.xci
INFO: [Memdata 28-152] Did  not create MIG processor data. E:/MicroBlaze_Lab3/MicroBlaze_Lab3.srcs/sources_1/bd/System/ip/System_clk_wiz_1_0/System_clk_wiz_1_0.xci
INFO: [Memdata 28-152] Did  not create MIG processor data. E:/MicroBlaze_Lab3/MicroBlaze_Lab3.srcs/sources_1/bd/System/ip/System_rst_clk_wiz_1_100M_0/System_rst_clk_wiz_1_100M_0.xci
INFO: [Memdata 28-152] Did  not create MIG processor data. E:/MicroBlaze_Lab3/MicroBlaze_Lab3.srcs/sources_1/bd/System/ip/System_axi_uartlite_0_0/System_axi_uartlite_0_0.xci
INFO: [Memdata 28-152] Did  not create MIG processor data. E:/MicroBlaze_Lab3/MicroBlaze_Lab3.srcs/sources_1/bd/System/ip/System_microblaze_0_axi_periph_0/System_microblaze_0_axi_periph_0.xci
INFO: [Memdata 28-152] Did  not create MIG processor data. E:/MicroBlaze_Lab3/MicroBlaze_Lab3.srcs/sources_1/bd/System/ip/System_axi_gpio_0_0/System_axi_gpio_0_0.xci
INFO: [Memdata 28-152] Did  not create MIG processor data. E:/MicroBlaze_Lab3/MicroBlaze_Lab3.srcs/sources_1/bd/System/ip/System_axi_gpio_1_0/System_axi_gpio_1_0.xci
INFO: [Memdata 28-152] Did  not create MIG processor data. E:/MicroBlaze_Lab3/MicroBlaze_Lab3.srcs/sources_1/bd/System/ip/System_xbar_0/System_xbar_0.xci
INFO: [Memdata 28-152] Did  not create MIG processor data. E:/MicroBlaze_Lab3/MicroBlaze_Lab3.srcs/sources_1/bd/System/ip/System_led_ip_0_0/System_led_ip_0_0.xci
INFO: [Memdata 28-152] Did  not create MIG processor data. e:/MicroBlaze_Lab3/MicroBlaze_Lab3.srcs/sources_1/bd/System/ip/System_axi_timer_0_0/System_axi_timer_0_0.xci
INFO: [Memdata 28-152] Did  not create MIG processor data. E:/MicroBlaze_Lab3/MicroBlaze_Lab3.srcs/sources_1/bd/System/ip/System_microblaze_0_0/System_microblaze_0_0.xci
INFO: [Memdata 28-152] Did  not create MIG processor data. E:/MicroBlaze_Lab3/MicroBlaze_Lab3.srcs/sources_1/bd/System/ip/System_dlmb_v10_0/System_dlmb_v10_0.xci
INFO: [Memdata 28-152] Did  not create MIG processor data. E:/MicroBlaze_Lab3/MicroBlaze_Lab3.srcs/sources_1/bd/System/ip/System_ilmb_v10_0/System_ilmb_v10_0.xci
INFO: [Memdata 28-152] Did  not create MIG processor data. E:/MicroBlaze_Lab3/MicroBlaze_Lab3.srcs/sources_1/bd/System/ip/System_dlmb_bram_if_cntlr_0/System_dlmb_bram_if_cntlr_0.xci
INFO: [Memdata 28-152] Did  not create MIG processor data. E:/MicroBlaze_Lab3/MicroBlaze_Lab3.srcs/sources_1/bd/System/ip/System_ilmb_bram_if_cntlr_0/System_ilmb_bram_if_cntlr_0.xci
INFO: [Memdata 28-152] Did  not create MIG processor data. E:/MicroBlaze_Lab3/MicroBlaze_Lab3.srcs/sources_1/bd/System/ip/System_lmb_bram_0/System_lmb_bram_0.xci
INFO: [Memdata 28-152] Did  not create MIG processor data. E:/MicroBlaze_Lab3/MicroBlaze_Lab3.srcs/sources_1/bd/System/ip/System_mdm_1_0/System_mdm_1_0.xci
INFO: [Memdata 28-152] Did  not create MIG processor data. E:/MicroBlaze_Lab3/MicroBlaze_Lab3.srcs/sources_1/bd/System/ip/System_clk_wiz_1_0/System_clk_wiz_1_0.xci
INFO: [Memdata 28-152] Did  not create MIG processor data. E:/MicroBlaze_Lab3/MicroBlaze_Lab3.srcs/sources_1/bd/System/ip/System_rst_clk_wiz_1_100M_0/System_rst_clk_wiz_1_100M_0.xci
INFO: [Memdata 28-152] Did  not create MIG processor data. E:/MicroBlaze_Lab3/MicroBlaze_Lab3.srcs/sources_1/bd/System/ip/System_axi_uartlite_0_0/System_axi_uartlite_0_0.xci
INFO: [Memdata 28-152] Did  not create MIG processor data. E:/MicroBlaze_Lab3/MicroBlaze_Lab3.srcs/sources_1/bd/System/ip/System_microblaze_0_axi_periph_0/System_microblaze_0_axi_periph_0.xci
INFO: [Memdata 28-152] Did  not create MIG processor data. E:/MicroBlaze_Lab3/MicroBlaze_Lab3.srcs/sources_1/bd/System/ip/System_axi_gpio_0_0/System_axi_gpio_0_0.xci
INFO: [Memdata 28-152] Did  not create MIG processor data. E:/MicroBlaze_Lab3/MicroBlaze_Lab3.srcs/sources_1/bd/System/ip/System_axi_gpio_1_0/System_axi_gpio_1_0.xci
INFO: [Memdata 28-152] Did  not create MIG processor data. E:/MicroBlaze_Lab3/MicroBlaze_Lab3.srcs/sources_1/bd/System/ip/System_xbar_0/System_xbar_0.xci
INFO: [Memdata 28-152] Did  not create MIG processor data. E:/MicroBlaze_Lab3/MicroBlaze_Lab3.srcs/sources_1/bd/System/ip/System_led_ip_0_0/System_led_ip_0_0.xci
INFO: [Memdata 28-152] Did  not create MIG processor data. e:/MicroBlaze_Lab3/MicroBlaze_Lab3.srcs/sources_1/bd/System/ip/System_axi_timer_0_0/System_axi_timer_0_0.xci
[Tue May 15 17:16:13 2018] Launched synth_1...
Run output will be captured here: E:/MicroBlaze_Lab3/MicroBlaze_Lab3.runs/synth_1/runme.log
[Tue May 15 17:16:13 2018] Launched impl_1...
Run output will be captured here: E:/MicroBlaze_Lab3/MicroBlaze_Lab3.runs/impl_1/runme.log
launch_runs: Time (s): cpu = 00:00:09 ; elapsed = 00:00:09 . Memory (MB): peak = 1198.281 ; gain = 73.734
open_run impl_1
INFO: [Netlist 29-17] Analyzing 220 Unisim elements for replacement
INFO: [Netlist 29-28] Unisim Transformation completed in 0 CPU seconds
INFO: [Project 1-479] Netlist was created with Vivado 2014.2
Loading clock regions from C:/Xilinx/Vivado/2014.2/data\parts/xilinx/artix7/artix7/xc7a100t/ClockRegion.xml
Loading clock buffers from C:/Xilinx/Vivado/2014.2/data\parts/xilinx/artix7/artix7/xc7a100t/ClockBuffers.xml
Loading clock placement rules from C:/Xilinx/Vivado/2014.2/data/parts/xilinx/artix7/ClockPlacerRules.xml
Loading package pin functions from C:/Xilinx/Vivado/2014.2/data\parts/xilinx/artix7/PinFunctions.xml...
Loading package from C:/Xilinx/Vivado/2014.2/data\parts/xilinx/artix7/artix7/xc7a100t/csg324/Package.xml
Loading io standards from C:/Xilinx/Vivado/2014.2/data\./parts/xilinx/artix7/IOStandards.xml
Loading device configuration modes from C:/Xilinx/Vivado/2014.2/data\parts/xilinx/artix7/ConfigModes.xml
Parsing XDC File [e:/MicroBlaze_Lab3/.Xil/Vivado-5740-PCGENT12297/dcp/System_wrapper_early.xdc]
INFO: [Timing 38-35] Done setting XDC timing constraints. [E:/MicroBlaze_Lab3/MicroBlaze_Lab3.srcs/sources_1/bd/System/ip/System_mdm_1_0/System_mdm_1_0.xdc:50]
get_clocks: Time (s): cpu = 00:00:12 ; elapsed = 00:00:13 . Memory (MB): peak = 1829.930 ; gain = 417.672
INFO: [Timing 38-2] Deriving generated clocks [E:/MicroBlaze_Lab3/MicroBlaze_Lab3.srcs/sources_1/bd/System/ip/System_clk_wiz_1_0/System_clk_wiz_1_0.xdc:56]
Finished Parsing XDC File [e:/MicroBlaze_Lab3/.Xil/Vivado-5740-PCGENT12297/dcp/System_wrapper_early.xdc]
Parsing XDC File [e:/MicroBlaze_Lab3/.Xil/Vivado-5740-PCGENT12297/dcp/System_wrapper.xdc]
Finished Parsing XDC File [e:/MicroBlaze_Lab3/.Xil/Vivado-5740-PCGENT12297/dcp/System_wrapper.xdc]
Reading XDEF placement.
Reading XDEF routing.
Read XDEF File: Time (s): cpu = 00:00:00 ; elapsed = 00:00:00.415 . Memory (MB): peak = 1829.930 ; gain = 0.000
Restoring placement.
Restored 865 out of 865 XDEF sites from archive | CPU: 1.000000 secs | Memory: 0.000000 MB |
INFO: [Opt 31-138] Pushed 0 inverter(s) to 0 load pin(s).
INFO: [Memdata 28-152] Did  not create MIG processor data. E:/MicroBlaze_Lab3/MicroBlaze_Lab3.srcs/sources_1/bd/System/ip/System_microblaze_0_0/System_microblaze_0_0.xci
INFO: [Memdata 28-152] Did  not create MIG processor data. E:/MicroBlaze_Lab3/MicroBlaze_Lab3.srcs/sources_1/bd/System/ip/System_dlmb_v10_0/System_dlmb_v10_0.xci
INFO: [Memdata 28-152] Did  not create MIG processor data. E:/MicroBlaze_Lab3/MicroBlaze_Lab3.srcs/sources_1/bd/System/ip/System_ilmb_v10_0/System_ilmb_v10_0.xci
INFO: [Memdata 28-152] Did  not create MIG processor data. E:/MicroBlaze_Lab3/MicroBlaze_Lab3.srcs/sources_1/bd/System/ip/System_dlmb_bram_if_cntlr_0/System_dlmb_bram_if_cntlr_0.xci
INFO: [Memdata 28-152] Did  not create MIG processor data. E:/MicroBlaze_Lab3/MicroBlaze_Lab3.srcs/sources_1/bd/System/ip/System_ilmb_bram_if_cntlr_0/System_ilmb_bram_if_cntlr_0.xci
INFO: [Memdata 28-152] Did  not create MIG processor data. E:/MicroBlaze_Lab3/MicroBlaze_Lab3.srcs/sources_1/bd/System/ip/System_lmb_bram_0/System_lmb_bram_0.xci
INFO: [Memdata 28-152] Did  not create MIG processor data. E:/MicroBlaze_Lab3/MicroBlaze_Lab3.srcs/sources_1/bd/System/ip/System_mdm_1_0/System_mdm_1_0.xci
INFO: [Memdata 28-152] Did  not create MIG processor data. E:/MicroBlaze_Lab3/MicroBlaze_Lab3.srcs/sources_1/bd/System/ip/System_clk_wiz_1_0/System_clk_wiz_1_0.xci
INFO: [Memdata 28-152] Did  not create MIG processor data. E:/MicroBlaze_Lab3/MicroBlaze_Lab3.srcs/sources_1/bd/System/ip/System_rst_clk_wiz_1_100M_0/System_rst_clk_wiz_1_100M_0.xci
INFO: [Memdata 28-152] Did  not create MIG processor data. E:/MicroBlaze_Lab3/MicroBlaze_Lab3.srcs/sources_1/bd/System/ip/System_axi_uartlite_0_0/System_axi_uartlite_0_0.xci
INFO: [Memdata 28-152] Did  not create MIG processor data. E:/MicroBlaze_Lab3/MicroBlaze_Lab3.srcs/sources_1/bd/System/ip/System_microblaze_0_axi_periph_0/System_microblaze_0_axi_periph_0.xci
INFO: [Memdata 28-152] Did  not create MIG processor data. E:/MicroBlaze_Lab3/MicroBlaze_Lab3.srcs/sources_1/bd/System/ip/System_axi_gpio_0_0/System_axi_gpio_0_0.xci
INFO: [Memdata 28-152] Did  not create MIG processor data. E:/MicroBlaze_Lab3/MicroBlaze_Lab3.srcs/sources_1/bd/System/ip/System_axi_gpio_1_0/System_axi_gpio_1_0.xci
INFO: [Memdata 28-152] Did  not create MIG processor data. E:/MicroBlaze_Lab3/MicroBlaze_Lab3.srcs/sources_1/bd/System/ip/System_xbar_0/System_xbar_0.xci
INFO: [Memdata 28-152] Did  not create MIG processor data. E:/MicroBlaze_Lab3/MicroBlaze_Lab3.srcs/sources_1/bd/System/ip/System_led_ip_0_0/System_led_ip_0_0.xci
INFO: [Memdata 28-152] Did  not create MIG processor data. e:/MicroBlaze_Lab3/MicroBlaze_Lab3.srcs/sources_1/bd/System/ip/System_axi_timer_0_0/System_axi_timer_0_0.xci
INFO: [Memdata 28-152] Did  not create MIG processor data. E:/MicroBlaze_Lab3/MicroBlaze_Lab3.srcs/sources_1/bd/System/ip/System_microblaze_0_0/System_microblaze_0_0.xci
INFO: [Memdata 28-152] Did  not create MIG processor data. E:/MicroBlaze_Lab3/MicroBlaze_Lab3.srcs/sources_1/bd/System/ip/System_dlmb_v10_0/System_dlmb_v10_0.xci
INFO: [Memdata 28-152] Did  not create MIG processor data. E:/MicroBlaze_Lab3/MicroBlaze_Lab3.srcs/sources_1/bd/System/ip/System_ilmb_v10_0/System_ilmb_v10_0.xci
INFO: [Memdata 28-152] Did  not create MIG processor data. E:/MicroBlaze_Lab3/MicroBlaze_Lab3.srcs/sources_1/bd/System/ip/System_dlmb_bram_if_cntlr_0/System_dlmb_bram_if_cntlr_0.xci
INFO: [Memdata 28-152] Did  not create MIG processor data. E:/MicroBlaze_Lab3/MicroBlaze_Lab3.srcs/sources_1/bd/System/ip/System_ilmb_bram_if_cntlr_0/System_ilmb_bram_if_cntlr_0.xci
INFO: [Memdata 28-152] Did  not create MIG processor data. E:/MicroBlaze_Lab3/MicroBlaze_Lab3.srcs/sources_1/bd/System/ip/System_lmb_bram_0/System_lmb_bram_0.xci
INFO: [Memdata 28-152] Did  not create MIG processor data. E:/MicroBlaze_Lab3/MicroBlaze_Lab3.srcs/sources_1/bd/System/ip/System_mdm_1_0/System_mdm_1_0.xci
INFO: [Memdata 28-152] Did  not create MIG processor data. E:/MicroBlaze_Lab3/MicroBlaze_Lab3.srcs/sources_1/bd/System/ip/System_clk_wiz_1_0/System_clk_wiz_1_0.xci
INFO: [Memdata 28-152] Did  not create MIG processor data. E:/MicroBlaze_Lab3/MicroBlaze_Lab3.srcs/sources_1/bd/System/ip/System_rst_clk_wiz_1_100M_0/System_rst_clk_wiz_1_100M_0.xci
INFO: [Memdata 28-152] Did  not create MIG processor data. E:/MicroBlaze_Lab3/MicroBlaze_Lab3.srcs/sources_1/bd/System/ip/System_axi_uartlite_0_0/System_axi_uartlite_0_0.xci
INFO: [Memdata 28-152] Did  not create MIG processor data. E:/MicroBlaze_Lab3/MicroBlaze_Lab3.srcs/sources_1/bd/System/ip/System_microblaze_0_axi_periph_0/System_microblaze_0_axi_periph_0.xci
INFO: [Memdata 28-152] Did  not create MIG processor data. E:/MicroBlaze_Lab3/MicroBlaze_Lab3.srcs/sources_1/bd/System/ip/System_axi_gpio_0_0/System_axi_gpio_0_0.xci
INFO: [Memdata 28-152] Did  not create MIG processor data. E:/MicroBlaze_Lab3/MicroBlaze_Lab3.srcs/sources_1/bd/System/ip/System_axi_gpio_1_0/System_axi_gpio_1_0.xci
INFO: [Memdata 28-152] Did  not create MIG processor data. E:/MicroBlaze_Lab3/MicroBlaze_Lab3.srcs/sources_1/bd/System/ip/System_xbar_0/System_xbar_0.xci
INFO: [Memdata 28-152] Did  not create MIG processor data. E:/MicroBlaze_Lab3/MicroBlaze_Lab3.srcs/sources_1/bd/System/ip/System_led_ip_0_0/System_led_ip_0_0.xci
INFO: [Memdata 28-152] Did  not create MIG processor data. e:/MicroBlaze_Lab3/MicroBlaze_Lab3.srcs/sources_1/bd/System/ip/System_axi_timer_0_0/System_axi_timer_0_0.xci
Generating merged BMM file for the design top 'System_wrapper'...
INFO: [Memdata 28-144] Successfully populated the BRAM INIT strings from the following elf files: e:/MicroBlaze_Lab3/MicroBlaze_Lab3.srcs/sources_1/ipshared/xilinx.com/microblaze_v9_3/62751c34/data/mb_bootloop_le.elf 
INFO: [Project 1-111] Unisim Transformation Summary:
  A total of 95 instances were transformed.
  LUT6_2 => LUT6_2 (LUT5, LUT6): 79 instances
  RAM32M => RAM32M (RAMD32, RAMD32, RAMD32, RAMD32, RAMD32, RAMD32, RAMS32, RAMS32): 16 instances

open_run: Time (s): cpu = 00:00:30 ; elapsed = 00:00:23 . Memory (MB): peak = 1973.633 ; gain = 747.012
open_bd_design {E:/MicroBlaze_Lab3/MicroBlaze_Lab3.srcs/sources_1/bd/System/System.bd}
file mkdir E:/MicroBlaze_Lab3/MicroBlaze_Lab3.sdk
file copy -force E:/MicroBlaze_Lab3/MicroBlaze_Lab3.runs/impl_1/System_wrapper.sysdef E:/MicroBlaze_Lab3/MicroBlaze_Lab3.sdk/System_wrapper.hdf

launch_sdk -workspace E:/MicroBlaze_Lab3/MicroBlaze_Lab3.sdk -hwspec E:/MicroBlaze_Lab3/MicroBlaze_Lab3.sdk/System_wrapper.hdf
INFO: [Vivado 12-393] Launching SDK...
INFO: [Vivado 12-417] Running xsdk -workspace E:/MicroBlaze_Lab3/MicroBlaze_Lab3.sdk -hwspec E:/MicroBlaze_Lab3/MicroBlaze_Lab3.sdk/System_wrapper.hdf
INFO: [Vivado 12-3157] SDK launch initiated. Please check console for any further messages.
exit
INFO: [Common 17-206] Exiting Vivado at Tue May 15 17:53:43 2018...
