#-----------------------------------------------------------
# Vivado v2018.1 (64-bit)
# SW Build 2188600 on Wed Apr  4 18:40:38 MDT 2018
# IP Build 2185939 on Wed Apr  4 20:55:05 MDT 2018
# Start of session at: Fri May 25 10:53:06 2018
# Process ID: 620
# Current directory: C:/Users/basile.berckmoes/Documents/GitHub/EmbeddedProcessing/Labo5/lab5/MicroBlaze_Lab3
# Command line: vivado.exe -gui_launcher_event rodinguilauncherevent10040 C:\Users\basile.berckmoes\Documents\GitHub\EmbeddedProcessing\Labo5\lab5\MicroBlaze_Lab3\MicroBlaze_Lab3.xpr
# Log file: C:/Users/basile.berckmoes/Documents/GitHub/EmbeddedProcessing/Labo5/lab5/MicroBlaze_Lab3/vivado.log
# Journal file: C:/Users/basile.berckmoes/Documents/GitHub/EmbeddedProcessing/Labo5/lab5/MicroBlaze_Lab3\vivado.jou
#-----------------------------------------------------------
start_gui
open_project C:/Users/basile.berckmoes/Documents/GitHub/EmbeddedProcessing/Labo5/lab5/MicroBlaze_Lab3/MicroBlaze_Lab3.xpr
INFO: [ProjectBase 1-489] The host OS only allows 260 characters in a normal path. The project is stored in a path with more than 80 characters. If you experience issues with IP, Block Designs, or files not being found, please consider moving the project to a location with a shorter path. Alternately consider using the OS subst command to map part of the path to a drive letter.
Current project path is 'C:/Users/basile.berckmoes/Documents/GitHub/EmbeddedProcessing/Labo5/lab5/MicroBlaze_Lab3'
INFO: [Project 1-313] Project file moved from 'C:/Users/BasileBerckmoes/Documents/GitHub/EmbeddedProcessing/Labo5/lab5/MicroBlaze_Lab3' since last save.
Scanning sources...
Finished scanning sources
INFO: [IP_Flow 19-234] Refreshing IP repositories
INFO: [IP_Flow 19-1700] Loaded user IP repository 'c:/Users/basile.berckmoes/Documents/GitHub/EmbeddedProcessing/Labo5/lab5/labo3/labo3/ip_repo/led_ip_1.0'.
INFO: [IP_Flow 19-2313] Loaded Vivado IP repository 'C:/Xilinx/Vivado/2018.1/data/ip'.
open_project: Time (s): cpu = 00:00:22 ; elapsed = 00:00:14 . Memory (MB): peak = 840.527 ; gain = 103.109
update_compile_order -fileset sources_1
launch_sdk -workspace C:/Users/basile.berckmoes/Documents/GitHub/EmbeddedProcessing/Labo5/lab5/MicroBlaze_Lab3/MicroBlaze_Lab3.sdk -hwspec C:/Users/basile.berckmoes/Documents/GitHub/EmbeddedProcessing/Labo5/lab5/MicroBlaze_Lab3/MicroBlaze_Lab3.sdk/System_wrapper.hdf
INFO: [Vivado 12-393] Launching SDK...
INFO: [Vivado 12-417] Running xsdk -workspace C:/Users/basile.berckmoes/Documents/GitHub/EmbeddedProcessing/Labo5/lab5/MicroBlaze_Lab3/MicroBlaze_Lab3.sdk -hwspec C:/Users/basile.berckmoes/Documents/GitHub/EmbeddedProcessing/Labo5/lab5/MicroBlaze_Lab3/MicroBlaze_Lab3.sdk/System_wrapper.hdf
INFO: [Vivado 12-3157] SDK launch initiated. Please check console for any further messages.
exit
INFO: [Common 17-206] Exiting Vivado at Fri May 25 11:36:32 2018...
